#
# There is insufficient memory for the Java Runtime Environment to continue.
# Native memory allocation (malloc) failed to allocate 829296 bytes for Chunk::new
# Possible reasons:
#   The system is out of physical RAM or swap space
#   The process is running with CompressedOops enabled, and the Java Heap may be blocking the growth of the native heap
# Possible solutions:
#   Reduce memory load on the system
#   Increase physical memory or swap space
#   Check if swap backing store is full
#   Decrease Java heap size (-Xmx/-Xms)
#   Decrease number of Java threads
#   Decrease Java thread stack sizes (-Xss)
#   Set larger code cache with -XX:ReservedCodeCacheSize=
#   JVM is running with Unscaled Compressed Oops mode in which the Java heap is
#     placed in the first 4GB address space. The Java Heap base address is the
#     maximum limit for the native heap growth. Please use -XX:HeapBaseMinAddress
#     to set the Java Heap base and to place the Java Heap above 4GB virtual address.
# This output file may be truncated or incomplete.
#
#  Out of Memory Error (./src/hotspot/share/memory/arena.cpp:197), pid=12480, tid=11544
#
# JRE version: OpenJDK Runtime Environment (11.0.13) (build 11.0.13+0-b1751.21-8125866)
# Java VM: OpenJDK 64-Bit Server VM (11.0.13+0-b1751.21-8125866, mixed mode, tiered, compressed oops, g1 gc, windows-amd64)
# No core dump will be written. Minidumps are not enabled by default on client versions of Windows
#

---------------  S U M M A R Y ------------

Command Line: --add-opens=java.base/java.util=ALL-UNNAMED --add-opens=java.base/java.lang=ALL-UNNAMED --add-opens=java.base/java.lang.invoke=ALL-UNNAMED --add-opens=java.base/java.util=ALL-UNNAMED --add-opens=java.prefs/java.util.prefs=ALL-UNNAMED --add-opens=java.prefs/java.util.prefs=ALL-UNNAMED --add-opens=java.base/java.nio.charset=ALL-UNNAMED --add-opens=java.base/java.net=ALL-UNNAMED --add-opens=java.base/java.util.concurrent.atomic=ALL-UNNAMED -Xmx2048m -Dfile.encoding=UTF-8 -Duser.country=IN -Duser.language=en -Duser.variant org.gradle.launcher.daemon.bootstrap.GradleDaemon 7.4

Host: Intel(R) Core(TM) i5-8250U CPU @ 1.60GHz, 8 cores, 7G,  Windows 11 , 64 bit Build 22621 (10.0.22621.891)
Time: Sun Nov 27 18:05:13 2022 India Standard Time elapsed time: 8.053881 seconds (0d 0h 0m 8s)

---------------  T H R E A D  ---------------

Current thread (0x000001d8aed21800):  JavaThread "C2 CompilerThread0" daemon [_thread_in_native, id=11544, stack(0x00000074ce200000,0x00000074ce300000)]


Current CompileTask:
C2:   8053 3430 %     4       jdk.internal.loader.URLClassPath::getResource @ 39 (74 bytes)

Stack: [0x00000074ce200000,0x00000074ce300000]
Native frames: (J=compiled Java code, j=interpreted, Vv=VM code, C=native code)
V  [jvm.dll+0x6100fa]
V  [jvm.dll+0x747090]
V  [jvm.dll+0x7486ad]
V  [jvm.dll+0x748d83]
V  [jvm.dll+0x24ab48]
V  [jvm.dll+0xc04dc]
V  [jvm.dll+0xc0a0c]
V  [jvm.dll+0x35eb9d]
V  [jvm.dll+0x19d9bc]
V  [jvm.dll+0x2033be]
V  [jvm.dll+0x202437]
V  [jvm.dll+0x188e01]
V  [jvm.dll+0x21106b]
V  [jvm.dll+0x20f8c1]
V  [jvm.dll+0x70de0f]
V  [jvm.dll+0x706a75]
V  [jvm.dll+0x60ed66]
C  [ucrtbase.dll+0x29363]
C  [KERNEL32.DLL+0x1244d]
C  [ntdll.dll+0x5dfb8]


---------------  P R O C E S S  ---------------

Threads class SMR info:
_java_thread_list=0x000001d8b222aa80, length=40, elements={
0x000001d893f0b000, 0x000001d8ae39e800, 0x000001d8ae3a0800, 0x000001d8aed13800,
0x000001d8aed14800, 0x000001d8aed17800, 0x000001d8aed21800, 0x000001d8ae3c1800,
0x000001d8ae3c6000, 0x000001d8aee8b000, 0x000001d8aee88000, 0x000001d8aee8a800,
0x000001d8aee8e800, 0x000001d8aee8c000, 0x000001d8aee89000, 0x000001d8aee8d000,
0x000001d8b1fba800, 0x000001d8aee89800, 0x000001d8aee8d800, 0x000001d8b07dd800,
0x000001d8b07db000, 0x000001d8b07dc000, 0x000001d8b07dc800, 0x000001d8b07d9800,
0x000001d8b07de000, 0x000001d8b07d8800, 0x000001d8b07da000, 0x000001d8b07e3000,
0x000001d8b07e1800, 0x000001d8b07e0800, 0x000001d8b07e2800, 0x000001d8b07e4000,
0x000001d8b07e5000, 0x000001d8b07df000, 0x000001d8b07e5800, 0x000001d8b07e0000,
0x000001d8b07e6800, 0x000001d8b07e7000, 0x000001d8b1784800, 0x000001d8b177e800
}

Java Threads: ( => current thread )
  0x000001d893f0b000 JavaThread "main" [_thread_blocked, id=4508, stack(0x00000074cd600000,0x00000074cd700000)]
  0x000001d8ae39e800 JavaThread "Reference Handler" daemon [_thread_blocked, id=11132, stack(0x00000074cdd00000,0x00000074cde00000)]
  0x000001d8ae3a0800 JavaThread "Finalizer" daemon [_thread_blocked, id=8548, stack(0x00000074cde00000,0x00000074cdf00000)]
  0x000001d8aed13800 JavaThread "Signal Dispatcher" daemon [_thread_blocked, id=10736, stack(0x00000074cdf00000,0x00000074ce000000)]
  0x000001d8aed14800 JavaThread "Attach Listener" daemon [_thread_blocked, id=4260, stack(0x00000074ce000000,0x00000074ce100000)]
  0x000001d8aed17800 JavaThread "Service Thread" daemon [_thread_blocked, id=1016, stack(0x00000074ce100000,0x00000074ce200000)]
=>0x000001d8aed21800 JavaThread "C2 CompilerThread0" daemon [_thread_in_native, id=11544, stack(0x00000074ce200000,0x00000074ce300000)]
  0x000001d8ae3c1800 JavaThread "C1 CompilerThread0" daemon [_thread_blocked, id=11444, stack(0x00000074ce300000,0x00000074ce400000)]
  0x000001d8ae3c6000 JavaThread "Sweeper thread" daemon [_thread_blocked, id=12988, stack(0x00000074ce400000,0x00000074ce500000)]
  0x000001d8aee8b000 JavaThread "Common-Cleaner" daemon [_thread_blocked, id=13992, stack(0x00000074ce500000,0x00000074ce600000)]
  0x000001d8aee88000 JavaThread "Daemon health stats" [_thread_blocked, id=4380, stack(0x00000074cea00000,0x00000074ceb00000)]
  0x000001d8aee8a800 JavaThread "Incoming local TCP Connector on port 58666" [_thread_in_native, id=16076, stack(0x00000074ce700000,0x00000074ce800000)]
  0x000001d8aee8e800 JavaThread "Daemon periodic checks" [_thread_blocked, id=15756, stack(0x00000074ceb00000,0x00000074cec00000)]
  0x000001d8aee8c000 JavaThread "Daemon" [_thread_blocked, id=8680, stack(0x00000074cec00000,0x00000074ced00000)]
  0x000001d8aee89000 JavaThread "Handler for socket connection from /127.0.0.1:58666 to /127.0.0.1:58667" [_thread_in_native, id=16328, stack(0x00000074ced00000,0x00000074cee00000)]
  0x000001d8aee8d000 JavaThread "Cancel handler" [_thread_blocked, id=12300, stack(0x00000074cee00000,0x00000074cef00000)]
  0x000001d8b1fba800 JavaThread "C2 CompilerThread1" daemon [_thread_in_native, id=7828, stack(0x00000074cef00000,0x00000074cf000000)]
  0x000001d8aee89800 JavaThread "Daemon worker" [_thread_in_vm, id=9060, stack(0x00000074cf000000,0x00000074cf100000)]
  0x000001d8aee8d800 JavaThread "Asynchronous log dispatcher for DefaultDaemonConnection: socket connection from /127.0.0.1:58666 to /127.0.0.1:58667" [_thread_blocked, id=11968, stack(0x00000074cf100000,0x00000074cf200000)]
  0x000001d8b07dd800 JavaThread "Stdin handler" [_thread_blocked, id=9084, stack(0x00000074cf200000,0x00000074cf300000)]
  0x000001d8b07db000 JavaThread "Daemon client event forwarder" [_thread_blocked, id=15592, stack(0x00000074cf300000,0x00000074cf400000)]
  0x000001d8b07dc000 JavaThread "Cache worker for journal cache (C:\Users\parma\.gradle\caches\journal-1)" [_thread_blocked, id=12764, stack(0x00000074cf900000,0x00000074cfa00000)]
  0x000001d8b07dc800 JavaThread "File lock request listener" [_thread_in_native, id=9016, stack(0x00000074cfa00000,0x00000074cfb00000)]
  0x000001d8b07d9800 JavaThread "Cache worker for file hash cache (C:\Users\parma\.gradle\caches\7.4\fileHashes)" [_thread_blocked, id=11528, stack(0x00000074cfc00000,0x00000074cfd00000)]
  0x000001d8b07de000 JavaThread "File watcher server" daemon [_thread_in_native, id=13640, stack(0x00000074cfd00000,0x00000074cfe00000)]
  0x000001d8b07d8800 JavaThread "File watcher consumer" daemon [_thread_blocked, id=13840, stack(0x00000074cfe00000,0x00000074cff00000)]
  0x000001d8b07da000 JavaThread "jar transforms" [_thread_blocked, id=5884, stack(0x00000074cff00000,0x00000074d0000000)]
  0x000001d8b07e3000 JavaThread "jar transforms Thread 2" [_thread_blocked, id=6572, stack(0x00000074d0000000,0x00000074d0100000)]
  0x000001d8b07e1800 JavaThread "jar transforms Thread 3" [_thread_blocked, id=15440, stack(0x00000074d0100000,0x00000074d0200000)]
  0x000001d8b07e0800 JavaThread "jar transforms Thread 4" [_thread_blocked, id=4152, stack(0x00000074d0200000,0x00000074d0300000)]
  0x000001d8b07e2800 JavaThread "jar transforms Thread 5" [_thread_blocked, id=14996, stack(0x00000074d0300000,0x00000074d0400000)]
  0x000001d8b07e4000 JavaThread "jar transforms Thread 6" [_thread_blocked, id=15704, stack(0x00000074d0400000,0x00000074d0500000)]
  0x000001d8b07e5000 JavaThread "jar transforms Thread 7" [_thread_blocked, id=2676, stack(0x00000074d0500000,0x00000074d0600000)]
  0x000001d8b07df000 JavaThread "jar transforms Thread 8" [_thread_blocked, id=5836, stack(0x00000074d0600000,0x00000074d0700000)]
  0x000001d8b07e5800 JavaThread "Cache worker for checksums cache (D:\Downloads\TabFragments-master\ClockApp\.gradle\7.4\checksums)" [_thread_blocked, id=10056, stack(0x00000074d0700000,0x00000074d0800000)]
  0x000001d8b07e0000 JavaThread "Cache worker for cache directory md-rule (C:\Users\parma\.gradle\caches\7.4\md-rule)" [_thread_blocked, id=14188, stack(0x00000074d0800000,0x00000074d0900000)]
  0x000001d8b07e6800 JavaThread "Cache worker for file hash cache (D:\Downloads\TabFragments-master\ClockApp\.gradle\7.4\fileHashes)" [_thread_blocked, id=12440, stack(0x00000074d0900000,0x00000074d0a00000)]
  0x000001d8b07e7000 JavaThread "Cache worker for cache directory md-supplier (C:\Users\parma\.gradle\caches\7.4\md-supplier)" [_thread_blocked, id=5312, stack(0x00000074d0a00000,0x00000074d0b00000)]
  0x000001d8b1784800 JavaThread "Cache worker for execution history cache (C:\Users\parma\.gradle\caches\7.4\executionHistory)" [_thread_blocked, id=15720, stack(0x00000074d0b00000,0x00000074d0c00000)]
  0x000001d8b177e800 JavaThread "File lock release action executor" [_thread_blocked, id=15920, stack(0x00000074d0c00000,0x00000074d0d00000)]

Other Threads:
  0x000001d8ae39a000 VMThread "VM Thread" [stack: 0x00000074cdc00000,0x00000074cdd00000] [id=13188]
  0x000001d8aee9c800 WatcherThread [stack: 0x00000074ce600000,0x00000074ce700000] [id=9464]
  0x000001d893f22800 GCTaskThread "GC Thread#0" [stack: 0x00000074cd700000,0x00000074cd800000] [id=2796]
  0x000001d8afa86000 GCTaskThread "GC Thread#1" [stack: 0x00000074ce800000,0x00000074ce900000] [id=2840]
  0x000001d8af9d6000 GCTaskThread "GC Thread#2" [stack: 0x00000074ce900000,0x00000074cea00000] [id=6716]
  0x000001d8b0ea3800 GCTaskThread "GC Thread#3" [stack: 0x00000074cf400000,0x00000074cf500000] [id=11084]
  0x000001d8afc1d000 GCTaskThread "GC Thread#4" [stack: 0x00000074cf500000,0x00000074cf600000] [id=14280]
  0x000001d8b0402800 GCTaskThread "GC Thread#5" [stack: 0x00000074cf600000,0x00000074cf700000] [id=11980]
  0x000001d8b00e3800 GCTaskThread "GC Thread#6" [stack: 0x00000074cf700000,0x00000074cf800000] [id=13700]
  0x000001d8b06ea800 GCTaskThread "GC Thread#7" [stack: 0x00000074cf800000,0x00000074cf900000] [id=13668]
  0x000001d893f54000 ConcurrentGCThread "G1 Main Marker" [stack: 0x00000074cd800000,0x00000074cd900000] [id=13852]
  0x000001d893f56000 ConcurrentGCThread "G1 Conc#0" [stack: 0x00000074cd900000,0x00000074cda00000] [id=11632]
  0x000001d8b1121000 ConcurrentGCThread "G1 Conc#1" [stack: 0x00000074cfb00000,0x00000074cfc00000] [id=2300]
  0x000001d8ae1f0800 ConcurrentGCThread "G1 Refine#0" [stack: 0x00000074cda00000,0x00000074cdb00000] [id=14472]
  0x000001d893fda000 ConcurrentGCThread "G1 Young RemSet Sampling" [stack: 0x00000074cdb00000,0x00000074cdc00000] [id=6452]

Threads with active compile tasks:
C2 CompilerThread0   8101 3430 %     4       jdk.internal.loader.URLClassPath::getResource @ 39 (74 bytes)
C2 CompilerThread1   8101 3429   !   4       jdk.internal.loader.URLClassPath$JarLoader::getResource (353 bytes)

VM state:not at safepoint (normal execution)

VM Mutex/Monitor currently owned by a thread: None

Heap address: 0x0000000080000000, size: 2048 MB, Compressed Oops mode: 32-bit
Narrow klass base: 0x0000000000000000, Narrow klass shift: 3
Compressed class space size: 1073741824 Address: 0x0000000100000000

Heap:
 garbage-first heap   total 131072K, used 83065K [0x0000000080000000, 0x0000000100000000)
  region size 1024K, 39 young (39936K), 2 survivors (2048K)
 Metaspace       used 39412K, capacity 40538K, committed 40576K, reserved 1085440K
  class space    used 5076K, capacity 5483K, committed 5504K, reserved 1048576K
Heap Regions: E=young(eden), S=young(survivor), O=old, HS=humongous(starts), HC=humongous(continues), CS=collection set, F=free, A=archive, TAMS=top-at-mark-start (previous, next)
|   0|0x0000000080000000, 0x0000000080100000, 0x0000000080100000|100%| O|  |TAMS 0x0000000080100000, 0x0000000080000000| Untracked 
|   1|0x0000000080100000, 0x0000000080200000, 0x0000000080200000|100%| O|  |TAMS 0x0000000080200000, 0x0000000080100000| Untracked 
|   2|0x0000000080200000, 0x0000000080300000, 0x0000000080300000|100%| O|  |TAMS 0x0000000080300000, 0x0000000080200000| Untracked 
|   3|0x0000000080300000, 0x0000000080400000, 0x0000000080400000|100%|HS|  |TAMS 0x0000000080400000, 0x0000000080300000| Complete 
|   4|0x0000000080400000, 0x0000000080500000, 0x0000000080500000|100%|HC|  |TAMS 0x0000000080500000, 0x0000000080400000| Complete 
|   5|0x0000000080500000, 0x0000000080600000, 0x0000000080600000|100%|HC|  |TAMS 0x0000000080600000, 0x0000000080500000| Complete 
|   6|0x0000000080600000, 0x0000000080700000, 0x0000000080700000|100%| O|  |TAMS 0x0000000080700000, 0x0000000080600000| Untracked 
|   7|0x0000000080700000, 0x0000000080800000, 0x0000000080800000|100%| O|  |TAMS 0x0000000080800000, 0x0000000080700000| Untracked 
|   8|0x0000000080800000, 0x0000000080900000, 0x0000000080900000|100%| O|  |TAMS 0x0000000080900000, 0x0000000080800000| Untracked 
|   9|0x0000000080900000, 0x0000000080a00000, 0x0000000080a00000|100%| O|  |TAMS 0x0000000080a00000, 0x0000000080900000| Untracked 
|  10|0x0000000080a00000, 0x0000000080b00000, 0x0000000080b00000|100%| O|  |TAMS 0x0000000080b00000, 0x0000000080a00000| Untracked 
|  11|0x0000000080b00000, 0x0000000080c00000, 0x0000000080c00000|100%| O|  |TAMS 0x0000000080c00000, 0x0000000080b00000| Untracked 
|  12|0x0000000080c00000, 0x0000000080d00000, 0x0000000080d00000|100%| O|  |TAMS 0x0000000080d00000, 0x0000000080c00000| Untracked 
|  13|0x0000000080d00000, 0x0000000080e00000, 0x0000000080e00000|100%| O|  |TAMS 0x0000000080e00000, 0x0000000080d00000| Untracked 
|  14|0x0000000080e00000, 0x0000000080f00000, 0x0000000080f00000|100%| O|  |TAMS 0x0000000080f00000, 0x0000000080e00000| Untracked 
|  15|0x0000000080f00000, 0x0000000081000000, 0x0000000081000000|100%| O|  |TAMS 0x0000000081000000, 0x0000000080f00000| Untracked 
|  16|0x0000000081000000, 0x0000000081100000, 0x0000000081100000|100%| O|  |TAMS 0x0000000081100000, 0x0000000081000000| Untracked 
|  17|0x0000000081100000, 0x0000000081200000, 0x0000000081200000|100%|HS|  |TAMS 0x0000000081200000, 0x0000000081100000| Complete 
|  18|0x0000000081200000, 0x0000000081300000, 0x0000000081300000|100%|HC|  |TAMS 0x0000000081300000, 0x0000000081200000| Complete 
|  19|0x0000000081300000, 0x0000000081400000, 0x0000000081400000|100%|HS|  |TAMS 0x0000000081400000, 0x0000000081300000| Complete 
|  20|0x0000000081400000, 0x0000000081500000, 0x0000000081500000|100%|HC|  |TAMS 0x0000000081500000, 0x0000000081400000| Complete 
|  21|0x0000000081500000, 0x0000000081600000, 0x0000000081600000|100%|HC|  |TAMS 0x0000000081600000, 0x0000000081500000| Complete 
|  22|0x0000000081600000, 0x0000000081700000, 0x0000000081700000|100%|HS|  |TAMS 0x0000000081700000, 0x0000000081600000| Complete 
|  23|0x0000000081700000, 0x0000000081800000, 0x0000000081800000|100%|HC|  |TAMS 0x0000000081800000, 0x0000000081700000| Complete 
|  24|0x0000000081800000, 0x0000000081900000, 0x0000000081900000|100%|HC|  |TAMS 0x0000000081900000, 0x0000000081800000| Complete 
|  25|0x0000000081900000, 0x0000000081a00000, 0x0000000081a00000|100%|HS|  |TAMS 0x0000000081a00000, 0x0000000081900000| Complete 
|  26|0x0000000081a00000, 0x0000000081b00000, 0x0000000081b00000|100%|HC|  |TAMS 0x0000000081b00000, 0x0000000081a00000| Complete 
|  27|0x0000000081b00000, 0x0000000081c00000, 0x0000000081c00000|100%|HC|  |TAMS 0x0000000081c00000, 0x0000000081b00000| Complete 
|  28|0x0000000081c00000, 0x0000000081d00000, 0x0000000081d00000|100%|HC|  |TAMS 0x0000000081d00000, 0x0000000081c00000| Complete 
|  29|0x0000000081d00000, 0x0000000081e00000, 0x0000000081e00000|100%|HS|  |TAMS 0x0000000081e00000, 0x0000000081d00000| Complete 
|  30|0x0000000081e00000, 0x0000000081f00000, 0x0000000081f00000|100%|HC|  |TAMS 0x0000000081f00000, 0x0000000081e00000| Complete 
|  31|0x0000000081f00000, 0x0000000082000000, 0x0000000082000000|100%|HC|  |TAMS 0x0000000082000000, 0x0000000081f00000| Complete 
|  32|0x0000000082000000, 0x0000000082100000, 0x0000000082100000|100%|HC|  |TAMS 0x0000000082100000, 0x0000000082000000| Complete 
|  33|0x0000000082100000, 0x0000000082200000, 0x0000000082200000|100%|HC|  |TAMS 0x0000000082200000, 0x0000000082100000| Complete 
|  34|0x0000000082200000, 0x0000000082300000, 0x0000000082300000|100%|HS|  |TAMS 0x0000000082300000, 0x0000000082200000| Complete 
|  35|0x0000000082300000, 0x0000000082400000, 0x0000000082400000|100%| O|  |TAMS 0x0000000082400000, 0x0000000082300000| Untracked 
|  36|0x0000000082400000, 0x0000000082500000, 0x0000000082500000|100%| O|  |TAMS 0x0000000082500000, 0x0000000082400000| Untracked 
|  37|0x0000000082500000, 0x0000000082600000, 0x0000000082600000|100%| O|  |TAMS 0x0000000082600000, 0x0000000082500000| Untracked 
|  38|0x0000000082600000, 0x0000000082700000, 0x0000000082700000|100%| O|  |TAMS 0x0000000082700000, 0x0000000082600000| Untracked 
|  39|0x0000000082700000, 0x0000000082800000, 0x0000000082800000|100%| O|  |TAMS 0x0000000082800000, 0x0000000082700000| Untracked 
|  40|0x0000000082800000, 0x0000000082900000, 0x0000000082900000|100%| O|  |TAMS 0x0000000082900000, 0x0000000082800000| Untracked 
|  41|0x0000000082900000, 0x0000000082a00000, 0x0000000082a00000|100%| O|  |TAMS 0x0000000082a00000, 0x0000000082900000| Untracked 
|  42|0x0000000082a00000, 0x0000000082b00000, 0x0000000082b00000|100%| O|  |TAMS 0x0000000082b00000, 0x0000000082a00000| Untracked 
|  43|0x0000000082b00000, 0x0000000082b75600, 0x0000000082c00000| 45%| O|  |TAMS 0x0000000082b75600, 0x0000000082b00000| Untracked 
|  44|0x0000000082c00000, 0x0000000082c00000, 0x0000000082d00000|  0%| F|  |TAMS 0x0000000082c00000, 0x0000000082c00000| Untracked 
|  45|0x0000000082d00000, 0x0000000082d00000, 0x0000000082e00000|  0%| F|  |TAMS 0x0000000082d00000, 0x0000000082d00000| Untracked 
|  46|0x0000000082e00000, 0x0000000082e00000, 0x0000000082f00000|  0%| F|  |TAMS 0x0000000082e00000, 0x0000000082e00000| Untracked 
|  47|0x0000000082f00000, 0x0000000082f00000, 0x0000000083000000|  0%| F|  |TAMS 0x0000000082f00000, 0x0000000082f00000| Untracked 
|  48|0x0000000083000000, 0x0000000083000000, 0x0000000083100000|  0%| F|  |TAMS 0x0000000083000000, 0x0000000083000000| Untracked 
|  49|0x0000000083100000, 0x0000000083100000, 0x0000000083200000|  0%| F|  |TAMS 0x0000000083100000, 0x0000000083100000| Untracked 
|  50|0x0000000083200000, 0x0000000083200000, 0x0000000083300000|  0%| F|  |TAMS 0x0000000083200000, 0x0000000083200000| Untracked 
|  51|0x0000000083300000, 0x0000000083300000, 0x0000000083400000|  0%| F|  |TAMS 0x0000000083300000, 0x0000000083300000| Untracked 
|  52|0x0000000083400000, 0x0000000083400000, 0x0000000083500000|  0%| F|  |TAMS 0x0000000083400000, 0x0000000083400000| Untracked 
|  53|0x0000000083500000, 0x0000000083500000, 0x0000000083600000|  0%| F|  |TAMS 0x0000000083500000, 0x0000000083500000| Untracked 
|  54|0x0000000083600000, 0x0000000083600000, 0x0000000083700000|  0%| F|  |TAMS 0x0000000083600000, 0x0000000083600000| Untracked 
|  55|0x0000000083700000, 0x0000000083700000, 0x0000000083800000|  0%| F|  |TAMS 0x0000000083700000, 0x0000000083700000| Untracked 
|  56|0x0000000083800000, 0x0000000083800000, 0x0000000083900000|  0%| F|  |TAMS 0x0000000083800000, 0x0000000083800000| Untracked 
|  57|0x0000000083900000, 0x0000000083900000, 0x0000000083a00000|  0%| F|  |TAMS 0x0000000083900000, 0x0000000083900000| Untracked 
|  58|0x0000000083a00000, 0x0000000083a00000, 0x0000000083b00000|  0%| F|  |TAMS 0x0000000083a00000, 0x0000000083a00000| Untracked 
|  59|0x0000000083b00000, 0x0000000083b00000, 0x0000000083c00000|  0%| F|  |TAMS 0x0000000083b00000, 0x0000000083b00000| Untracked 
|  60|0x0000000083c00000, 0x0000000083c00000, 0x0000000083d00000|  0%| F|  |TAMS 0x0000000083c00000, 0x0000000083c00000| Untracked 
|  61|0x0000000083d00000, 0x0000000083d00000, 0x0000000083e00000|  0%| F|  |TAMS 0x0000000083d00000, 0x0000000083d00000| Untracked 
|  62|0x0000000083e00000, 0x0000000083e00000, 0x0000000083f00000|  0%| F|  |TAMS 0x0000000083e00000, 0x0000000083e00000| Untracked 
|  63|0x0000000083f00000, 0x0000000083f00000, 0x0000000084000000|  0%| F|  |TAMS 0x0000000083f00000, 0x0000000083f00000| Untracked 
|  64|0x0000000084000000, 0x0000000084000000, 0x0000000084100000|  0%| F|  |TAMS 0x0000000084000000, 0x0000000084000000| Untracked 
|  65|0x0000000084100000, 0x0000000084100000, 0x0000000084200000|  0%| F|  |TAMS 0x0000000084100000, 0x0000000084100000| Untracked 
|  66|0x0000000084200000, 0x0000000084200000, 0x0000000084300000|  0%| F|  |TAMS 0x0000000084200000, 0x0000000084200000| Untracked 
|  67|0x0000000084300000, 0x0000000084300000, 0x0000000084400000|  0%| F|  |TAMS 0x0000000084300000, 0x0000000084300000| Untracked 
|  68|0x0000000084400000, 0x0000000084400000, 0x0000000084500000|  0%| F|  |TAMS 0x0000000084400000, 0x0000000084400000| Untracked 
|  69|0x0000000084500000, 0x0000000084500000, 0x0000000084600000|  0%| F|  |TAMS 0x0000000084500000, 0x0000000084500000| Untracked 
|  70|0x0000000084600000, 0x0000000084600000, 0x0000000084700000|  0%| F|  |TAMS 0x0000000084600000, 0x0000000084600000| Untracked 
|  71|0x0000000084700000, 0x0000000084700000, 0x0000000084800000|  0%| F|  |TAMS 0x0000000084700000, 0x0000000084700000| Untracked 
|  72|0x0000000084800000, 0x0000000084800000, 0x0000000084900000|  0%| F|  |TAMS 0x0000000084800000, 0x0000000084800000| Untracked 
|  73|0x0000000084900000, 0x0000000084900000, 0x0000000084a00000|  0%| F|  |TAMS 0x0000000084900000, 0x0000000084900000| Untracked 
|  74|0x0000000084a00000, 0x0000000084a00000, 0x0000000084b00000|  0%| F|  |TAMS 0x0000000084a00000, 0x0000000084a00000| Untracked 
|  75|0x0000000084b00000, 0x0000000084b00000, 0x0000000084c00000|  0%| F|  |TAMS 0x0000000084b00000, 0x0000000084b00000| Untracked 
|  76|0x0000000084c00000, 0x0000000084c00000, 0x0000000084d00000|  0%| F|  |TAMS 0x0000000084c00000, 0x0000000084c00000| Untracked 
|  77|0x0000000084d00000, 0x0000000084d00000, 0x0000000084e00000|  0%| F|  |TAMS 0x0000000084d00000, 0x0000000084d00000| Untracked 
|  78|0x0000000084e00000, 0x0000000084e00000, 0x0000000084f00000|  0%| F|  |TAMS 0x0000000084e00000, 0x0000000084e00000| Untracked 
|  79|0x0000000084f00000, 0x0000000084f00000, 0x0000000085000000|  0%| F|  |TAMS 0x0000000084f00000, 0x0000000084f00000| Untracked 
|  80|0x0000000085000000, 0x0000000085000000, 0x0000000085100000|  0%| F|  |TAMS 0x0000000085000000, 0x0000000085000000| Untracked 
|  81|0x0000000085100000, 0x0000000085100000, 0x0000000085200000|  0%| F|  |TAMS 0x0000000085100000, 0x0000000085100000| Untracked 
|  82|0x0000000085200000, 0x0000000085200000, 0x0000000085300000|  0%| F|  |TAMS 0x0000000085200000, 0x0000000085200000| Untracked 
|  83|0x0000000085300000, 0x0000000085300000, 0x0000000085400000|  0%| F|  |TAMS 0x0000000085300000, 0x0000000085300000| Untracked 
|  84|0x0000000085400000, 0x0000000085400000, 0x0000000085500000|  0%| F|  |TAMS 0x0000000085400000, 0x0000000085400000| Untracked 
|  85|0x0000000085500000, 0x0000000085500000, 0x0000000085600000|  0%| F|  |TAMS 0x0000000085500000, 0x0000000085500000| Untracked 
|  86|0x0000000085600000, 0x0000000085600000, 0x0000000085700000|  0%| F|  |TAMS 0x0000000085600000, 0x0000000085600000| Untracked 
|  87|0x0000000085700000, 0x0000000085700000, 0x0000000085800000|  0%| F|  |TAMS 0x0000000085700000, 0x0000000085700000| Untracked 
|  88|0x0000000085800000, 0x0000000085800000, 0x0000000085900000|  0%| F|  |TAMS 0x0000000085800000, 0x0000000085800000| Untracked 
|  89|0x0000000085900000, 0x0000000085a00000, 0x0000000085a00000|100%| E|  |TAMS 0x0000000085900000, 0x0000000085900000| Complete 
|  90|0x0000000085a00000, 0x0000000085b00000, 0x0000000085b00000|100%| E|CS|TAMS 0x0000000085a00000, 0x0000000085a00000| Complete 
|  91|0x0000000085b00000, 0x0000000085c00000, 0x0000000085c00000|100%| E|CS|TAMS 0x0000000085b00000, 0x0000000085b00000| Complete 
|  92|0x0000000085c00000, 0x0000000085d00000, 0x0000000085d00000|100%| E|CS|TAMS 0x0000000085c00000, 0x0000000085c00000| Complete 
|  93|0x0000000085d00000, 0x0000000085e00000, 0x0000000085e00000|100%| E|CS|TAMS 0x0000000085d00000, 0x0000000085d00000| Complete 
|  94|0x0000000085e00000, 0x0000000085f00000, 0x0000000085f00000|100%| E|CS|TAMS 0x0000000085e00000, 0x0000000085e00000| Complete 
|  95|0x0000000085f00000, 0x0000000086000000, 0x0000000086000000|100%| E|CS|TAMS 0x0000000085f00000, 0x0000000085f00000| Complete 
|  96|0x0000000086000000, 0x0000000086100000, 0x0000000086100000|100%| E|CS|TAMS 0x0000000086000000, 0x0000000086000000| Complete 
|  97|0x0000000086100000, 0x0000000086200000, 0x0000000086200000|100%| E|CS|TAMS 0x0000000086100000, 0x0000000086100000| Complete 
|  98|0x0000000086200000, 0x0000000086300000, 0x0000000086300000|100%| E|CS|TAMS 0x0000000086200000, 0x0000000086200000| Complete 
|  99|0x0000000086300000, 0x0000000086400000, 0x0000000086400000|100%| E|CS|TAMS 0x0000000086300000, 0x0000000086300000| Complete 
| 100|0x0000000086400000, 0x0000000086500000, 0x0000000086500000|100%| E|CS|TAMS 0x0000000086400000, 0x0000000086400000| Complete 
| 101|0x0000000086500000, 0x0000000086600000, 0x0000000086600000|100%| E|CS|TAMS 0x0000000086500000, 0x0000000086500000| Complete 
| 102|0x0000000086600000, 0x0000000086700000, 0x0000000086700000|100%| E|CS|TAMS 0x0000000086600000, 0x0000000086600000| Complete 
| 103|0x0000000086700000, 0x0000000086800000, 0x0000000086800000|100%| E|CS|TAMS 0x0000000086700000, 0x0000000086700000| Complete 
| 104|0x0000000086800000, 0x0000000086900000, 0x0000000086900000|100%| E|CS|TAMS 0x0000000086800000, 0x0000000086800000| Complete 
| 105|0x0000000086900000, 0x0000000086a00000, 0x0000000086a00000|100%| E|CS|TAMS 0x0000000086900000, 0x0000000086900000| Complete 
| 106|0x0000000086a00000, 0x0000000086b00000, 0x0000000086b00000|100%| E|CS|TAMS 0x0000000086a00000, 0x0000000086a00000| Complete 
| 107|0x0000000086b00000, 0x0000000086c00000, 0x0000000086c00000|100%| E|CS|TAMS 0x0000000086b00000, 0x0000000086b00000| Complete 
| 108|0x0000000086c00000, 0x0000000086ca90a0, 0x0000000086d00000| 66%| S|CS|TAMS 0x0000000086c00000, 0x0000000086c00000| Complete 
| 109|0x0000000086d00000, 0x0000000086e00000, 0x0000000086e00000|100%| S|CS|TAMS 0x0000000086d00000, 0x0000000086d00000| Complete 
| 110|0x0000000086e00000, 0x0000000086f00000, 0x0000000086f00000|100%| E|CS|TAMS 0x0000000086e00000, 0x0000000086e00000| Complete 
| 111|0x0000000086f00000, 0x0000000087000000, 0x0000000087000000|100%| E|CS|TAMS 0x0000000086f00000, 0x0000000086f00000| Complete 
| 112|0x0000000087000000, 0x0000000087100000, 0x0000000087100000|100%| E|CS|TAMS 0x0000000087000000, 0x0000000087000000| Complete 
| 113|0x0000000087100000, 0x0000000087200000, 0x0000000087200000|100%| E|CS|TAMS 0x0000000087100000, 0x0000000087100000| Complete 
| 114|0x0000000087200000, 0x0000000087300000, 0x0000000087300000|100%| E|CS|TAMS 0x0000000087200000, 0x0000000087200000| Complete 
| 115|0x0000000087300000, 0x0000000087400000, 0x0000000087400000|100%| E|CS|TAMS 0x0000000087300000, 0x0000000087300000| Complete 
| 116|0x0000000087400000, 0x0000000087500000, 0x0000000087500000|100%| E|CS|TAMS 0x0000000087400000, 0x0000000087400000| Complete 
| 117|0x0000000087500000, 0x0000000087600000, 0x0000000087600000|100%| E|CS|TAMS 0x0000000087500000, 0x0000000087500000| Complete 
| 118|0x0000000087600000, 0x0000000087700000, 0x0000000087700000|100%| E|CS|TAMS 0x0000000087600000, 0x0000000087600000| Complete 
| 119|0x0000000087700000, 0x0000000087800000, 0x0000000087800000|100%| E|CS|TAMS 0x0000000087700000, 0x0000000087700000| Complete 
| 120|0x0000000087800000, 0x0000000087900000, 0x0000000087900000|100%| E|CS|TAMS 0x0000000087800000, 0x0000000087800000| Complete 
| 121|0x0000000087900000, 0x0000000087a00000, 0x0000000087a00000|100%| E|CS|TAMS 0x0000000087900000, 0x0000000087900000| Complete 
| 122|0x0000000087a00000, 0x0000000087b00000, 0x0000000087b00000|100%| E|CS|TAMS 0x0000000087a00000, 0x0000000087a00000| Complete 
| 123|0x0000000087b00000, 0x0000000087c00000, 0x0000000087c00000|100%| E|CS|TAMS 0x0000000087b00000, 0x0000000087b00000| Complete 
| 124|0x0000000087c00000, 0x0000000087d00000, 0x0000000087d00000|100%| E|CS|TAMS 0x0000000087c00000, 0x0000000087c00000| Complete 
| 125|0x0000000087d00000, 0x0000000087e00000, 0x0000000087e00000|100%| E|CS|TAMS 0x0000000087d00000, 0x0000000087d00000| Complete 
| 126|0x0000000087e00000, 0x0000000087f00000, 0x0000000087f00000|100%| E|CS|TAMS 0x0000000087e00000, 0x0000000087e00000| Complete 
| 127|0x0000000087f00000, 0x0000000088000000, 0x0000000088000000|100%| E|CS|TAMS 0x0000000087f00000, 0x0000000087f00000| Complete 

Card table byte_map: [0x000001d8a7150000,0x000001d8a7550000] _byte_map_base: 0x000001d8a6d50000

Marking Bits (Prev, Next): (CMBitMap*) 0x000001d893f4b588, (CMBitMap*) 0x000001d893f4b5c0
 Prev Bits: [0x000001d8a7950000, 0x000001d8a9950000)
 Next Bits: [0x000001d8a9950000, 0x000001d8ab950000)

Polling page: 0x000001d891e60000

Metaspace:

Usage:
  Non-class:     34.23 MB capacity,    33.53 MB ( 98%) used,   620.38 KB (  2%) free+waste,    98.63 KB ( <1%) overhead. 
      Class:      5.35 MB capacity,     4.96 MB ( 93%) used,   358.42 KB (  7%) free+waste,    47.63 KB ( <1%) overhead. 
       Both:     39.59 MB capacity,    38.49 MB ( 97%) used,   978.80 KB (  2%) free+waste,   146.25 KB ( <1%) overhead. 

Virtual space:
  Non-class space:       36.00 MB reserved,      34.25 MB ( 95%) committed 
      Class space:        1.00 GB reserved,       5.38 MB ( <1%) committed 
             Both:        1.04 GB reserved,      39.63 MB (  4%) committed 

Chunk freelists:
   Non-Class:  17.00 KB
       Class:  21.00 KB
        Both:  38.00 KB

MaxMetaspaceSize: 17179869184.00 GB
CompressedClassSpaceSize: 1.00 GB
Initial GC threshold: 20.80 MB
Current GC threshold: 58.75 MB
CDS: off

CodeHeap 'non-profiled nmethods': size=120000Kb used=1856Kb max_used=1856Kb free=118143Kb
 bounds [0x000001d89f4f0000, 0x000001d89f760000, 0x000001d8a6a20000]
CodeHeap 'profiled nmethods': size=120000Kb used=7313Kb max_used=7313Kb free=112686Kb
 bounds [0x000001d897fc0000, 0x000001d8986f0000, 0x000001d89f4f0000]
CodeHeap 'non-nmethods': size=5760Kb used=1580Kb max_used=1619Kb free=4179Kb
 bounds [0x000001d897a20000, 0x000001d897c90000, 0x000001d897fc0000]
 total_blobs=4089 nmethods=3467 adapters=534
 compilation: enabled
              stopped_count=0, restarted_count=0
 full_count=0

Compilation events (20 events):
Event: 7.951 Thread 0x000001d8ae3c1800 3460       1       java.beans.MethodDescriptor::getParamNames (5 bytes)
Event: 7.951 Thread 0x000001d8ae3c1800 nmethod 3460 0x000001d89f6bf990 code [0x000001d89f6bfb40, 0x000001d89f6bfbf8]
Event: 7.955 Thread 0x000001d8ae3c1800 3462       3       java.lang.reflect.Method::isVarArgs (5 bytes)
Event: 7.956 Thread 0x000001d8ae3c1800 nmethod 3462 0x000001d8986cd590 code [0x000001d8986cd740, 0x000001d8986cd918]
Event: 7.956 Thread 0x000001d8ae3c1800 3463       3       java.lang.reflect.Executable::isVarArgs (17 bytes)
Event: 7.956 Thread 0x000001d8ae3c1800 nmethod 3463 0x000001d8986cda10 code [0x000001d8986cdbc0, 0x000001d8986cddc8]
Event: 7.956 Thread 0x000001d8ae3c1800 3464       3       java.beans.MethodRef::<init> (5 bytes)
Event: 7.956 Thread 0x000001d8ae3c1800 nmethod 3464 0x000001d8986cde90 code [0x000001d8986ce040, 0x000001d8986ce198]
Event: 7.956 Thread 0x000001d8ae3c1800 3465       3       java.beans.FeatureDescriptor::getWeakReference (17 bytes)
Event: 7.957 Thread 0x000001d8ae3c1800 nmethod 3465 0x000001d8986ce290 code [0x000001d8986ce480, 0x000001d8986ce898]
Event: 7.957 Thread 0x000001d8ae3c1800 3466  s    3       java.util.Hashtable::put (104 bytes)
Event: 7.958 Thread 0x000001d8ae3c1800 nmethod 3466 0x000001d8986cea10 code [0x000001d8986cec20, 0x000001d8986cf3b8]
Event: 7.963 Thread 0x000001d8ae3c1800 3467       3       java.lang.PublicMethods$Key::equals (52 bytes)
Event: 7.963 Thread 0x000001d8ae3c1800 nmethod 3467 0x000001d8986cf610 code [0x000001d8986cf7e0, 0x000001d8986cfc28]
Event: 7.965 Thread 0x000001d8ae3c1800 3468       3       java.lang.reflect.Method::getTypeParameters (20 bytes)
Event: 7.967 Thread 0x000001d8ae3c1800 nmethod 3468 0x000001d8986cfd10 code [0x000001d8986cffa0, 0x000001d8986d0d28]
Event: 7.967 Thread 0x000001d8ae3c1800 3469       3       java.lang.reflect.Executable::getGenericExceptionTypes (27 bytes)
Event: 7.968 Thread 0x000001d8ae3c1800 nmethod 3469 0x000001d8986d1110 code [0x000001d8986d1320, 0x000001d8986d1a68]
Event: 7.968 Thread 0x000001d8ae3c1800 3470       3       com.sun.beans.TypeResolver::getActualType (24 bytes)
Event: 7.970 Thread 0x000001d8ae3c1800 nmethod 3470 0x000001d8986d1c10 code [0x000001d8986d1e40, 0x000001d8986d25c8]

GC Heap History (14 events):
Event: 1.876 GC heap before
{Heap before GC invocations=0 (full 0):
 garbage-first heap   total 131072K, used 29696K [0x0000000080000000, 0x0000000100000000)
  region size 1024K, 24 young (24576K), 0 survivors (0K)
 Metaspace       used 10162K, capacity 10333K, committed 10624K, reserved 1058816K
  class space    used 1047K, capacity 1108K, committed 1152K, reserved 1048576K
}
Event: 1.887 GC heap after
{Heap after GC invocations=1 (full 0):
 garbage-first heap   total 131072K, used 9366K [0x0000000080000000, 0x0000000100000000)
  region size 1024K, 3 young (3072K), 3 survivors (3072K)
 Metaspace       used 10162K, capacity 10333K, committed 10624K, reserved 1058816K
  class space    used 1047K, capacity 1108K, committed 1152K, reserved 1048576K
}
Event: 2.321 GC heap before
{Heap before GC invocations=1 (full 0):
 garbage-first heap   total 131072K, used 30870K [0x0000000080000000, 0x0000000100000000)
  region size 1024K, 24 young (24576K), 3 survivors (3072K)
 Metaspace       used 11199K, capacity 11386K, committed 11520K, reserved 1058816K
  class space    used 1153K, capacity 1246K, committed 1280K, reserved 1048576K
}
Event: 2.324 GC heap after
{Heap after GC invocations=2 (full 0):
 garbage-first heap   total 131072K, used 10254K [0x0000000080000000, 0x0000000100000000)
  region size 1024K, 1 young (1024K), 1 survivors (1024K)
 Metaspace       used 11199K, capacity 11386K, committed 11520K, reserved 1058816K
  class space    used 1153K, capacity 1246K, committed 1280K, reserved 1048576K
}
Event: 3.864 GC heap before
{Heap before GC invocations=2 (full 0):
 garbage-first heap   total 131072K, used 61454K [0x0000000080000000, 0x0000000100000000)
  region size 1024K, 51 young (52224K), 1 survivors (1024K)
 Metaspace       used 17774K, capacity 18154K, committed 18432K, reserved 1064960K
  class space    used 2064K, capacity 2196K, committed 2304K, reserved 1048576K
}
Event: 3.871 GC heap after
{Heap after GC invocations=3 (full 0):
 garbage-first heap   total 131072K, used 16600K [0x0000000080000000, 0x0000000100000000)
  region size 1024K, 7 young (7168K), 7 survivors (7168K)
 Metaspace       used 17774K, capacity 18154K, committed 18432K, reserved 1064960K
  class space    used 2064K, capacity 2196K, committed 2304K, reserved 1048576K
}
Event: 4.240 GC heap before
{Heap before GC invocations=3 (full 0):
 garbage-first heap   total 131072K, used 45272K [0x0000000080000000, 0x0000000100000000)
  region size 1024K, 36 young (36864K), 7 survivors (7168K)
 Metaspace       used 20732K, capacity 21126K, committed 21248K, reserved 1067008K
  class space    used 2525K, capacity 2697K, committed 2816K, reserved 1048576K
}
Event: 4.249 GC heap after
{Heap after GC invocations=4 (full 0):
 garbage-first heap   total 131072K, used 18055K [0x0000000080000000, 0x0000000100000000)
  region size 1024K, 2 young (2048K), 2 survivors (2048K)
 Metaspace       used 20732K, capacity 21126K, committed 21248K, reserved 1067008K
  class space    used 2525K, capacity 2697K, committed 2816K, reserved 1048576K
}
Event: 5.205 GC heap before
{Heap before GC invocations=5 (full 0):
 garbage-first heap   total 131072K, used 71303K [0x0000000080000000, 0x0000000100000000)
  region size 1024K, 54 young (55296K), 2 survivors (2048K)
 Metaspace       used 26312K, capacity 26961K, committed 27008K, reserved 1073152K
  class space    used 3419K, capacity 3673K, committed 3712K, reserved 1048576K
}
Event: 5.211 GC heap after
{Heap after GC invocations=6 (full 0):
 garbage-first heap   total 131072K, used 19991K [0x0000000080000000, 0x0000000100000000)
  region size 1024K, 3 young (3072K), 3 survivors (3072K)
 Metaspace       used 26312K, capacity 26961K, committed 27008K, reserved 1073152K
  class space    used 3419K, capacity 3673K, committed 3712K, reserved 1048576K
}
Event: 6.358 GC heap before
{Heap before GC invocations=6 (full 0):
 garbage-first heap   total 131072K, used 104983K [0x0000000080000000, 0x0000000100000000)
  region size 1024K, 69 young (70656K), 3 survivors (3072K)
 Metaspace       used 31731K, capacity 32704K, committed 32896K, reserved 1077248K
  class space    used 4252K, capacity 4623K, committed 4736K, reserved 1048576K
}
Event: 6.365 GC heap after
{Heap after GC invocations=7 (full 0):
 garbage-first heap   total 131072K, used 44768K [0x0000000080000000, 0x0000000100000000)
  region size 1024K, 9 young (9216K), 9 survivors (9216K)
 Metaspace       used 31731K, capacity 32704K, committed 32896K, reserved 1077248K
  class space    used 4252K, capacity 4623K, committed 4736K, reserved 1048576K
}
Event: 6.930 GC heap before
{Heap before GC invocations=7 (full 0):
 garbage-first heap   total 131072K, used 62176K [0x0000000080000000, 0x0000000100000000)
  region size 1024K, 27 young (27648K), 9 survivors (9216K)
 Metaspace       used 34701K, capacity 35711K, committed 35840K, reserved 1079296K
  class space    used 4615K, capacity 5007K, committed 5120K, reserved 1048576K
}
Event: 6.948 GC heap after
{Heap after GC invocations=8 (full 0):
 garbage-first heap   total 131072K, used 46201K [0x0000000080000000, 0x0000000100000000)
  region size 1024K, 2 young (2048K), 2 survivors (2048K)
 Metaspace       used 34701K, capacity 35711K, committed 35840K, reserved 1079296K
  class space    used 4615K, capacity 5007K, committed 5120K, reserved 1048576K
}

Deoptimization events (20 events):
Event: 7.641 Thread 0x000001d8aee89800 Uncommon trap: trap_request=0xffffffbe fr.pc=0x000001d89f6a7cc4 relative=0x00000000000009c4
Event: 7.641 Thread 0x000001d8aee89800 Uncommon trap: reason=profile_predicate action=maybe_recompile pc=0x000001d89f6a7cc4 method=jdk.internal.jimage.ImageStringsReader.charsFromByteBuffer([CLjava/nio/ByteBuffer;)V @ 6 c2
Event: 7.641 Thread 0x000001d8aee89800 DEOPT PACKING pc=0x000001d89f6a7cc4 sp=0x00000074cf0f6dd0
Event: 7.641 Thread 0x000001d8aee89800 DEOPT UNPACKING pc=0x000001d897a6a1af sp=0x00000074cf0f6bd8 mode 2
Event: 7.641 Thread 0x000001d8aee89800 Uncommon trap: trap_request=0xffffffbe fr.pc=0x000001d89f6a7cc4 relative=0x00000000000009c4
Event: 7.641 Thread 0x000001d8aee89800 Uncommon trap: reason=profile_predicate action=maybe_recompile pc=0x000001d89f6a7cc4 method=jdk.internal.jimage.ImageStringsReader.charsFromByteBuffer([CLjava/nio/ByteBuffer;)V @ 6 c2
Event: 7.641 Thread 0x000001d8aee89800 DEOPT PACKING pc=0x000001d89f6a7cc4 sp=0x00000074cf0f6dd0
Event: 7.641 Thread 0x000001d8aee89800 DEOPT UNPACKING pc=0x000001d897a6a1af sp=0x00000074cf0f6bd8 mode 2
Event: 7.859 Thread 0x000001d8aee88000 Uncommon trap: trap_request=0xffffffde fr.pc=0x000001d89f6bd284 relative=0x0000000000000a44
Event: 7.859 Thread 0x000001d8aee88000 Uncommon trap: reason=class_check action=maybe_recompile pc=0x000001d89f6bd284 method=java.util.stream.ReferencePipeline.forEachWithCancel(Ljava/util/Spliterator;Ljava/util/stream/Sink;)Z @ 1 c2
Event: 7.859 Thread 0x000001d8aee88000 DEOPT PACKING pc=0x000001d89f6bd284 sp=0x00000074ceafed20
Event: 7.859 Thread 0x000001d8aee88000 DEOPT UNPACKING pc=0x000001d897a6a1af sp=0x00000074ceafecf0 mode 2
Event: 7.965 Thread 0x000001d8aee89800 Uncommon trap: trap_request=0xffffffde fr.pc=0x000001d89f6ac724 relative=0x0000000000000404
Event: 7.965 Thread 0x000001d8aee89800 Uncommon trap: reason=class_check action=maybe_recompile pc=0x000001d89f6ac724 method=java.util.regex.Pattern$Start.match(Ljava/util/regex/Matcher;ILjava/lang/CharSequence;)Z @ 44 c2
Event: 7.965 Thread 0x000001d8aee89800 DEOPT PACKING pc=0x000001d89f6ac724 sp=0x00000074cf0f68b0
Event: 7.965 Thread 0x000001d8aee89800 DEOPT UNPACKING pc=0x000001d897a6a1af sp=0x00000074cf0f6778 mode 2
Event: 7.968 Thread 0x000001d8aee89800 Uncommon trap: trap_request=0xffffffde fr.pc=0x000001d89f6ac724 relative=0x0000000000000404
Event: 7.968 Thread 0x000001d8aee89800 Uncommon trap: reason=class_check action=maybe_recompile pc=0x000001d89f6ac724 method=java.util.regex.Pattern$Start.match(Ljava/util/regex/Matcher;ILjava/lang/CharSequence;)Z @ 44 c2
Event: 7.968 Thread 0x000001d8aee89800 DEOPT PACKING pc=0x000001d89f6ac724 sp=0x00000074cf0f68b0
Event: 7.968 Thread 0x000001d8aee89800 DEOPT UNPACKING pc=0x000001d897a6a1af sp=0x00000074cf0f6778 mode 2

Classes redefined (0 events):
No events

Internal exceptions (20 events):
Event: 7.266 Thread 0x000001d8aee89800 Exception <a 'java/lang/ClassNotFoundException'{0x00000000879ebf58}: groovy/lang/ExpandoMetaClassBeanInfo> (0x00000000879ebf58) thrown at [./src/hotspot/share/classfile/systemDictionary.cpp, line 231]
Event: 7.270 Thread 0x000001d8aee89800 Exception <a 'java/lang/ClassNotFoundException'{0x000000008780dc58}: groovy/lang/MetaClassImplBeanInfo> (0x000000008780dc58) thrown at [./src/hotspot/share/classfile/systemDictionary.cpp, line 231]
Event: 7.271 Thread 0x000001d8aee89800 Exception <a 'java/lang/ClassNotFoundException'{0x0000000087817b00}: java/lang/ObjectBeanInfo> (0x0000000087817b00) thrown at [./src/hotspot/share/classfile/systemDictionary.cpp, line 231]
Event: 7.274 Thread 0x000001d8aee89800 Exception <a 'java/lang/ClassNotFoundException'{0x0000000087823e00}: java/lang/ObjectCustomizer> (0x0000000087823e00) thrown at [./src/hotspot/share/classfile/systemDictionary.cpp, line 231]
Event: 7.283 Thread 0x000001d8aee89800 Exception <a 'java/lang/ClassNotFoundException'{0x000000008784c3b0}: groovy/lang/MetaClassImplCustomizer> (0x000000008784c3b0) thrown at [./src/hotspot/share/classfile/systemDictionary.cpp, line 231]
Event: 7.287 Thread 0x000001d8aee89800 Exception <a 'java/lang/ClassNotFoundException'{0x000000008788d930}: groovy/lang/ExpandoMetaClassCustomizer> (0x000000008788d930) thrown at [./src/hotspot/share/classfile/systemDictionary.cpp, line 231]
Event: 7.857 Thread 0x000001d8aee89800 Exception <a 'java/lang/ClassNotFoundException'{0x0000000085d70f80}: groovy/lang/BindingBeanInfo> (0x0000000085d70f80) thrown at [./src/hotspot/share/classfile/systemDictionary.cpp, line 231]
Event: 7.858 Thread 0x000001d8aee89800 Exception <a 'java/lang/ClassNotFoundException'{0x0000000085d93c58}: groovy/lang/GroovyObjectSupportBeanInfo> (0x0000000085d93c58) thrown at [./src/hotspot/share/classfile/systemDictionary.cpp, line 231]
Event: 7.860 Thread 0x000001d8aee89800 Exception <a 'java/lang/ClassNotFoundException'{0x0000000085db6750}: groovy/lang/GroovyObjectSupportCustomizer> (0x0000000085db6750) thrown at [./src/hotspot/share/classfile/systemDictionary.cpp, line 231]
Event: 7.863 Thread 0x000001d8aee89800 Exception <a 'java/lang/ClassNotFoundException'{0x0000000085ddb0b8}: groovy/lang/BindingCustomizer> (0x0000000085ddb0b8) thrown at [./src/hotspot/share/classfile/systemDictionary.cpp, line 231]
Event: 7.939 Thread 0x000001d8aee89800 Exception <a 'java/lang/ClassNotFoundException'{0x0000000085b3b9e8}: ijmapper_88w6umkdtbulcfd1vdnjajhiqBeanInfo> (0x0000000085b3b9e8) thrown at [./src/hotspot/share/classfile/systemDictionary.cpp, line 231]
Event: 7.940 Thread 0x000001d8aee89800 Exception <a 'java/lang/ClassNotFoundException'{0x0000000085b51ca8}: org/gradle/initialization/InitScriptBeanInfo> (0x0000000085b51ca8) thrown at [./src/hotspot/share/classfile/systemDictionary.cpp, line 231]
Event: 7.941 Thread 0x000001d8aee89800 Exception <a 'java/lang/ClassNotFoundException'{0x0000000085b681e8}: org/gradle/groovy/scripts/DefaultScriptBeanInfo> (0x0000000085b681e8) thrown at [./src/hotspot/share/classfile/systemDictionary.cpp, line 231]
Event: 7.942 Thread 0x000001d8aee89800 Exception <a 'java/lang/ClassNotFoundException'{0x0000000085b7e568}: org/gradle/groovy/scripts/BasicScriptBeanInfo> (0x0000000085b7e568) thrown at [./src/hotspot/share/classfile/systemDictionary.cpp, line 231]
Event: 7.943 Thread 0x000001d8aee89800 Exception <a 'java/lang/ClassNotFoundException'{0x0000000085b93a40}: org/gradle/groovy/scripts/ScriptBeanInfo> (0x0000000085b93a40) thrown at [./src/hotspot/share/classfile/systemDictionary.cpp, line 231]
Event: 7.945 Thread 0x000001d8aee89800 Exception <a 'java/lang/ClassNotFoundException'{0x0000000085bb46d8}: groovy/lang/ScriptBeanInfo> (0x0000000085bb46d8) thrown at [./src/hotspot/share/classfile/systemDictionary.cpp, line 231]
Event: 7.946 Thread 0x000001d8aee89800 Exception <a 'java/lang/ClassNotFoundException'{0x0000000085bd5ba0}: groovy/lang/ScriptCustomizer> (0x0000000085bd5ba0) thrown at [./src/hotspot/share/classfile/systemDictionary.cpp, line 231]
Event: 7.948 Thread 0x000001d8aee89800 Exception <a 'java/lang/ClassNotFoundException'{0x0000000085bf2f08}: org/gradle/groovy/scripts/ScriptCustomizer> (0x0000000085bf2f08) thrown at [./src/hotspot/share/classfile/systemDictionary.cpp, line 231]
Event: 7.954 Thread 0x000001d8aee89800 Exception <a 'java/lang/ClassNotFoundException'{0x0000000085a10360}: org/gradle/groovy/scripts/BasicScriptCustomizer> (0x0000000085a10360) thrown at [./src/hotspot/share/classfile/systemDictionary.cpp, line 231]
Event: 7.963 Thread 0x000001d8aee89800 Exception <a 'java/lang/ClassNotFoundException'{0x0000000085a32e78}: org/gradle/groovy/scripts/DefaultScriptCustomizer> (0x0000000085a32e78) thrown at [./src/hotspot/share/classfile/systemDictionary.cpp, line 231]

Events (20 events):
Event: 7.953 loading class org/gradle/groovy/scripts/BasicScriptCustomizer
Event: 7.953 loading class org/gradle/groovy/scripts/BasicScriptCustomizer done
Event: 7.954 loading class org/gradle/groovy/scripts/BasicScriptCustomizer
Event: 7.954 loading class org/gradle/groovy/scripts/BasicScriptCustomizer done
Event: 7.957 loading class org/gradle/groovy/scripts/DefaultScriptCustomizer
Event: 7.957 loading class org/gradle/groovy/scripts/DefaultScriptCustomizer done
Event: 7.958 loading class org/gradle/groovy/scripts/DefaultScriptCustomizer
Event: 7.958 loading class org/gradle/groovy/scripts/DefaultScriptCustomizer done
Event: 7.958 loading class org/gradle/groovy/scripts/DefaultScriptCustomizer
Event: 7.958 loading class org/gradle/groovy/scripts/DefaultScriptCustomizer done
Event: 7.965 loading class org/gradle/process/ExecSpec
Event: 7.965 loading class org/gradle/process/ExecSpec done
Event: 7.966 loading class org/gradle/process/BaseExecSpec
Event: 7.966 loading class org/gradle/process/BaseExecSpec done
Event: 7.967 loading class org/gradle/process/ProcessForkOptions
Event: 7.967 loading class org/gradle/process/ProcessForkOptions done
Event: 7.968 loading class org/gradle/process/JavaExecSpec
Event: 7.968 loading class org/gradle/process/JavaExecSpec done
Event: 7.969 loading class org/gradle/process/JavaForkOptions
Event: 7.969 loading class org/gradle/process/JavaForkOptions done


Dynamic libraries:
0x00007ff7c5ef0000 - 0x00007ff7c5efa000 	C:\Program Files\Android\Android Studio\jre\bin\java.exe
0x00007ffc6ffd0000 - 0x00007ffc701e4000 	C:\WINDOWS\SYSTEM32\ntdll.dll
0x00007ffc6ecc0000 - 0x00007ffc6ed82000 	C:\WINDOWS\System32\KERNEL32.DLL
0x00007ffc6d730000 - 0x00007ffc6dacd000 	C:\WINDOWS\System32\KERNELBASE.dll
0x00007ffc6dc10000 - 0x00007ffc6dd21000 	C:\WINDOWS\System32\ucrtbase.dll
0x00007ffc58f80000 - 0x00007ffc58f99000 	C:\Program Files\Android\Android Studio\jre\bin\jli.dll
0x00007ffc692a0000 - 0x00007ffc692b7000 	C:\Program Files\Android\Android Studio\jre\bin\VCRUNTIME140.dll
0x00007ffc6e0c0000 - 0x00007ffc6e26d000 	C:\WINDOWS\System32\USER32.dll
0x00007ffc4fd40000 - 0x00007ffc4ffce000 	C:\WINDOWS\WinSxS\amd64_microsoft.windows.common-controls_6595b64144ccf1df_6.0.22621.436_none_a94247dbc10d8414\COMCTL32.dll
0x00007ffc6d400000 - 0x00007ffc6d426000 	C:\WINDOWS\System32\win32u.dll
0x00007ffc6ee60000 - 0x00007ffc6ee89000 	C:\WINDOWS\System32\GDI32.dll
0x00007ffc6f3b0000 - 0x00007ffc6f457000 	C:\WINDOWS\System32\msvcrt.dll
0x00007ffc6d610000 - 0x00007ffc6d722000 	C:\WINDOWS\System32\gdi32full.dll
0x00007ffc6dd30000 - 0x00007ffc6ddca000 	C:\WINDOWS\System32\msvcp_win.dll
0x00007ffc6e660000 - 0x00007ffc6e692000 	C:\WINDOWS\System32\IMM32.DLL
0x00007ffc50630000 - 0x00007ffc506cd000 	C:\Program Files\Android\Android Studio\jre\bin\msvcp140.dll
0x00007ffbf0cd0000 - 0x00007ffbf17d2000 	C:\Program Files\Android\Android Studio\jre\bin\server\jvm.dll
0x00007ffc6fee0000 - 0x00007ffc6ff8e000 	C:\WINDOWS\System32\ADVAPI32.dll
0x00007ffc6ec10000 - 0x00007ffc6ecb4000 	C:\WINDOWS\System32\sechost.dll
0x00007ffc6fdc0000 - 0x00007ffc6fed5000 	C:\WINDOWS\System32\RPCRT4.dll
0x00007ffc6e410000 - 0x00007ffc6e418000 	C:\WINDOWS\System32\PSAPI.DLL
0x00007ffc454c0000 - 0x00007ffc454c9000 	C:\WINDOWS\SYSTEM32\WSOCK32.dll
0x00007ffc66c60000 - 0x00007ffc66c94000 	C:\WINDOWS\SYSTEM32\WINMM.dll
0x00007ffc6f460000 - 0x00007ffc6f4d1000 	C:\WINDOWS\System32\WS2_32.dll
0x00007ffc66ca0000 - 0x00007ffc66caa000 	C:\WINDOWS\SYSTEM32\VERSION.dll
0x00007ffc6c560000 - 0x00007ffc6c578000 	C:\WINDOWS\SYSTEM32\kernel.appcore.dll
0x00007ffc3f220000 - 0x00007ffc3f231000 	C:\Program Files\Android\Android Studio\jre\bin\verify.dll
0x00007ffc6ae20000 - 0x00007ffc6b04e000 	C:\WINDOWS\SYSTEM32\DBGHELP.DLL
0x00007ffc6ee90000 - 0x00007ffc6f21a000 	C:\WINDOWS\System32\combase.dll
0x00007ffc6e6b0000 - 0x00007ffc6e787000 	C:\WINDOWS\System32\OLEAUT32.dll
0x00007ffc56960000 - 0x00007ffc56992000 	C:\WINDOWS\SYSTEM32\dbgcore.DLL
0x00007ffc6db90000 - 0x00007ffc6dc0b000 	C:\WINDOWS\System32\bcryptPrimitives.dll
0x00007ffc3f1f0000 - 0x00007ffc3f219000 	C:\Program Files\Android\Android Studio\jre\bin\java.dll
0x00007ffc45240000 - 0x00007ffc4524b000 	C:\Program Files\Android\Android Studio\jre\bin\jimage.dll
0x00007ffc3f1d0000 - 0x00007ffc3f1e8000 	C:\Program Files\Android\Android Studio\jre\bin\zip.dll
0x00007ffc6f4e0000 - 0x00007ffc6fcc0000 	C:\WINDOWS\System32\SHELL32.dll
0x00007ffc6b450000 - 0x00007ffc6bd18000 	C:\WINDOWS\SYSTEM32\windows.storage.dll
0x00007ffc6b310000 - 0x00007ffc6b44e000 	C:\WINDOWS\SYSTEM32\wintypes.dll
0x00007ffc6ddd0000 - 0x00007ffc6dec1000 	C:\WINDOWS\System32\SHCORE.dll
0x00007ffc6ed90000 - 0x00007ffc6edee000 	C:\WINDOWS\System32\shlwapi.dll
0x00007ffc6d330000 - 0x00007ffc6d351000 	C:\WINDOWS\SYSTEM32\profapi.dll
0x00007ffc2a270000 - 0x00007ffc2a28a000 	C:\Program Files\Android\Android Studio\jre\bin\net.dll
0x00007ffc662e0000 - 0x00007ffc6640f000 	C:\WINDOWS\SYSTEM32\WINHTTP.dll
0x00007ffc6c9c0000 - 0x00007ffc6ca29000 	C:\WINDOWS\system32\mswsock.dll
0x00007ffc29c30000 - 0x00007ffc29c44000 	C:\Program Files\Android\Android Studio\jre\bin\nio.dll
0x00007ffc59610000 - 0x00007ffc59637000 	C:\Users\parma\.gradle\native\e1d6ef7f7dcc3fd88c89a11ec53ec762bb8ba0a96d01ffa2cd45eb1d1d8dd5c5\windows-amd64\native-platform.dll
0x00007ffc54ed0000 - 0x00007ffc55014000 	C:\Users\parma\.gradle\native\0d407fdbe67a94daf76414ababcb853783967236a71b16ec16e742cd7a986fd3\windows-amd64\native-platform-file-events.dll
0x00007ffc44630000 - 0x00007ffc4463a000 	C:\Program Files\Android\Android Studio\jre\bin\management.dll
0x00007ffc41580000 - 0x00007ffc4158d000 	C:\Program Files\Android\Android Studio\jre\bin\management_ext.dll
0x00007ffc6cc00000 - 0x00007ffc6cc1b000 	C:\WINDOWS\SYSTEM32\CRYPTSP.dll
0x00007ffc6c4d0000 - 0x00007ffc6c505000 	C:\WINDOWS\system32\rsaenh.dll
0x00007ffc6cab0000 - 0x00007ffc6cad8000 	C:\WINDOWS\SYSTEM32\USERENV.dll
0x00007ffc6cdc0000 - 0x00007ffc6cde8000 	C:\WINDOWS\SYSTEM32\bcrypt.dll
0x00007ffc6cc20000 - 0x00007ffc6cc2c000 	C:\WINDOWS\SYSTEM32\CRYPTBASE.dll
0x00007ffc6bfe0000 - 0x00007ffc6c00d000 	C:\WINDOWS\SYSTEM32\IPHLPAPI.DLL
0x00007ffc6dff0000 - 0x00007ffc6dff9000 	C:\WINDOWS\System32\NSI.dll
0x00007ffc668e0000 - 0x00007ffc668f9000 	C:\WINDOWS\SYSTEM32\dhcpcsvc6.DLL
0x00007ffc668c0000 - 0x00007ffc668df000 	C:\WINDOWS\SYSTEM32\dhcpcsvc.DLL
0x00007ffc6c050000 - 0x00007ffc6c142000 	C:\WINDOWS\SYSTEM32\DNSAPI.dll

dbghelp: loaded successfully - version: 4.0.5 - missing functions: none
symbol engine: initialized successfully - sym options: 0x614 - pdb path: .;C:\Program Files\Android\Android Studio\jre\bin;C:\WINDOWS\SYSTEM32;C:\WINDOWS\WinSxS\amd64_microsoft.windows.common-controls_6595b64144ccf1df_6.0.22621.436_none_a94247dbc10d8414;C:\Program Files\Android\Android Studio\jre\bin\server;C:\Users\parma\.gradle\native\e1d6ef7f7dcc3fd88c89a11ec53ec762bb8ba0a96d01ffa2cd45eb1d1d8dd5c5\windows-amd64;C:\Users\parma\.gradle\native\0d407fdbe67a94daf76414ababcb853783967236a71b16ec16e742cd7a986fd3\windows-amd64

VM Arguments:
jvm_args: --add-opens=java.base/java.util=ALL-UNNAMED --add-opens=java.base/java.lang=ALL-UNNAMED --add-opens=java.base/java.lang.invoke=ALL-UNNAMED --add-opens=java.base/java.util=ALL-UNNAMED --add-opens=java.prefs/java.util.prefs=ALL-UNNAMED --add-opens=java.prefs/java.util.prefs=ALL-UNNAMED --add-opens=java.base/java.nio.charset=ALL-UNNAMED --add-opens=java.base/java.net=ALL-UNNAMED --add-opens=java.base/java.util.concurrent.atomic=ALL-UNNAMED -Xmx2048m -Dfile.encoding=UTF-8 -Duser.country=IN -Duser.language=en -Duser.variant 
java_command: org.gradle.launcher.daemon.bootstrap.GradleDaemon 7.4
java_class_path (initial): C:\Users\parma\.gradle\wrapper\dists\gradle-7.4-bin\c0gwcg53nkjbqw7r0h0umtfvt\gradle-7.4\lib\gradle-launcher-7.4.jar
Launcher Type: SUN_STANDARD

[Global flags]
     intx CICompilerCount                          = 4                                         {product} {ergonomic}
     uint ConcGCThreads                            = 2                                         {product} {ergonomic}
     uint G1ConcRefinementThreads                  = 8                                         {product} {ergonomic}
   size_t G1HeapRegionSize                         = 1048576                                   {product} {ergonomic}
    uintx GCDrainStackTargetSize                   = 64                                        {product} {ergonomic}
   size_t InitialHeapSize                          = 134217728                                 {product} {ergonomic}
   size_t MarkStackSize                            = 4194304                                   {product} {ergonomic}
   size_t MaxHeapSize                              = 2147483648                                {product} {command line}
   size_t MaxNewSize                               = 1287651328                                {product} {ergonomic}
   size_t MinHeapDeltaBytes                        = 1048576                                   {product} {ergonomic}
    uintx NonNMethodCodeHeapSize                   = 5836300                                {pd product} {ergonomic}
    uintx NonProfiledCodeHeapSize                  = 122910970                              {pd product} {ergonomic}
    uintx ProfiledCodeHeapSize                     = 122910970                              {pd product} {ergonomic}
    uintx ReservedCodeCacheSize                    = 251658240                              {pd product} {ergonomic}
     bool SegmentedCodeCache                       = true                                      {product} {ergonomic}
     bool UseCompressedClassPointers               = true                                 {lp64_product} {ergonomic}
     bool UseCompressedOops                        = true                                 {lp64_product} {ergonomic}
     bool UseG1GC                                  = true                                      {product} {ergonomic}
     bool UseLargePagesIndividualAllocation        = false                                  {pd product} {ergonomic}

Logging:
Log output configuration:
 #0: stdout all=warning uptime,level,tags
 #1: stderr all=off uptime,level,tags

Environment Variables:
PATH=C:\Program Files\Common Files\Oracle\Java\javapath;C:\WINDOWS\system32;C:\WINDOWS;C:\WINDOWS\System32\Wbem;C:\WINDOWS\System32\WindowsPowerShell\v1.0\;C:\WINDOWS\System32\OpenSSH\;C:\Program Files (x86)\NVIDIA Corporation\PhysX\Common;C:\Program Files\dotnet\;C:\Users\parma\AppData\Local\Microsoft\WindowsApps;C:\Users\parma\AppData\Local\Programs\Microsoft VS Code\bin;C:\Program Files\Java\jdk-19\bin;
USERNAME=parma
OS=Windows_NT
PROCESSOR_IDENTIFIER=Intel64 Family 6 Model 142 Stepping 10, GenuineIntel



---------------  S Y S T E M  ---------------

OS: Windows 11 , 64 bit Build 22621 (10.0.22621.891)
OS uptime: 2 days 1:36 hours

CPU:total 8 (initial active 8) (4 cores per cpu, 2 threads per core) family 6 model 142 stepping 10 microcode 0xe0, cmov, cx8, fxsr, mmx, sse, sse2, sse3, ssse3, sse4.1, sse4.2, popcnt, avx, avx2, aes, clmul, erms, 3dnowpref, lzcnt, ht, tsc, tscinvbit, bmi1, bmi2, adx, fma

Memory: 4k page, system-wide physical 8103M (397M free)
TotalPageFile size 9103M (AvailPageFile size 7M)
current process WorkingSet (physical memory assigned to process): 263M, peak: 266M
current process commit charge ("private bytes"): 308M, peak: 311M

vm_info: OpenJDK 64-Bit Server VM (11.0.13+0-b1751.21-8125866) for windows-amd64 JRE (11.0.13+0-b1751.21-8125866), built on Feb  2 2022 03:00:22 by "builder" with MS VC++ 14.0 (VS2015)

END.
