#
# There is insufficient memory for the Java Runtime Environment to continue.
# Native memory allocation (malloc) failed to allocate 1203376 bytes for Chunk::new
# Possible reasons:
#   The system is out of physical RAM or swap space
#   The process is running with CompressedOops enabled, and the Java Heap may be blocking the growth of the native heap
# Possible solutions:
#   Reduce memory load on the system
#   Increase physical memory or swap space
#   Check if swap backing store is full
#   Decrease Java heap size (-Xmx/-Xms)
#   Decrease number of Java threads
#   Decrease Java thread stack sizes (-Xss)
#   Set larger code cache with -XX:ReservedCodeCacheSize=
#   JVM is running with Unscaled Compressed Oops mode in which the Java heap is
#     placed in the first 4GB address space. The Java Heap base address is the
#     maximum limit for the native heap growth. Please use -XX:HeapBaseMinAddress
#     to set the Java Heap base and to place the Java Heap above 4GB virtual address.
# This output file may be truncated or incomplete.
#
#  Out of Memory Error (./src/hotspot/share/memory/arena.cpp:197), pid=15852, tid=5904
#
# JRE version: OpenJDK Runtime Environment (11.0.13) (build 11.0.13+0-b1751.21-8125866)
# Java VM: OpenJDK 64-Bit Server VM (11.0.13+0-b1751.21-8125866, mixed mode, tiered, compressed oops, g1 gc, windows-amd64)
# No core dump will be written. Minidumps are not enabled by default on client versions of Windows
#

---------------  S U M M A R Y ------------

Command Line: --add-opens=java.base/java.util=ALL-UNNAMED --add-opens=java.base/java.lang=ALL-UNNAMED --add-opens=java.base/java.lang.invoke=ALL-UNNAMED --add-opens=java.base/java.util=ALL-UNNAMED --add-opens=java.prefs/java.util.prefs=ALL-UNNAMED --add-opens=java.prefs/java.util.prefs=ALL-UNNAMED --add-opens=java.base/java.nio.charset=ALL-UNNAMED --add-opens=java.base/java.net=ALL-UNNAMED --add-opens=java.base/java.util.concurrent.atomic=ALL-UNNAMED -Xmx2048m -Dfile.encoding=UTF-8 -Duser.country=IN -Duser.language=en -Duser.variant org.gradle.launcher.daemon.bootstrap.GradleDaemon 7.4

Host: Intel(R) Core(TM) i5-8250U CPU @ 1.60GHz, 8 cores, 7G,  Windows 11 , 64 bit Build 22621 (10.0.22621.1028)
Time: Thu Dec  8 16:36:17 2022 India Standard Time elapsed time: 3.337486 seconds (0d 0h 0m 3s)

---------------  T H R E A D  ---------------

Current thread (0x00000212f665e800):  JavaThread "C2 CompilerThread0" daemon [_thread_in_native, id=5904, stack(0x000000bb9a700000,0x000000bb9a800000)]


Current CompileTask:
C2:   3337 1876   !   4       java.lang.ClassLoader::loadClass (122 bytes)

Stack: [0x000000bb9a700000,0x000000bb9a800000]
Native frames: (J=compiled Java code, j=interpreted, Vv=VM code, C=native code)
V  [jvm.dll+0x6100fa]
V  [jvm.dll+0x747090]
V  [jvm.dll+0x7486ad]
V  [jvm.dll+0x748d83]
V  [jvm.dll+0x24ab48]
V  [jvm.dll+0xc04dc]
V  [jvm.dll+0xc0a0c]
V  [jvm.dll+0x35eb9d]
V  [jvm.dll+0x19d7bc]
V  [jvm.dll+0x2033be]
V  [jvm.dll+0x202437]
V  [jvm.dll+0x188e01]
V  [jvm.dll+0x21106b]
V  [jvm.dll+0x20f8c1]
V  [jvm.dll+0x70de0f]
V  [jvm.dll+0x706a75]
V  [jvm.dll+0x60ed66]
C  [ucrtbase.dll+0x29363]
C  [KERNEL32.DLL+0x1247d]
C  [ntdll.dll+0x5dfb8]


---------------  P R O C E S S  ---------------

Threads class SMR info:
_java_thread_list=0x00000212f8fec380, length=23, elements={
0x00000212d9ffc000, 0x00000212f663e800, 0x00000212f663f800, 0x00000212f6659800,
0x00000212f665a800, 0x00000212f665b800, 0x00000212f665e800, 0x00000212f6fc2800,
0x00000212f6fc7000, 0x00000212f711f000, 0x00000212f976d800, 0x00000212f7377800,
0x00000212f7e87000, 0x00000212f8f31000, 0x00000212f9060000, 0x00000212f96c6000,
0x00000212f90ce000, 0x00000212f91b7000, 0x00000212f8ff2800, 0x00000212f9381800,
0x00000212fa059800, 0x00000212fa057800, 0x00000212fa05a000
}

Java Threads: ( => current thread )
  0x00000212d9ffc000 JavaThread "main" [_thread_blocked, id=7404, stack(0x000000bb99b00000,0x000000bb99c00000)]
  0x00000212f663e800 JavaThread "Reference Handler" daemon [_thread_blocked, id=3280, stack(0x000000bb9a200000,0x000000bb9a300000)]
  0x00000212f663f800 JavaThread "Finalizer" daemon [_thread_blocked, id=1416, stack(0x000000bb9a300000,0x000000bb9a400000)]
  0x00000212f6659800 JavaThread "Signal Dispatcher" daemon [_thread_blocked, id=15560, stack(0x000000bb9a400000,0x000000bb9a500000)]
  0x00000212f665a800 JavaThread "Attach Listener" daemon [_thread_blocked, id=11280, stack(0x000000bb9a500000,0x000000bb9a600000)]
  0x00000212f665b800 JavaThread "Service Thread" daemon [_thread_blocked, id=9132, stack(0x000000bb9a600000,0x000000bb9a700000)]
=>0x00000212f665e800 JavaThread "C2 CompilerThread0" daemon [_thread_in_native, id=5904, stack(0x000000bb9a700000,0x000000bb9a800000)]
  0x00000212f6fc2800 JavaThread "C1 CompilerThread0" daemon [_thread_blocked, id=15920, stack(0x000000bb9a800000,0x000000bb9a900000)]
  0x00000212f6fc7000 JavaThread "Sweeper thread" daemon [_thread_blocked, id=9748, stack(0x000000bb9a900000,0x000000bb9aa00000)]
  0x00000212f711f000 JavaThread "Common-Cleaner" daemon [_thread_blocked, id=14276, stack(0x000000bb9aa00000,0x000000bb9ab00000)]
  0x00000212f976d800 JavaThread "Daemon health stats" [_thread_blocked, id=16120, stack(0x000000bb9af00000,0x000000bb9b000000)]
  0x00000212f7377800 JavaThread "Incoming local TCP Connector on port 60263" [_thread_in_native, id=6956, stack(0x000000bb9ac00000,0x000000bb9ad00000)]
  0x00000212f7e87000 JavaThread "Daemon periodic checks" [_thread_blocked, id=792, stack(0x000000bb9b000000,0x000000bb9b100000)]
  0x00000212f8f31000 JavaThread "Daemon" [_thread_blocked, id=9980, stack(0x000000bb9b100000,0x000000bb9b200000)]
  0x00000212f9060000 JavaThread "Handler for socket connection from /127.0.0.1:60263 to /127.0.0.1:60264" [_thread_in_native, id=7408, stack(0x000000bb9b200000,0x000000bb9b300000)]
  0x00000212f96c6000 JavaThread "Cancel handler" [_thread_blocked, id=3144, stack(0x000000bb9b300000,0x000000bb9b400000)]
  0x00000212f90ce000 JavaThread "Daemon worker" [_thread_in_vm, id=15592, stack(0x000000bb9b400000,0x000000bb9b500000)]
  0x00000212f91b7000 JavaThread "Asynchronous log dispatcher for DefaultDaemonConnection: socket connection from /127.0.0.1:60263 to /127.0.0.1:60264" [_thread_blocked, id=13428, stack(0x000000bb9b500000,0x000000bb9b600000)]
  0x00000212f8ff2800 JavaThread "Stdin handler" [_thread_blocked, id=9324, stack(0x000000bb9b600000,0x000000bb9b700000)]
  0x00000212f9381800 JavaThread "Daemon client event forwarder" [_thread_blocked, id=4880, stack(0x000000bb9b700000,0x000000bb9b800000)]
  0x00000212fa059800 JavaThread "Cache worker for journal cache (C:\Users\parma\.gradle\caches\journal-1)" [_thread_blocked, id=4828, stack(0x000000bb9b800000,0x000000bb9b900000)]
  0x00000212fa057800 JavaThread "File lock request listener" [_thread_in_native, id=16248, stack(0x000000bb9be00000,0x000000bb9bf00000)]
  0x00000212fa05a000 JavaThread "Cache worker for file hash cache (C:\Users\parma\.gradle\caches\7.4\fileHashes)" [_thread_blocked, id=13552, stack(0x000000bb9c000000,0x000000bb9c100000)]

Other Threads:
  0x00000212f663a000 VMThread "VM Thread" [stack: 0x000000bb9a100000,0x000000bb9a200000] [id=1484]
  0x00000212f7162800 WatcherThread [stack: 0x000000bb9ab00000,0x000000bb9ac00000] [id=9744]
  0x00000212dc1a2800 GCTaskThread "GC Thread#0" [stack: 0x000000bb99c00000,0x000000bb99d00000] [id=1656]
  0x00000212f7d02800 GCTaskThread "GC Thread#1" [stack: 0x000000bb9ad00000,0x000000bb9ae00000] [id=4620]
  0x00000212f7930000 GCTaskThread "GC Thread#2" [stack: 0x000000bb9ae00000,0x000000bb9af00000] [id=12856]
  0x00000212f7db9000 GCTaskThread "GC Thread#3" [stack: 0x000000bb9b900000,0x000000bb9ba00000] [id=13204]
  0x00000212f941b800 GCTaskThread "GC Thread#4" [stack: 0x000000bb9ba00000,0x000000bb9bb00000] [id=1848]
  0x00000212f91d7000 GCTaskThread "GC Thread#5" [stack: 0x000000bb9bb00000,0x000000bb9bc00000] [id=13040]
  0x00000212f9136800 GCTaskThread "GC Thread#6" [stack: 0x000000bb9bc00000,0x000000bb9bd00000] [id=7956]
  0x00000212f8a48000 GCTaskThread "GC Thread#7" [stack: 0x000000bb9bd00000,0x000000bb9be00000] [id=6492]
  0x00000212dc1d5000 ConcurrentGCThread "G1 Main Marker" [stack: 0x000000bb99d00000,0x000000bb99e00000] [id=1564]
  0x00000212dc1d7800 ConcurrentGCThread "G1 Conc#0" [stack: 0x000000bb99e00000,0x000000bb99f00000] [id=6632]
  0x00000212f8fed800 ConcurrentGCThread "G1 Conc#1" [stack: 0x000000bb9bf00000,0x000000bb9c000000] [id=13032]
  0x00000212f6490800 ConcurrentGCThread "G1 Refine#0" [stack: 0x000000bb99f00000,0x000000bb9a000000] [id=4088]
  0x00000212f6492800 ConcurrentGCThread "G1 Young RemSet Sampling" [stack: 0x000000bb9a000000,0x000000bb9a100000] [id=15856]

Threads with active compile tasks:
C2 CompilerThread0   3402 1876   !   4       java.lang.ClassLoader::loadClass (122 bytes)

VM state:not at safepoint (normal execution)

VM Mutex/Monitor currently owned by a thread: None

Heap address: 0x0000000080000000, size: 2048 MB, Compressed Oops mode: 32-bit
Narrow klass base: 0x0000000000000000, Narrow klass shift: 3
Compressed class space size: 1073741824 Address: 0x0000000100000000

Heap:
 garbage-first heap   total 131072K, used 27875K [0x0000000080000000, 0x0000000100000000)
  region size 1024K, 13 young (13312K), 2 survivors (2048K)
 Metaspace       used 22033K, capacity 22536K, committed 22656K, reserved 1069056K
  class space    used 2743K, capacity 2917K, committed 2944K, reserved 1048576K
Heap Regions: E=young(eden), S=young(survivor), O=old, HS=humongous(starts), HC=humongous(continues), CS=collection set, F=free, A=archive, TAMS=top-at-mark-start (previous, next)
|   0|0x0000000080000000, 0x0000000080100000, 0x0000000080100000|100%| O|  |TAMS 0x0000000080100000, 0x0000000080000000| Untracked 
|   1|0x0000000080100000, 0x0000000080200000, 0x0000000080200000|100%| O|  |TAMS 0x0000000080200000, 0x0000000080100000| Untracked 
|   2|0x0000000080200000, 0x0000000080300000, 0x0000000080300000|100%| O|  |TAMS 0x0000000080300000, 0x0000000080200000| Untracked 
|   3|0x0000000080300000, 0x0000000080400000, 0x0000000080400000|100%|HS|  |TAMS 0x0000000080400000, 0x0000000080300000| Complete 
|   4|0x0000000080400000, 0x0000000080500000, 0x0000000080500000|100%|HC|  |TAMS 0x0000000080500000, 0x0000000080400000| Complete 
|   5|0x0000000080500000, 0x0000000080600000, 0x0000000080600000|100%|HC|  |TAMS 0x0000000080600000, 0x0000000080500000| Complete 
|   6|0x0000000080600000, 0x0000000080700000, 0x0000000080700000|100%| O|  |TAMS 0x0000000080700000, 0x0000000080600000| Untracked 
|   7|0x0000000080700000, 0x0000000080800000, 0x0000000080800000|100%| O|  |TAMS 0x0000000080800000, 0x0000000080700000| Untracked 
|   8|0x0000000080800000, 0x0000000080900000, 0x0000000080900000|100%| O|  |TAMS 0x0000000080900000, 0x0000000080800000| Untracked 
|   9|0x0000000080900000, 0x0000000080a00000, 0x0000000080a00000|100%| O|  |TAMS 0x0000000080a00000, 0x0000000080900000| Untracked 
|  10|0x0000000080a00000, 0x0000000080b00000, 0x0000000080b00000|100%| O|  |TAMS 0x0000000080b00000, 0x0000000080a00000| Untracked 
|  11|0x0000000080b00000, 0x0000000080c00000, 0x0000000080c00000|100%| O|  |TAMS 0x0000000080c00000, 0x0000000080b00000| Untracked 
|  12|0x0000000080c00000, 0x0000000080d00000, 0x0000000080d00000|100%| O|  |TAMS 0x0000000080d00000, 0x0000000080c00000| Untracked 
|  13|0x0000000080d00000, 0x0000000080e00000, 0x0000000080e00000|100%| O|  |TAMS 0x0000000080e00000, 0x0000000080d00000| Untracked 
|  14|0x0000000080e00000, 0x0000000080f00000, 0x0000000080f00000|100%| O|  |TAMS 0x0000000080f00000, 0x0000000080e00000| Untracked 
|  15|0x0000000080f00000, 0x0000000081000000, 0x0000000081000000|100%| O|  |TAMS 0x0000000081000000, 0x0000000080f00000| Untracked 
|  16|0x0000000081000000, 0x000000008100c000, 0x0000000081100000|  4%| O|  |TAMS 0x000000008100c000, 0x0000000081000000| Untracked 
|  17|0x0000000081100000, 0x0000000081100000, 0x0000000081200000|  0%| F|  |TAMS 0x0000000081100000, 0x0000000081100000| Untracked 
|  18|0x0000000081200000, 0x0000000081200000, 0x0000000081300000|  0%| F|  |TAMS 0x0000000081200000, 0x0000000081200000| Untracked 
|  19|0x0000000081300000, 0x0000000081300000, 0x0000000081400000|  0%| F|  |TAMS 0x0000000081300000, 0x0000000081300000| Untracked 
|  20|0x0000000081400000, 0x0000000081400000, 0x0000000081500000|  0%| F|  |TAMS 0x0000000081400000, 0x0000000081400000| Untracked 
|  21|0x0000000081500000, 0x0000000081500000, 0x0000000081600000|  0%| F|  |TAMS 0x0000000081500000, 0x0000000081500000| Untracked 
|  22|0x0000000081600000, 0x0000000081600000, 0x0000000081700000|  0%| F|  |TAMS 0x0000000081600000, 0x0000000081600000| Untracked 
|  23|0x0000000081700000, 0x0000000081700000, 0x0000000081800000|  0%| F|  |TAMS 0x0000000081700000, 0x0000000081700000| Untracked 
|  24|0x0000000081800000, 0x0000000081800000, 0x0000000081900000|  0%| F|  |TAMS 0x0000000081800000, 0x0000000081800000| Untracked 
|  25|0x0000000081900000, 0x0000000081900000, 0x0000000081a00000|  0%| F|  |TAMS 0x0000000081900000, 0x0000000081900000| Untracked 
|  26|0x0000000081a00000, 0x0000000081a00000, 0x0000000081b00000|  0%| F|  |TAMS 0x0000000081a00000, 0x0000000081a00000| Untracked 
|  27|0x0000000081b00000, 0x0000000081b00000, 0x0000000081c00000|  0%| F|  |TAMS 0x0000000081b00000, 0x0000000081b00000| Untracked 
|  28|0x0000000081c00000, 0x0000000081c00000, 0x0000000081d00000|  0%| F|  |TAMS 0x0000000081c00000, 0x0000000081c00000| Untracked 
|  29|0x0000000081d00000, 0x0000000081d00000, 0x0000000081e00000|  0%| F|  |TAMS 0x0000000081d00000, 0x0000000081d00000| Untracked 
|  30|0x0000000081e00000, 0x0000000081e00000, 0x0000000081f00000|  0%| F|  |TAMS 0x0000000081e00000, 0x0000000081e00000| Untracked 
|  31|0x0000000081f00000, 0x0000000081f00000, 0x0000000082000000|  0%| F|  |TAMS 0x0000000081f00000, 0x0000000081f00000| Untracked 
|  32|0x0000000082000000, 0x0000000082000000, 0x0000000082100000|  0%| F|  |TAMS 0x0000000082000000, 0x0000000082000000| Untracked 
|  33|0x0000000082100000, 0x0000000082100000, 0x0000000082200000|  0%| F|  |TAMS 0x0000000082100000, 0x0000000082100000| Untracked 
|  34|0x0000000082200000, 0x0000000082200000, 0x0000000082300000|  0%| F|  |TAMS 0x0000000082200000, 0x0000000082200000| Untracked 
|  35|0x0000000082300000, 0x0000000082300000, 0x0000000082400000|  0%| F|  |TAMS 0x0000000082300000, 0x0000000082300000| Untracked 
|  36|0x0000000082400000, 0x0000000082400000, 0x0000000082500000|  0%| F|  |TAMS 0x0000000082400000, 0x0000000082400000| Untracked 
|  37|0x0000000082500000, 0x0000000082500000, 0x0000000082600000|  0%| F|  |TAMS 0x0000000082500000, 0x0000000082500000| Untracked 
|  38|0x0000000082600000, 0x0000000082600000, 0x0000000082700000|  0%| F|  |TAMS 0x0000000082600000, 0x0000000082600000| Untracked 
|  39|0x0000000082700000, 0x0000000082700000, 0x0000000082800000|  0%| F|  |TAMS 0x0000000082700000, 0x0000000082700000| Untracked 
|  40|0x0000000082800000, 0x0000000082800000, 0x0000000082900000|  0%| F|  |TAMS 0x0000000082800000, 0x0000000082800000| Untracked 
|  41|0x0000000082900000, 0x0000000082900000, 0x0000000082a00000|  0%| F|  |TAMS 0x0000000082900000, 0x0000000082900000| Untracked 
|  42|0x0000000082a00000, 0x0000000082a00000, 0x0000000082b00000|  0%| F|  |TAMS 0x0000000082a00000, 0x0000000082a00000| Untracked 
|  43|0x0000000082b00000, 0x0000000082b00000, 0x0000000082c00000|  0%| F|  |TAMS 0x0000000082b00000, 0x0000000082b00000| Untracked 
|  44|0x0000000082c00000, 0x0000000082c00000, 0x0000000082d00000|  0%| F|  |TAMS 0x0000000082c00000, 0x0000000082c00000| Untracked 
|  45|0x0000000082d00000, 0x0000000082d00000, 0x0000000082e00000|  0%| F|  |TAMS 0x0000000082d00000, 0x0000000082d00000| Untracked 
|  46|0x0000000082e00000, 0x0000000082e00000, 0x0000000082f00000|  0%| F|  |TAMS 0x0000000082e00000, 0x0000000082e00000| Untracked 
|  47|0x0000000082f00000, 0x0000000082f00000, 0x0000000083000000|  0%| F|  |TAMS 0x0000000082f00000, 0x0000000082f00000| Untracked 
|  48|0x0000000083000000, 0x0000000083000000, 0x0000000083100000|  0%| F|  |TAMS 0x0000000083000000, 0x0000000083000000| Untracked 
|  49|0x0000000083100000, 0x0000000083100000, 0x0000000083200000|  0%| F|  |TAMS 0x0000000083100000, 0x0000000083100000| Untracked 
|  50|0x0000000083200000, 0x0000000083200000, 0x0000000083300000|  0%| F|  |TAMS 0x0000000083200000, 0x0000000083200000| Untracked 
|  51|0x0000000083300000, 0x0000000083300000, 0x0000000083400000|  0%| F|  |TAMS 0x0000000083300000, 0x0000000083300000| Untracked 
|  52|0x0000000083400000, 0x0000000083400000, 0x0000000083500000|  0%| F|  |TAMS 0x0000000083400000, 0x0000000083400000| Untracked 
|  53|0x0000000083500000, 0x0000000083500000, 0x0000000083600000|  0%| F|  |TAMS 0x0000000083500000, 0x0000000083500000| Untracked 
|  54|0x0000000083600000, 0x0000000083600000, 0x0000000083700000|  0%| F|  |TAMS 0x0000000083600000, 0x0000000083600000| Untracked 
|  55|0x0000000083700000, 0x0000000083700000, 0x0000000083800000|  0%| F|  |TAMS 0x0000000083700000, 0x0000000083700000| Untracked 
|  56|0x0000000083800000, 0x0000000083800000, 0x0000000083900000|  0%| F|  |TAMS 0x0000000083800000, 0x0000000083800000| Untracked 
|  57|0x0000000083900000, 0x0000000083900000, 0x0000000083a00000|  0%| F|  |TAMS 0x0000000083900000, 0x0000000083900000| Untracked 
|  58|0x0000000083a00000, 0x0000000083a00000, 0x0000000083b00000|  0%| F|  |TAMS 0x0000000083a00000, 0x0000000083a00000| Untracked 
|  59|0x0000000083b00000, 0x0000000083b00000, 0x0000000083c00000|  0%| F|  |TAMS 0x0000000083b00000, 0x0000000083b00000| Untracked 
|  60|0x0000000083c00000, 0x0000000083c00000, 0x0000000083d00000|  0%| F|  |TAMS 0x0000000083c00000, 0x0000000083c00000| Untracked 
|  61|0x0000000083d00000, 0x0000000083d00000, 0x0000000083e00000|  0%| F|  |TAMS 0x0000000083d00000, 0x0000000083d00000| Untracked 
|  62|0x0000000083e00000, 0x0000000083e00000, 0x0000000083f00000|  0%| F|  |TAMS 0x0000000083e00000, 0x0000000083e00000| Untracked 
|  63|0x0000000083f00000, 0x0000000083f00000, 0x0000000084000000|  0%| F|  |TAMS 0x0000000083f00000, 0x0000000083f00000| Untracked 
|  64|0x0000000084000000, 0x0000000084000000, 0x0000000084100000|  0%| F|  |TAMS 0x0000000084000000, 0x0000000084000000| Untracked 
|  65|0x0000000084100000, 0x0000000084100000, 0x0000000084200000|  0%| F|  |TAMS 0x0000000084100000, 0x0000000084100000| Untracked 
|  66|0x0000000084200000, 0x0000000084200000, 0x0000000084300000|  0%| F|  |TAMS 0x0000000084200000, 0x0000000084200000| Untracked 
|  67|0x0000000084300000, 0x0000000084300000, 0x0000000084400000|  0%| F|  |TAMS 0x0000000084300000, 0x0000000084300000| Untracked 
|  68|0x0000000084400000, 0x0000000084400000, 0x0000000084500000|  0%| F|  |TAMS 0x0000000084400000, 0x0000000084400000| Untracked 
|  69|0x0000000084500000, 0x0000000084500000, 0x0000000084600000|  0%| F|  |TAMS 0x0000000084500000, 0x0000000084500000| Untracked 
|  70|0x0000000084600000, 0x0000000084600000, 0x0000000084700000|  0%| F|  |TAMS 0x0000000084600000, 0x0000000084600000| Untracked 
|  71|0x0000000084700000, 0x0000000084700000, 0x0000000084800000|  0%| F|  |TAMS 0x0000000084700000, 0x0000000084700000| Untracked 
|  72|0x0000000084800000, 0x0000000084800000, 0x0000000084900000|  0%| F|  |TAMS 0x0000000084800000, 0x0000000084800000| Untracked 
|  73|0x0000000084900000, 0x0000000084900000, 0x0000000084a00000|  0%| F|  |TAMS 0x0000000084900000, 0x0000000084900000| Untracked 
|  74|0x0000000084a00000, 0x0000000084a00000, 0x0000000084b00000|  0%| F|  |TAMS 0x0000000084a00000, 0x0000000084a00000| Untracked 
|  75|0x0000000084b00000, 0x0000000084b00000, 0x0000000084c00000|  0%| F|  |TAMS 0x0000000084b00000, 0x0000000084b00000| Untracked 
|  76|0x0000000084c00000, 0x0000000084c00000, 0x0000000084d00000|  0%| F|  |TAMS 0x0000000084c00000, 0x0000000084c00000| Untracked 
|  77|0x0000000084d00000, 0x0000000084d00000, 0x0000000084e00000|  0%| F|  |TAMS 0x0000000084d00000, 0x0000000084d00000| Untracked 
|  78|0x0000000084e00000, 0x0000000084e00000, 0x0000000084f00000|  0%| F|  |TAMS 0x0000000084e00000, 0x0000000084e00000| Untracked 
|  79|0x0000000084f00000, 0x0000000084f00000, 0x0000000085000000|  0%| F|  |TAMS 0x0000000084f00000, 0x0000000084f00000| Untracked 
|  80|0x0000000085000000, 0x0000000085000000, 0x0000000085100000|  0%| F|  |TAMS 0x0000000085000000, 0x0000000085000000| Untracked 
|  81|0x0000000085100000, 0x0000000085100000, 0x0000000085200000|  0%| F|  |TAMS 0x0000000085100000, 0x0000000085100000| Untracked 
|  82|0x0000000085200000, 0x0000000085200000, 0x0000000085300000|  0%| F|  |TAMS 0x0000000085200000, 0x0000000085200000| Untracked 
|  83|0x0000000085300000, 0x0000000085300000, 0x0000000085400000|  0%| F|  |TAMS 0x0000000085300000, 0x0000000085300000| Untracked 
|  84|0x0000000085400000, 0x0000000085400000, 0x0000000085500000|  0%| F|  |TAMS 0x0000000085400000, 0x0000000085400000| Untracked 
|  85|0x0000000085500000, 0x0000000085500000, 0x0000000085600000|  0%| F|  |TAMS 0x0000000085500000, 0x0000000085500000| Untracked 
|  86|0x0000000085600000, 0x0000000085600000, 0x0000000085700000|  0%| F|  |TAMS 0x0000000085600000, 0x0000000085600000| Untracked 
|  87|0x0000000085700000, 0x0000000085700000, 0x0000000085800000|  0%| F|  |TAMS 0x0000000085700000, 0x0000000085700000| Untracked 
|  88|0x0000000085800000, 0x0000000085800000, 0x0000000085900000|  0%| F|  |TAMS 0x0000000085800000, 0x0000000085800000| Untracked 
|  89|0x0000000085900000, 0x0000000085900000, 0x0000000085a00000|  0%| F|  |TAMS 0x0000000085900000, 0x0000000085900000| Untracked 
|  90|0x0000000085a00000, 0x0000000085a00000, 0x0000000085b00000|  0%| F|  |TAMS 0x0000000085a00000, 0x0000000085a00000| Untracked 
|  91|0x0000000085b00000, 0x0000000085b00000, 0x0000000085c00000|  0%| F|  |TAMS 0x0000000085b00000, 0x0000000085b00000| Untracked 
|  92|0x0000000085c00000, 0x0000000085c00000, 0x0000000085d00000|  0%| F|  |TAMS 0x0000000085c00000, 0x0000000085c00000| Untracked 
|  93|0x0000000085d00000, 0x0000000085d00000, 0x0000000085e00000|  0%| F|  |TAMS 0x0000000085d00000, 0x0000000085d00000| Untracked 
|  94|0x0000000085e00000, 0x0000000085e00000, 0x0000000085f00000|  0%| F|  |TAMS 0x0000000085e00000, 0x0000000085e00000| Untracked 
|  95|0x0000000085f00000, 0x0000000085f00000, 0x0000000086000000|  0%| F|  |TAMS 0x0000000085f00000, 0x0000000085f00000| Untracked 
|  96|0x0000000086000000, 0x0000000086000000, 0x0000000086100000|  0%| F|  |TAMS 0x0000000086000000, 0x0000000086000000| Untracked 
|  97|0x0000000086100000, 0x0000000086100000, 0x0000000086200000|  0%| F|  |TAMS 0x0000000086100000, 0x0000000086100000| Untracked 
|  98|0x0000000086200000, 0x0000000086200000, 0x0000000086300000|  0%| F|  |TAMS 0x0000000086200000, 0x0000000086200000| Untracked 
|  99|0x0000000086300000, 0x000000008632cd60, 0x0000000086400000| 17%| S|CS|TAMS 0x0000000086300000, 0x0000000086300000| Complete 
| 100|0x0000000086400000, 0x0000000086500000, 0x0000000086500000|100%| S|CS|TAMS 0x0000000086400000, 0x0000000086400000| Complete 
| 101|0x0000000086500000, 0x0000000086500000, 0x0000000086600000|  0%| F|  |TAMS 0x0000000086500000, 0x0000000086500000| Untracked 
| 102|0x0000000086600000, 0x0000000086600000, 0x0000000086700000|  0%| F|  |TAMS 0x0000000086600000, 0x0000000086600000| Untracked 
| 103|0x0000000086700000, 0x0000000086700000, 0x0000000086800000|  0%| F|  |TAMS 0x0000000086700000, 0x0000000086700000| Untracked 
| 104|0x0000000086800000, 0x0000000086800000, 0x0000000086900000|  0%| F|  |TAMS 0x0000000086800000, 0x0000000086800000| Untracked 
| 105|0x0000000086900000, 0x0000000086900000, 0x0000000086a00000|  0%| F|  |TAMS 0x0000000086900000, 0x0000000086900000| Untracked 
| 106|0x0000000086a00000, 0x0000000086a00000, 0x0000000086b00000|  0%| F|  |TAMS 0x0000000086a00000, 0x0000000086a00000| Untracked 
| 107|0x0000000086b00000, 0x0000000086b00000, 0x0000000086c00000|  0%| F|  |TAMS 0x0000000086b00000, 0x0000000086b00000| Untracked 
| 108|0x0000000086c00000, 0x0000000086c00000, 0x0000000086d00000|  0%| F|  |TAMS 0x0000000086c00000, 0x0000000086c00000| Untracked 
| 109|0x0000000086d00000, 0x0000000086d00000, 0x0000000086e00000|  0%| F|  |TAMS 0x0000000086d00000, 0x0000000086d00000| Untracked 
| 110|0x0000000086e00000, 0x0000000086e00000, 0x0000000086f00000|  0%| F|  |TAMS 0x0000000086e00000, 0x0000000086e00000| Untracked 
| 111|0x0000000086f00000, 0x0000000086f00000, 0x0000000087000000|  0%| F|  |TAMS 0x0000000086f00000, 0x0000000086f00000| Untracked 
| 112|0x0000000087000000, 0x0000000087000000, 0x0000000087100000|  0%| F|  |TAMS 0x0000000087000000, 0x0000000087000000| Untracked 
| 113|0x0000000087100000, 0x0000000087100000, 0x0000000087200000|  0%| F|  |TAMS 0x0000000087100000, 0x0000000087100000| Untracked 
| 114|0x0000000087200000, 0x0000000087200000, 0x0000000087300000|  0%| F|  |TAMS 0x0000000087200000, 0x0000000087200000| Untracked 
| 115|0x0000000087300000, 0x0000000087300000, 0x0000000087400000|  0%| F|  |TAMS 0x0000000087300000, 0x0000000087300000| Untracked 
| 116|0x0000000087400000, 0x0000000087400000, 0x0000000087500000|  0%| F|  |TAMS 0x0000000087400000, 0x0000000087400000| Untracked 
| 117|0x0000000087500000, 0x0000000087600000, 0x0000000087600000|100%| E|  |TAMS 0x0000000087500000, 0x0000000087500000| Complete 
| 118|0x0000000087600000, 0x0000000087700000, 0x0000000087700000|100%| E|CS|TAMS 0x0000000087600000, 0x0000000087600000| Complete 
| 119|0x0000000087700000, 0x0000000087800000, 0x0000000087800000|100%| E|CS|TAMS 0x0000000087700000, 0x0000000087700000| Complete 
| 120|0x0000000087800000, 0x0000000087900000, 0x0000000087900000|100%| E|CS|TAMS 0x0000000087800000, 0x0000000087800000| Complete 
| 121|0x0000000087900000, 0x0000000087a00000, 0x0000000087a00000|100%| E|CS|TAMS 0x0000000087900000, 0x0000000087900000| Complete 
| 122|0x0000000087a00000, 0x0000000087b00000, 0x0000000087b00000|100%| E|CS|TAMS 0x0000000087a00000, 0x0000000087a00000| Complete 
| 123|0x0000000087b00000, 0x0000000087c00000, 0x0000000087c00000|100%| E|CS|TAMS 0x0000000087b00000, 0x0000000087b00000| Complete 
| 124|0x0000000087c00000, 0x0000000087d00000, 0x0000000087d00000|100%| E|CS|TAMS 0x0000000087c00000, 0x0000000087c00000| Complete 
| 125|0x0000000087d00000, 0x0000000087e00000, 0x0000000087e00000|100%| E|CS|TAMS 0x0000000087d00000, 0x0000000087d00000| Complete 
| 126|0x0000000087e00000, 0x0000000087f00000, 0x0000000087f00000|100%| E|CS|TAMS 0x0000000087e00000, 0x0000000087e00000| Complete 
| 127|0x0000000087f00000, 0x0000000088000000, 0x0000000088000000|100%| E|CS|TAMS 0x0000000087f00000, 0x0000000087f00000| Complete 

Card table byte_map: [0x00000212ef3e0000,0x00000212ef7e0000] _byte_map_base: 0x00000212eefe0000

Marking Bits (Prev, Next): (CMBitMap*) 0x00000212dc1cc610, (CMBitMap*) 0x00000212dc1cc5d8
 Prev Bits: [0x00000212f1be0000, 0x00000212f3be0000)
 Next Bits: [0x00000212efbe0000, 0x00000212f1be0000)

Polling page: 0x00000212db960000

Metaspace:

Usage:
  Non-class:     19.22 MB capacity,    18.86 MB ( 98%) used,   326.26 KB (  2%) free+waste,    39.19 KB ( <1%) overhead. 
      Class:      2.85 MB capacity,     2.68 MB ( 94%) used,   149.74 KB (  5%) free+waste,    19.44 KB ( <1%) overhead. 
       Both:     22.07 MB capacity,    21.55 MB ( 98%) used,   476.00 KB (  2%) free+waste,    58.63 KB ( <1%) overhead. 

Virtual space:
  Non-class space:       20.00 MB reserved,      19.25 MB ( 96%) committed 
      Class space:        1.00 GB reserved,       2.88 MB ( <1%) committed 
             Both:        1.02 GB reserved,      22.13 MB (  2%) committed 

Chunk freelists:
   Non-Class:  29.00 KB
       Class:  27.00 KB
        Both:  56.00 KB

MaxMetaspaceSize: 17179869184.00 GB
CompressedClassSpaceSize: 1.00 GB
Initial GC threshold: 20.80 MB
Current GC threshold: 35.00 MB
CDS: off

CodeHeap 'non-profiled nmethods': size=120000Kb used=939Kb max_used=939Kb free=119060Kb
 bounds [0x00000212e7770000, 0x00000212e79e0000, 0x00000212eeca0000]
CodeHeap 'profiled nmethods': size=120000Kb used=3989Kb max_used=3989Kb free=116010Kb
 bounds [0x00000212e0240000, 0x00000212e0630000, 0x00000212e7770000]
CodeHeap 'non-nmethods': size=5760Kb used=1209Kb max_used=1223Kb free=4550Kb
 bounds [0x00000212dfca0000, 0x00000212dff10000, 0x00000212e0240000]
 total_blobs=2388 nmethods=1906 adapters=394
 compilation: enabled
              stopped_count=0, restarted_count=0
 full_count=0

Compilation events (20 events):
Event: 3.188 Thread 0x00000212f6fc2800 1878       3       java.lang.invoke.InnerClassLambdaMetafactory::getLoadOpcode (25 bytes)
Event: 3.189 Thread 0x00000212f6fc2800 nmethod 1878 0x00000212e0607090 code [0x00000212e0607260, 0x00000212e0607478]
Event: 3.189 Thread 0x00000212f6fc2800 1879       3       java.lang.invoke.InnerClassLambdaMetafactory::getParameterSize (27 bytes)
Event: 3.190 Thread 0x00000212f6fc2800 nmethod 1879 0x00000212e0607590 code [0x00000212e0607740, 0x00000212e0607918]
Event: 3.194 Thread 0x00000212f6fc2800 1881       3       sun.invoke.util.VerifyAccess::isTypeVisible (47 bytes)
Event: 3.194 Thread 0x00000212f6fc2800 nmethod 1881 0x00000212e0607990 code [0x00000212e0607b80, 0x00000212e0607f58]
Event: 3.218 Thread 0x00000212f6fc2800 1884       3       java.lang.String::substring (68 bytes)
Event: 3.218 Thread 0x00000212f6fc2800 nmethod 1884 0x00000212e0608190 code [0x00000212e06083e0, 0x00000212e0608b18]
Event: 3.218 Thread 0x00000212f6fc2800 1885       3       java.lang.invoke.MethodHandles$Lookup::checkSecurityManager (104 bytes)
Event: 3.219 Thread 0x00000212f6fc2800 nmethod 1885 0x00000212e0608d90 code [0x00000212e0609080, 0x00000212e0609f48]
Event: 3.219 Thread 0x00000212f6fc2800 1887       3       java.lang.invoke.Invokers$Holder::linkToTargetMethod (10 bytes)
Event: 3.219 Thread 0x00000212f6fc2800 nmethod 1887 0x00000212e060a410 code [0x00000212e060a5e0, 0x00000212e060a9f8]
Event: 3.229 Thread 0x00000212f6fc2800 1889       3       java.util.Vector::add (23 bytes)
Event: 3.230 Thread 0x00000212f6fc2800 nmethod 1889 0x00000212e060ab10 code [0x00000212e060ad20, 0x00000212e060b258]
Event: 3.232 Thread 0x00000212f6fc2800 1890       3       java.util.Collections::emptySet (4 bytes)
Event: 3.232 Thread 0x00000212f6fc2800 nmethod 1890 0x00000212e060b490 code [0x00000212e060b640, 0x00000212e060b738]
Event: 3.234 Thread 0x00000212f6fc2800 1891       3       java.lang.ClassLoader::addClass (9 bytes)
Event: 3.234 Thread 0x00000212f6fc2800 nmethod 1891 0x00000212e060b790 code [0x00000212e060b940, 0x00000212e060bb08]
Event: 3.234 Thread 0x00000212f6fc2800 1892  s    3       java.util.Vector::addElement (24 bytes)
Event: 3.234 Thread 0x00000212f6fc2800 nmethod 1892 0x00000212e060bc10 code [0x00000212e060be20, 0x00000212e060c538]

GC Heap History (6 events):
Event: 0.794 GC heap before
{Heap before GC invocations=0 (full 0):
 garbage-first heap   total 131072K, used 29696K [0x0000000080000000, 0x0000000100000000)
  region size 1024K, 24 young (24576K), 0 survivors (0K)
 Metaspace       used 10127K, capacity 10333K, committed 10624K, reserved 1058816K
  class space    used 1046K, capacity 1108K, committed 1152K, reserved 1048576K
}
Event: 0.799 GC heap after
{Heap after GC invocations=1 (full 0):
 garbage-first heap   total 131072K, used 9386K [0x0000000080000000, 0x0000000100000000)
  region size 1024K, 3 young (3072K), 3 survivors (3072K)
 Metaspace       used 10127K, capacity 10333K, committed 10624K, reserved 1058816K
  class space    used 1046K, capacity 1108K, committed 1152K, reserved 1048576K
}
Event: 2.659 GC heap before
{Heap before GC invocations=1 (full 0):
 garbage-first heap   total 131072K, used 84138K [0x0000000080000000, 0x0000000100000000)
  region size 1024K, 76 young (77824K), 3 survivors (3072K)
 Metaspace       used 17898K, capacity 18314K, committed 18432K, reserved 1064960K
  class space    used 2093K, capacity 2228K, committed 2304K, reserved 1048576K
}
Event: 2.673 GC heap after
{Heap after GC invocations=2 (full 0):
 garbage-first heap   total 131072K, used 15868K [0x0000000080000000, 0x0000000100000000)
  region size 1024K, 10 young (10240K), 10 survivors (10240K)
 Metaspace       used 17898K, capacity 18314K, committed 18432K, reserved 1064960K
  class space    used 2093K, capacity 2228K, committed 2304K, reserved 1048576K
}
Event: 3.102 GC heap before
{Heap before GC invocations=2 (full 0):
 garbage-first heap   total 131072K, used 42492K [0x0000000080000000, 0x0000000100000000)
  region size 1024K, 37 young (37888K), 10 survivors (10240K)
 Metaspace       used 20702K, capacity 21126K, committed 21248K, reserved 1067008K
  class space    used 2521K, capacity 2697K, committed 2816K, reserved 1048576K
}
Event: 3.110 GC heap after
{Heap after GC invocations=3 (full 0):
 garbage-first heap   total 131072K, used 17635K [0x0000000080000000, 0x0000000100000000)
  region size 1024K, 2 young (2048K), 2 survivors (2048K)
 Metaspace       used 20702K, capacity 21126K, committed 21248K, reserved 1067008K
  class space    used 2521K, capacity 2697K, committed 2816K, reserved 1048576K
}

Deoptimization events (20 events):
Event: 3.121 Thread 0x00000212f90ce000 Uncommon trap: trap_request=0xffffff4d fr.pc=0x00000212e77c2a30 relative=0x0000000000000a10
Event: 3.121 Thread 0x00000212f90ce000 Uncommon trap: reason=unstable_if action=reinterpret pc=0x00000212e77c2a30 method=java.io.WinNTFileSystem.resolve(Ljava/lang/String;Ljava/lang/String;)Ljava/lang/String; @ 19 c2
Event: 3.121 Thread 0x00000212f90ce000 DEOPT PACKING pc=0x00000212e77c2a30 sp=0x000000bb9b4fb3e0
Event: 3.121 Thread 0x00000212f90ce000 DEOPT UNPACKING pc=0x00000212dfcea1af sp=0x000000bb9b4fb378 mode 2
Event: 3.121 Thread 0x00000212f90ce000 Uncommon trap: trap_request=0xffffffc6 fr.pc=0x00000212e77e57a4 relative=0x0000000000000084
Event: 3.121 Thread 0x00000212f90ce000 Uncommon trap: reason=bimorphic_or_optimized_type_check action=maybe_recompile pc=0x00000212e77e57a4 method=java.util.AbstractList$Itr.hasNext()Z @ 8 c2
Event: 3.121 Thread 0x00000212f90ce000 DEOPT PACKING pc=0x00000212e77e57a4 sp=0x000000bb9b4fa9a0
Event: 3.121 Thread 0x00000212f90ce000 DEOPT UNPACKING pc=0x00000212dfcea1af sp=0x000000bb9b4fa938 mode 2
Event: 3.121 Thread 0x00000212f90ce000 Uncommon trap: trap_request=0xffffffc6 fr.pc=0x00000212e77e6af4 relative=0x0000000000000134
Event: 3.121 Thread 0x00000212f90ce000 Uncommon trap: reason=bimorphic_or_optimized_type_check action=maybe_recompile pc=0x00000212e77e6af4 method=java.util.AbstractList$Itr.next()Ljava/lang/Object; @ 14 c2
Event: 3.122 Thread 0x00000212f90ce000 DEOPT PACKING pc=0x00000212e77e6af4 sp=0x000000bb9b4fa990
Event: 3.122 Thread 0x00000212f90ce000 DEOPT UNPACKING pc=0x00000212dfcea1af sp=0x000000bb9b4fa928 mode 2
Event: 3.122 Thread 0x00000212f90ce000 Uncommon trap: trap_request=0xffffff4d fr.pc=0x00000212e77e4504 relative=0x00000000000005c4
Event: 3.122 Thread 0x00000212f90ce000 Uncommon trap: reason=unstable_if action=reinterpret pc=0x00000212e77e4504 method=java.io.File.getName()Ljava/lang/String; @ 16 c2
Event: 3.122 Thread 0x00000212f90ce000 DEOPT PACKING pc=0x00000212e77e4504 sp=0x000000bb9b4fb370
Event: 3.122 Thread 0x00000212f90ce000 DEOPT UNPACKING pc=0x00000212dfcea1af sp=0x000000bb9b4fb340 mode 2
Event: 3.122 Thread 0x00000212f90ce000 Uncommon trap: trap_request=0xffffff4d fr.pc=0x00000212e77e14b4 relative=0x0000000000000474
Event: 3.122 Thread 0x00000212f90ce000 Uncommon trap: reason=unstable_if action=reinterpret pc=0x00000212e77e14b4 method=java.lang.String.substring(I)Ljava/lang/String; @ 34 c2
Event: 3.122 Thread 0x00000212f90ce000 DEOPT PACKING pc=0x00000212e77e14b4 sp=0x000000bb9b4fb2f0
Event: 3.122 Thread 0x00000212f90ce000 DEOPT UNPACKING pc=0x00000212dfcea1af sp=0x000000bb9b4fb2c8 mode 2

Classes redefined (0 events):
No events

Internal exceptions (20 events):
Event: 0.606 Thread 0x00000212d9ffc000 Exception <a 'java/lang/NoSuchMethodError'{0x0000000086d68528}: 'void java.lang.invoke.DelegatingMethodHandle$Holder.delegate(java.lang.Object, java.lang.Object, int, java.lang.Object)'> (0x0000000086d68528) thrown at [./src/hotspot/share/interpreter/linkResolver.cpp, line 773]
Event: 1.137 Thread 0x00000212d9ffc000 Exception <a 'java/security/PrivilegedActionException'{0x000000008580bf88}> (0x000000008580bf88) thrown at [./src/hotspot/share/prims/jvm.cpp, line 1306]
Event: 1.137 Thread 0x00000212d9ffc000 Exception <a 'java/security/PrivilegedActionException'{0x000000008580c500}> (0x000000008580c500) thrown at [./src/hotspot/share/prims/jvm.cpp, line 1306]
Event: 1.401 Thread 0x00000212d9ffc000 Exception <a 'java/lang/NoSuchMethodError'{0x0000000084768838}: 'java.lang.Object java.lang.invoke.DirectMethodHandle$Holder.invokeStaticInit(java.lang.Object, java.lang.Object, java.lang.Object)'> (0x0000000084768838) thrown at [./src/hotspot/share/interpreter/linkResolver.cpp, line 773]
Event: 1.631 Thread 0x00000212d9ffc000 Exception <a 'java/lang/NoSuchMethodError'{0x00000000841e6810}: 'java.lang.Object java.lang.invoke.DirectMethodHandle$Holder.invokeStaticInit(java.lang.Object, int, int, int, int)'> (0x00000000841e6810) thrown at [./src/hotspot/share/interpreter/linkResolver.cpp, line 773]
Event: 1.840 Thread 0x00000212d9ffc000 Exception <a 'java/lang/NoSuchMethodError'{0x000000008401b980}: 'java.lang.Object java.lang.invoke.DirectMethodHandle$Holder.invokeStaticInit(java.lang.Object, java.lang.Object, int, int, int, int)'> (0x000000008401b980) thrown at [./src/hotspot/share/interpreter/linkResolver.cpp, line 773]
Event: 2.275 Thread 0x00000212d9ffc000 Exception <a 'java/io/IOException'{0x0000000083fe9618}> (0x0000000083fe9618) thrown at [./src/hotspot/share/prims/jni.cpp, line 616]
Event: 2.375 Thread 0x00000212f9060000 Exception <a 'java/lang/NoSuchMethodError'{0x0000000083cecf40}: <clinit>> (0x0000000083cecf40) thrown at [./src/hotspot/share/prims/jni.cpp, line 1366]
Event: 2.379 Thread 0x00000212f9060000 Exception <a 'java/lang/NoSuchMethodError'{0x0000000083b052e0}: <clinit>> (0x0000000083b052e0) thrown at [./src/hotspot/share/prims/jni.cpp, line 1366]
Event: 2.380 Thread 0x00000212f9060000 Exception <a 'java/lang/NoSuchMethodError'{0x0000000083b0eca8}: <clinit>> (0x0000000083b0eca8) thrown at [./src/hotspot/share/prims/jni.cpp, line 1366]
Event: 2.384 Thread 0x00000212f9060000 Exception <a 'java/lang/NoSuchMethodError'{0x0000000083b24000}: <clinit>> (0x0000000083b24000) thrown at [./src/hotspot/share/prims/jni.cpp, line 1366]
Event: 2.545 Thread 0x00000212f90ce000 Exception <a 'java/lang/NoSuchMethodError'{0x00000000838e1b40}: 'long java.lang.invoke.DirectMethodHandle$Holder.invokeInterface(java.lang.Object, java.lang.Object)'> (0x00000000838e1b40) thrown at [./src/hotspot/share/interpreter/linkResolver.cpp, line 773]
Event: 2.550 Thread 0x00000212f90ce000 Exception <a 'java/lang/NoSuchMethodError'{0x00000000838eebe0}: 'void java.lang.invoke.DelegatingMethodHandle$Holder.reinvoke_L(java.lang.Object, java.lang.Object, java.lang.Object, java.lang.Object, java.lang.Object, java.lang.Object, java.lang.Object)'> (0x00000000838eebe0) thrown at [./src/hotspot/share/interpreter/linkResolver.cpp, line 773]
Event: 3.039 Thread 0x00000212f90ce000 Exception <a 'java/lang/NoSuchMethodError'{0x000000008697d4e0}: 'void java.lang.invoke.DirectMethodHandle$Holder.invokeStaticInit(java.lang.Object)'> (0x000000008697d4e0) thrown at [./src/hotspot/share/interpreter/linkResolver.cpp, line 773]
Event: 3.053 Thread 0x00000212f90ce000 Exception <a 'java/lang/NoSuchMethodError'{0x000000008682ae90}: 'java.lang.Object java.lang.invoke.DirectMethodHandle$Holder.invokeStatic(java.lang.Object, java.lang.Object, java.lang.Object, int)'> (0x000000008682ae90) thrown at [./src/hotspot/share/interpreter/linkResolver.cpp, line 773]
Event: 3.053 Thread 0x00000212f90ce000 Exception <a 'java/lang/NoSuchMethodError'{0x000000008682f5a8}: 'java.lang.Object java.lang.invoke.DirectMethodHandle$Holder.invokeSpecial(java.lang.Object, java.lang.Object, java.lang.Object, java.lang.Object, int)'> (0x000000008682f5a8) thrown at [./src/hotspot/share/interpreter/linkResolver.cpp, line 773]
Event: 3.053 Thread 0x00000212f90ce000 Exception <a 'java/lang/NoSuchMethodError'{0x00000000868334e0}: 'java.lang.Object java.lang.invoke.Invokers$Holder.linkToTargetMethod(java.lang.Object, java.lang.Object, int, java.lang.Object)'> (0x00000000868334e0) thrown at [./src/hotspot/share/interpreter/linkResolver.cpp, line 773]
Event: 3.217 Thread 0x00000212f90ce000 Exception <a 'java/lang/NoSuchMethodError'{0x0000000087ca51c8}: 'int java.lang.invoke.DirectMethodHandle$Holder.invokeSpecialIFC(java.lang.Object, java.lang.Object, java.lang.Object, java.lang.Object)'> (0x0000000087ca51c8) thrown at [./src/hotspot/share/interpreter/linkResolver.cpp, line 773]
Event: 3.218 Thread 0x00000212f90ce000 Exception <a 'java/lang/NoSuchMethodError'{0x0000000087cb3180}: 'java.lang.Object java.lang.invoke.DirectMethodHandle$Holder.invokeInterface(java.lang.Object, java.lang.Object, java.lang.Object)'> (0x0000000087cb3180) thrown at [./src/hotspot/share/interpreter/linkResolver.cpp, line 773]
Event: 3.218 Thread 0x00000212f90ce000 Exception <a 'java/lang/IncompatibleClassChangeError'{0x0000000087cb6658}: Found class java.lang.Object, but interface was expected> (0x0000000087cb6658) thrown at [./src/hotspot/share/interpreter/linkResolver.cpp, line 839]

Events (20 events):
Event: 3.234 loading class org/gradle/api/internal/changedetection/state/RuntimeClasspathResourceHasher
Event: 3.234 loading class org/gradle/api/internal/changedetection/state/RuntimeClasspathResourceHasher done
Event: 3.234 loading class org/gradle/internal/fingerprint/classpath/impl/ClasspathFingerprintingStrategy
Event: 3.234 loading class org/gradle/internal/fingerprint/classpath/impl/ClasspathFingerprintingStrategy done
Event: 3.234 loading class org/gradle/internal/fingerprint/impl/AbstractFingerprintingStrategy
Event: 3.234 loading class org/gradle/internal/fingerprint/impl/AbstractFingerprintingStrategy done
Event: 3.234 loading class org/gradle/internal/fingerprint/CurrentFileCollectionFingerprint
Event: 3.234 loading class org/gradle/internal/fingerprint/CurrentFileCollectionFingerprint done
Event: 3.235 loading class org/gradle/internal/fingerprint/FileCollectionFingerprint
Event: 3.235 loading class org/gradle/internal/fingerprint/FileCollectionFingerprint done
Event: 3.235 loading class org/gradle/internal/snapshot/RelativePathTrackingFileSystemSnapshotHierarchyVisitor
Event: 3.235 loading class org/gradle/internal/snapshot/RelativePathTrackingFileSystemSnapshotHierarchyVisitor done
Event: 3.235 loading class org/gradle/api/internal/changedetection/state/LineEndingNormalizingResourceHasher
Event: 3.235 loading class org/gradle/api/internal/changedetection/state/LineEndingNormalizingResourceHasher done
Event: 3.235 loading class org/gradle/api/internal/changedetection/state/LineEndingNormalizingResourceHasher$1
Event: 3.235 loading class org/gradle/api/internal/changedetection/state/LineEndingNormalizingResourceHasher$1 done
Event: 3.236 loading class org/gradle/api/internal/changedetection/state/PropertiesFileAwareClasspathResourceHasher
Event: 3.236 loading class org/gradle/api/internal/changedetection/state/PropertiesFileAwareClasspathResourceHasher done
Event: 3.237 loading class org/gradle/api/internal/changedetection/state/PropertyResourceBundleFallbackCharset
Event: 3.237 loading class org/gradle/api/internal/changedetection/state/PropertyResourceBundleFallbackCharset done


Dynamic libraries:
0x00007ff7fcb60000 - 0x00007ff7fcb6a000 	C:\Program Files\Android\Android Studio\jre\bin\java.exe
0x00007ffe21210000 - 0x00007ffe21424000 	C:\WINDOWS\SYSTEM32\ntdll.dll
0x00007ffe207b0000 - 0x00007ffe20872000 	C:\WINDOWS\System32\KERNEL32.DLL
0x00007ffe1e7f0000 - 0x00007ffe1eb8d000 	C:\WINDOWS\System32\KERNELBASE.dll
0x00007ffe1e6d0000 - 0x00007ffe1e7e1000 	C:\WINDOWS\System32\ucrtbase.dll
0x00007ffe18f50000 - 0x00007ffe18f69000 	C:\Program Files\Android\Android Studio\jre\bin\jli.dll
0x00007ffe0dc80000 - 0x00007ffe0dc97000 	C:\Program Files\Android\Android Studio\jre\bin\VCRUNTIME140.dll
0x00007ffe20880000 - 0x00007ffe20a2d000 	C:\WINDOWS\System32\USER32.dll
0x00007ffe1ed00000 - 0x00007ffe1ed26000 	C:\WINDOWS\System32\win32u.dll
0x00007ffe02c60000 - 0x00007ffe02eee000 	C:\WINDOWS\WinSxS\amd64_microsoft.windows.common-controls_6595b64144ccf1df_6.0.22621.436_none_a94247dbc10d8414\COMCTL32.dll
0x00007ffe1f010000 - 0x00007ffe1f039000 	C:\WINDOWS\System32\GDI32.dll
0x00007ffe1f370000 - 0x00007ffe1f417000 	C:\WINDOWS\System32\msvcrt.dll
0x00007ffe1edb0000 - 0x00007ffe1eec2000 	C:\WINDOWS\System32\gdi32full.dll
0x00007ffe1e630000 - 0x00007ffe1e6ca000 	C:\WINDOWS\System32\msvcp_win.dll
0x00007ffe20650000 - 0x00007ffe20682000 	C:\WINDOWS\System32\IMM32.DLL
0x00007ffde2cc0000 - 0x00007ffde2d5d000 	C:\Program Files\Android\Android Studio\jre\bin\msvcp140.dll
0x00007ffdab910000 - 0x00007ffdac412000 	C:\Program Files\Android\Android Studio\jre\bin\server\jvm.dll
0x00007ffe1f420000 - 0x00007ffe1f4ce000 	C:\WINDOWS\System32\ADVAPI32.dll
0x00007ffe20690000 - 0x00007ffe20734000 	C:\WINDOWS\System32\sechost.dll
0x00007ffe203f0000 - 0x00007ffe20505000 	C:\WINDOWS\System32\RPCRT4.dll
0x00007ffe1f000000 - 0x00007ffe1f008000 	C:\WINDOWS\System32\PSAPI.DLL
0x00007ffe18710000 - 0x00007ffe18719000 	C:\WINDOWS\SYSTEM32\WSOCK32.dll
0x00007ffe16e80000 - 0x00007ffe16eb4000 	C:\WINDOWS\SYSTEM32\WINMM.dll
0x00007ffe1fda0000 - 0x00007ffe1fe11000 	C:\WINDOWS\System32\WS2_32.dll
0x00007ffe172c0000 - 0x00007ffe172ca000 	C:\WINDOWS\SYSTEM32\VERSION.dll
0x00007ffe1d780000 - 0x00007ffe1d798000 	C:\WINDOWS\SYSTEM32\kernel.appcore.dll
0x00007ffe0dce0000 - 0x00007ffe0dcf1000 	C:\Program Files\Android\Android Studio\jre\bin\verify.dll
0x00007ffe1c050000 - 0x00007ffe1c27e000 	C:\WINDOWS\SYSTEM32\DBGHELP.DLL
0x00007ffe1fec0000 - 0x00007ffe2024a000 	C:\WINDOWS\System32\combase.dll
0x00007ffe1fcc0000 - 0x00007ffe1fd97000 	C:\WINDOWS\System32\OLEAUT32.dll
0x00007ffe07980000 - 0x00007ffe079b2000 	C:\WINDOWS\SYSTEM32\dbgcore.DLL
0x00007ffe1ed30000 - 0x00007ffe1edab000 	C:\WINDOWS\System32\bcryptPrimitives.dll
0x00007ffdf2f40000 - 0x00007ffdf2f69000 	C:\Program Files\Android\Android Studio\jre\bin\java.dll
0x00007ffdff9a0000 - 0x00007ffdff9ab000 	C:\Program Files\Android\Android Studio\jre\bin\jimage.dll
0x00007ffdf2f20000 - 0x00007ffdf2f38000 	C:\Program Files\Android\Android Studio\jre\bin\zip.dll
0x00007ffe1f4d0000 - 0x00007ffe1fcbf000 	C:\WINDOWS\System32\SHELL32.dll
0x00007ffe1c670000 - 0x00007ffe1cf38000 	C:\WINDOWS\SYSTEM32\windows.storage.dll
0x00007ffe1c530000 - 0x00007ffe1c66e000 	C:\WINDOWS\SYSTEM32\wintypes.dll
0x00007ffe20a30000 - 0x00007ffe20b21000 	C:\WINDOWS\System32\SHCORE.dll
0x00007ffe20370000 - 0x00007ffe203ce000 	C:\WINDOWS\System32\shlwapi.dll
0x00007ffe1e560000 - 0x00007ffe1e581000 	C:\WINDOWS\SYSTEM32\profapi.dll
0x00007ffddcea0000 - 0x00007ffddceba000 	C:\Program Files\Android\Android Studio\jre\bin\net.dll
0x00007ffe160c0000 - 0x00007ffe161ef000 	C:\WINDOWS\SYSTEM32\WINHTTP.dll
0x00007ffe1dbe0000 - 0x00007ffe1dc49000 	C:\WINDOWS\system32\mswsock.dll
0x00007ffddce80000 - 0x00007ffddce94000 	C:\Program Files\Android\Android Studio\jre\bin\nio.dll
0x00007ffe17a30000 - 0x00007ffe17a57000 	C:\Users\parma\.gradle\native\e1d6ef7f7dcc3fd88c89a11ec53ec762bb8ba0a96d01ffa2cd45eb1d1d8dd5c5\windows-amd64\native-platform.dll
0x00007ffddb870000 - 0x00007ffddb9b4000 	C:\Users\parma\.gradle\native\0d407fdbe67a94daf76414ababcb853783967236a71b16ec16e742cd7a986fd3\windows-amd64\native-platform-file-events.dll
0x00007ffdf3910000 - 0x00007ffdf391a000 	C:\Program Files\Android\Android Studio\jre\bin\management.dll
0x00007ffdf3500000 - 0x00007ffdf350d000 	C:\Program Files\Android\Android Studio\jre\bin\management_ext.dll
0x00007ffe1de30000 - 0x00007ffe1de4b000 	C:\WINDOWS\SYSTEM32\CRYPTSP.dll
0x00007ffe1d6f0000 - 0x00007ffe1d725000 	C:\WINDOWS\system32\rsaenh.dll
0x00007ffe1dcd0000 - 0x00007ffe1dcf8000 	C:\WINDOWS\SYSTEM32\USERENV.dll
0x00007ffe1dff0000 - 0x00007ffe1e018000 	C:\WINDOWS\SYSTEM32\bcrypt.dll
0x00007ffe1de50000 - 0x00007ffe1de5c000 	C:\WINDOWS\SYSTEM32\CRYPTBASE.dll
0x00007ffe1d200000 - 0x00007ffe1d22d000 	C:\WINDOWS\SYSTEM32\IPHLPAPI.DLL
0x00007ffe1fe20000 - 0x00007ffe1fe29000 	C:\WINDOWS\System32\NSI.dll
0x00007ffe16050000 - 0x00007ffe16069000 	C:\WINDOWS\SYSTEM32\dhcpcsvc6.DLL
0x00007ffe15f80000 - 0x00007ffe15f9f000 	C:\WINDOWS\SYSTEM32\dhcpcsvc.DLL
0x00007ffe1d270000 - 0x00007ffe1d362000 	C:\WINDOWS\SYSTEM32\DNSAPI.dll

dbghelp: loaded successfully - version: 4.0.5 - missing functions: none
symbol engine: initialized successfully - sym options: 0x614 - pdb path: .;C:\Program Files\Android\Android Studio\jre\bin;C:\WINDOWS\SYSTEM32;C:\WINDOWS\WinSxS\amd64_microsoft.windows.common-controls_6595b64144ccf1df_6.0.22621.436_none_a94247dbc10d8414;C:\Program Files\Android\Android Studio\jre\bin\server;C:\Users\parma\.gradle\native\e1d6ef7f7dcc3fd88c89a11ec53ec762bb8ba0a96d01ffa2cd45eb1d1d8dd5c5\windows-amd64;C:\Users\parma\.gradle\native\0d407fdbe67a94daf76414ababcb853783967236a71b16ec16e742cd7a986fd3\windows-amd64

VM Arguments:
jvm_args: --add-opens=java.base/java.util=ALL-UNNAMED --add-opens=java.base/java.lang=ALL-UNNAMED --add-opens=java.base/java.lang.invoke=ALL-UNNAMED --add-opens=java.base/java.util=ALL-UNNAMED --add-opens=java.prefs/java.util.prefs=ALL-UNNAMED --add-opens=java.prefs/java.util.prefs=ALL-UNNAMED --add-opens=java.base/java.nio.charset=ALL-UNNAMED --add-opens=java.base/java.net=ALL-UNNAMED --add-opens=java.base/java.util.concurrent.atomic=ALL-UNNAMED -Xmx2048m -Dfile.encoding=UTF-8 -Duser.country=IN -Duser.language=en -Duser.variant 
java_command: org.gradle.launcher.daemon.bootstrap.GradleDaemon 7.4
java_class_path (initial): C:\Users\parma\.gradle\wrapper\dists\gradle-7.4-bin\c0gwcg53nkjbqw7r0h0umtfvt\gradle-7.4\lib\gradle-launcher-7.4.jar
Launcher Type: SUN_STANDARD

[Global flags]
     intx CICompilerCount                          = 4                                         {product} {ergonomic}
     uint ConcGCThreads                            = 2                                         {product} {ergonomic}
     uint G1ConcRefinementThreads                  = 8                                         {product} {ergonomic}
   size_t G1HeapRegionSize                         = 1048576                                   {product} {ergonomic}
    uintx GCDrainStackTargetSize                   = 64                                        {product} {ergonomic}
   size_t InitialHeapSize                          = 134217728                                 {product} {ergonomic}
   size_t MarkStackSize                            = 4194304                                   {product} {ergonomic}
   size_t MaxHeapSize                              = 2147483648                                {product} {command line}
   size_t MaxNewSize                               = 1287651328                                {product} {ergonomic}
   size_t MinHeapDeltaBytes                        = 1048576                                   {product} {ergonomic}
    uintx NonNMethodCodeHeapSize                   = 5836300                                {pd product} {ergonomic}
    uintx NonProfiledCodeHeapSize                  = 122910970                              {pd product} {ergonomic}
    uintx ProfiledCodeHeapSize                     = 122910970                              {pd product} {ergonomic}
    uintx ReservedCodeCacheSize                    = 251658240                              {pd product} {ergonomic}
     bool SegmentedCodeCache                       = true                                      {product} {ergonomic}
     bool UseCompressedClassPointers               = true                                 {lp64_product} {ergonomic}
     bool UseCompressedOops                        = true                                 {lp64_product} {ergonomic}
     bool UseG1GC                                  = true                                      {product} {ergonomic}
     bool UseLargePagesIndividualAllocation        = false                                  {pd product} {ergonomic}

Logging:
Log output configuration:
 #0: stdout all=warning uptime,level,tags
 #1: stderr all=off uptime,level,tags

Environment Variables:
PATH=C:\Program Files\Common Files\Oracle\Java\javapath;C:\WINDOWS\system32;C:\WINDOWS;C:\WINDOWS\System32\Wbem;C:\WINDOWS\System32\WindowsPowerShell\v1.0\;C:\WINDOWS\System32\OpenSSH\;C:\Program Files (x86)\NVIDIA Corporation\PhysX\Common;C:\Program Files\dotnet\;C:\Users\parma\AppData\Local\Microsoft\WindowsApps;C:\Users\parma\AppData\Local\Programs\Microsoft VS Code\bin;C:\Program Files\Java\jdk-19\bin;
USERNAME=parma
OS=Windows_NT
PROCESSOR_IDENTIFIER=Intel64 Family 6 Model 142 Stepping 10, GenuineIntel



---------------  S Y S T E M  ---------------

OS: Windows 11 , 64 bit Build 22621 (10.0.22621.1028)
OS uptime: 1 days 1:59 hours

CPU:total 8 (initial active 8) (4 cores per cpu, 2 threads per core) family 6 model 142 stepping 10 microcode 0xe0, cmov, cx8, fxsr, mmx, sse, sse2, sse3, ssse3, sse4.1, sse4.2, popcnt, avx, avx2, aes, clmul, erms, 3dnowpref, lzcnt, ht, tsc, tscinvbit, bmi1, bmi2, adx, fma

Memory: 4k page, system-wide physical 8103M (389M free)
TotalPageFile size 9103M (AvailPageFile size 5M)
current process WorkingSet (physical memory assigned to process): 207M, peak: 207M
current process commit charge ("private bytes"): 274M, peak: 274M

vm_info: OpenJDK 64-Bit Server VM (11.0.13+0-b1751.21-8125866) for windows-amd64 JRE (11.0.13+0-b1751.21-8125866), built on Feb  2 2022 03:00:22 by "builder" with MS VC++ 14.0 (VS2015)

END.
