#
# There is insufficient memory for the Java Runtime Environment to continue.
# Native memory allocation (malloc) failed to allocate 459056 bytes for Chunk::new
# Possible reasons:
#   The system is out of physical RAM or swap space
#   The process is running with CompressedOops enabled, and the Java Heap may be blocking the growth of the native heap
# Possible solutions:
#   Reduce memory load on the system
#   Increase physical memory or swap space
#   Check if swap backing store is full
#   Decrease Java heap size (-Xmx/-Xms)
#   Decrease number of Java threads
#   Decrease Java thread stack sizes (-Xss)
#   Set larger code cache with -XX:ReservedCodeCacheSize=
#   JVM is running with Unscaled Compressed Oops mode in which the Java heap is
#     placed in the first 4GB address space. The Java Heap base address is the
#     maximum limit for the native heap growth. Please use -XX:HeapBaseMinAddress
#     to set the Java Heap base and to place the Java Heap above 4GB virtual address.
# This output file may be truncated or incomplete.
#
#  Out of Memory Error (./src/hotspot/share/memory/arena.cpp:197), pid=2372, tid=12448
#
# JRE version: OpenJDK Runtime Environment (11.0.13) (build 11.0.13+0-b1751.21-8125866)
# Java VM: OpenJDK 64-Bit Server VM (11.0.13+0-b1751.21-8125866, mixed mode, tiered, compressed oops, g1 gc, windows-amd64)
# No core dump will be written. Minidumps are not enabled by default on client versions of Windows
#

---------------  S U M M A R Y ------------

Command Line: --add-opens=java.base/java.util=ALL-UNNAMED --add-opens=java.base/java.lang=ALL-UNNAMED --add-opens=java.base/java.lang.invoke=ALL-UNNAMED --add-opens=java.base/java.util=ALL-UNNAMED --add-opens=java.prefs/java.util.prefs=ALL-UNNAMED --add-opens=java.prefs/java.util.prefs=ALL-UNNAMED --add-opens=java.base/java.nio.charset=ALL-UNNAMED --add-opens=java.base/java.net=ALL-UNNAMED --add-opens=java.base/java.util.concurrent.atomic=ALL-UNNAMED -Xmx2048m -Dfile.encoding=UTF-8 -Duser.country=IN -Duser.language=en -Duser.variant org.gradle.launcher.daemon.bootstrap.GradleDaemon 7.4

Host: Intel(R) Core(TM) i5-8250U CPU @ 1.60GHz, 8 cores, 7G,  Windows 11 , 64 bit Build 22621 (10.0.22621.1028)
Time: Thu Dec  8 16:36:03 2022 India Standard Time elapsed time: 3.227998 seconds (0d 0h 0m 3s)

---------------  T H R E A D  ---------------

Current thread (0x0000024a29bca000):  JavaThread "C2 CompilerThread0" daemon [_thread_in_native, id=12448, stack(0x0000006e16000000,0x0000006e16100000)]


Current CompileTask:
C2:   3228 1839   !   4       java.util.zip.InflaterInputStream::read (138 bytes)

Stack: [0x0000006e16000000,0x0000006e16100000]
Native frames: (J=compiled Java code, j=interpreted, Vv=VM code, C=native code)
V  [jvm.dll+0x6100fa]
V  [jvm.dll+0x747090]
V  [jvm.dll+0x7486ad]
V  [jvm.dll+0x748d83]
V  [jvm.dll+0x24ab48]
V  [jvm.dll+0xc04dc]
V  [jvm.dll+0xc0a0c]
V  [jvm.dll+0x35eb9d]
V  [jvm.dll+0x32b833]
V  [jvm.dll+0x32ad2a]
V  [jvm.dll+0x2032b2]
V  [jvm.dll+0x202437]
V  [jvm.dll+0x188e01]
V  [jvm.dll+0x21106b]
V  [jvm.dll+0x20f8c1]
V  [jvm.dll+0x70de0f]
V  [jvm.dll+0x706a75]
V  [jvm.dll+0x60ed66]
C  [ucrtbase.dll+0x29363]
C  [KERNEL32.DLL+0x1247d]
C  [ntdll.dll+0x5dfb8]


---------------  P R O C E S S  ---------------

Threads class SMR info:
_java_thread_list=0x0000024a2c67f060, length=22, elements={
0x0000024a0cdde000, 0x0000024a2924f800, 0x0000024a2925c000, 0x0000024a29bc2800,
0x0000024a29bc3800, 0x0000024a29bc6800, 0x0000024a29bca000, 0x0000024a29bcb000,
0x0000024a29bd0800, 0x0000024a29d3b000, 0x0000024a2b747800, 0x0000024a2c293000,
0x0000024a29fec800, 0x0000024a2c58c800, 0x0000024a2b16a800, 0x0000024a2baa6000,
0x0000024a2bb14800, 0x0000024a2bd8c800, 0x0000024a2c2ce000, 0x0000024a2c2ce800,
0x0000024a29de6000, 0x0000024a29de7000
}

Java Threads: ( => current thread )
  0x0000024a0cdde000 JavaThread "main" [_thread_blocked, id=12556, stack(0x0000006e15400000,0x0000006e15500000)]
  0x0000024a2924f800 JavaThread "Reference Handler" daemon [_thread_blocked, id=11584, stack(0x0000006e15b00000,0x0000006e15c00000)]
  0x0000024a2925c000 JavaThread "Finalizer" daemon [_thread_blocked, id=15988, stack(0x0000006e15c00000,0x0000006e15d00000)]
  0x0000024a29bc2800 JavaThread "Signal Dispatcher" daemon [_thread_blocked, id=15504, stack(0x0000006e15d00000,0x0000006e15e00000)]
  0x0000024a29bc3800 JavaThread "Attach Listener" daemon [_thread_blocked, id=16024, stack(0x0000006e15e00000,0x0000006e15f00000)]
  0x0000024a29bc6800 JavaThread "Service Thread" daemon [_thread_blocked, id=14888, stack(0x0000006e15f00000,0x0000006e16000000)]
=>0x0000024a29bca000 JavaThread "C2 CompilerThread0" daemon [_thread_in_native, id=12448, stack(0x0000006e16000000,0x0000006e16100000)]
  0x0000024a29bcb000 JavaThread "C1 CompilerThread0" daemon [_thread_blocked, id=6056, stack(0x0000006e16100000,0x0000006e16200000)]
  0x0000024a29bd0800 JavaThread "Sweeper thread" daemon [_thread_blocked, id=13176, stack(0x0000006e16200000,0x0000006e16300000)]
  0x0000024a29d3b000 JavaThread "Common-Cleaner" daemon [_thread_blocked, id=14448, stack(0x0000006e16300000,0x0000006e16400000)]
  0x0000024a2b747800 JavaThread "Daemon health stats" [_thread_blocked, id=4052, stack(0x0000006e16800000,0x0000006e16900000)]
  0x0000024a2c293000 JavaThread "Incoming local TCP Connector on port 60254" [_thread_in_native, id=14264, stack(0x0000006e16500000,0x0000006e16600000)]
  0x0000024a29fec800 JavaThread "Daemon periodic checks" [_thread_blocked, id=15392, stack(0x0000006e16d00000,0x0000006e16e00000)]
  0x0000024a2c58c800 JavaThread "Daemon" [_thread_blocked, id=6812, stack(0x0000006e16e00000,0x0000006e16f00000)]
  0x0000024a2b16a800 JavaThread "Handler for socket connection from /127.0.0.1:60254 to /127.0.0.1:60255" [_thread_in_native, id=14412, stack(0x0000006e16f00000,0x0000006e17000000)]
  0x0000024a2baa6000 JavaThread "Cancel handler" [_thread_blocked, id=8300, stack(0x0000006e17100000,0x0000006e17200000)]
  0x0000024a2bb14800 JavaThread "Daemon worker" [_thread_blocked, id=11720, stack(0x0000006e17200000,0x0000006e17300000)]
  0x0000024a2bd8c800 JavaThread "Asynchronous log dispatcher for DefaultDaemonConnection: socket connection from /127.0.0.1:60254 to /127.0.0.1:60255" [_thread_blocked, id=10528, stack(0x0000006e17300000,0x0000006e17400000)]
  0x0000024a2c2ce000 JavaThread "Stdin handler" [_thread_blocked, id=6380, stack(0x0000006e17400000,0x0000006e17500000)]
  0x0000024a2c2ce800 JavaThread "Daemon client event forwarder" [_thread_blocked, id=12848, stack(0x0000006e17500000,0x0000006e17600000)]
  0x0000024a29de6000 JavaThread "Cache worker for journal cache (C:\Users\parma\.gradle\caches\journal-1)" [_thread_blocked, id=7236, stack(0x0000006e17000000,0x0000006e17100000)]
  0x0000024a29de7000 JavaThread "File lock request listener" [_thread_in_native, id=9848, stack(0x0000006e17600000,0x0000006e17700000)]

Other Threads:
  0x0000024a2924b000 VMThread "VM Thread" [stack: 0x0000006e15a00000,0x0000006e15b00000] [id=7988]
  0x0000024a29d82000 WatcherThread [stack: 0x0000006e16400000,0x0000006e16500000] [id=9292]
  0x0000024a0cd8d000 GCTaskThread "GC Thread#0" [stack: 0x0000006e15500000,0x0000006e15600000] [id=6412]
  0x0000024a2a30e800 GCTaskThread "GC Thread#1" [stack: 0x0000006e16600000,0x0000006e16700000] [id=6704]
  0x0000024a2a2c0000 GCTaskThread "GC Thread#2" [stack: 0x0000006e16700000,0x0000006e16800000] [id=15556]
  0x0000024a29f26000 GCTaskThread "GC Thread#3" [stack: 0x0000006e16900000,0x0000006e16a00000] [id=8532]
  0x0000024a2c25f000 GCTaskThread "GC Thread#4" [stack: 0x0000006e16a00000,0x0000006e16b00000] [id=1816]
  0x0000024a2c6c2800 GCTaskThread "GC Thread#5" [stack: 0x0000006e16b00000,0x0000006e16c00000] [id=11624]
  0x0000024a2baa6800 GCTaskThread "GC Thread#6" [stack: 0x0000006e17700000,0x0000006e17800000] [id=15412]
  0x0000024a2b191800 GCTaskThread "GC Thread#7" [stack: 0x0000006e17800000,0x0000006e17900000] [id=1532]
  0x0000024a0ce26000 ConcurrentGCThread "G1 Main Marker" [stack: 0x0000006e15600000,0x0000006e15700000] [id=14520]
  0x0000024a0ce27000 ConcurrentGCThread "G1 Conc#0" [stack: 0x0000006e15700000,0x0000006e15800000] [id=6496]
  0x0000024a290a0800 ConcurrentGCThread "G1 Refine#0" [stack: 0x0000006e15800000,0x0000006e15900000] [id=8264]
  0x0000024a2c91e800 ConcurrentGCThread "G1 Refine#1" [stack: 0x0000006e16c00000,0x0000006e16d00000] [id=13444]
  0x0000024a0ceab800 ConcurrentGCThread "G1 Young RemSet Sampling" [stack: 0x0000006e15900000,0x0000006e15a00000] [id=13868]

Threads with active compile tasks:
C2 CompilerThread0   3248 1839   !   4       java.util.zip.InflaterInputStream::read (138 bytes)

VM state:at safepoint (normal execution)

VM Mutex/Monitor currently owned by a thread:  ([mutex/lock_event])
[0x0000024a0cdda6a0] Threads_lock - owner thread: 0x0000024a2924b000
[0x0000024a0cddadf0] Heap_lock - owner thread: 0x0000024a2bb14800

Heap address: 0x0000000080000000, size: 2048 MB, Compressed Oops mode: 32-bit
Narrow klass base: 0x0000000000000000, Narrow klass shift: 3
Compressed class space size: 1073741824 Address: 0x0000000100000000

Heap:
 garbage-first heap   total 131072K, used 56411K [0x0000000080000000, 0x0000000100000000)
  region size 1024K, 42 young (43008K), 2 survivors (2048K)
 Metaspace       used 20708K, capacity 21126K, committed 21248K, reserved 1071104K
  class space    used 2521K, capacity 2697K, committed 2816K, reserved 1048576K
Heap Regions: E=young(eden), S=young(survivor), O=old, HS=humongous(starts), HC=humongous(continues), CS=collection set, F=free, A=archive, TAMS=top-at-mark-start (previous, next)
|   0|0x0000000080000000, 0x0000000080100000, 0x0000000080100000|100%| O|  |TAMS 0x0000000080000000, 0x0000000080100000| Untracked 
|   1|0x0000000080100000, 0x0000000080200000, 0x0000000080200000|100%| O|  |TAMS 0x0000000080100000, 0x0000000080200000| Untracked 
|   2|0x0000000080200000, 0x0000000080300000, 0x0000000080300000|100%| O|  |TAMS 0x0000000080200000, 0x0000000080300000| Untracked 
|   3|0x0000000080300000, 0x0000000080400000, 0x0000000080400000|100%|HS|  |TAMS 0x0000000080300000, 0x0000000080400000| Complete 
|   4|0x0000000080400000, 0x0000000080500000, 0x0000000080500000|100%|HC|  |TAMS 0x0000000080400000, 0x0000000080500000| Complete 
|   5|0x0000000080500000, 0x0000000080600000, 0x0000000080600000|100%|HC|  |TAMS 0x0000000080500000, 0x0000000080600000| Complete 
|   6|0x0000000080600000, 0x0000000080700000, 0x0000000080700000|100%| O|  |TAMS 0x0000000080600000, 0x0000000080700000| Untracked 
|   7|0x0000000080700000, 0x0000000080800000, 0x0000000080800000|100%| O|  |TAMS 0x0000000080700000, 0x0000000080800000| Untracked 
|   8|0x0000000080800000, 0x0000000080900000, 0x0000000080900000|100%| O|  |TAMS 0x0000000080800000, 0x0000000080900000| Untracked 
|   9|0x0000000080900000, 0x0000000080a00000, 0x0000000080a00000|100%| O|  |TAMS 0x0000000080900000, 0x0000000080a00000| Untracked 
|  10|0x0000000080a00000, 0x0000000080b00000, 0x0000000080b00000|100%| O|  |TAMS 0x0000000080a00000, 0x0000000080b00000| Untracked 
|  11|0x0000000080b00000, 0x0000000080c00000, 0x0000000080c00000|100%| O|  |TAMS 0x0000000080b00000, 0x0000000080c00000| Untracked 
|  12|0x0000000080c00000, 0x0000000080d00000, 0x0000000080d00000|100%| O|  |TAMS 0x0000000080c00000, 0x0000000080d00000| Untracked 
|  13|0x0000000080d00000, 0x0000000080e00000, 0x0000000080e00000|100%| O|  |TAMS 0x0000000080d00000, 0x0000000080e00000| Untracked 
|  14|0x0000000080e00000, 0x0000000080f00000, 0x0000000080f00000|100%| O|  |TAMS 0x0000000080e00000, 0x0000000080f00000| Untracked 
|  15|0x0000000080f00000, 0x0000000080f17400, 0x0000000081000000|  9%| O|  |TAMS 0x0000000080f00000, 0x0000000080f17400| Untracked 
|  16|0x0000000081000000, 0x0000000081000000, 0x0000000081100000|  0%| F|  |TAMS 0x0000000081000000, 0x0000000081000000| Untracked 
|  17|0x0000000081100000, 0x0000000081100000, 0x0000000081200000|  0%| F|  |TAMS 0x0000000081100000, 0x0000000081100000| Untracked 
|  18|0x0000000081200000, 0x0000000081200000, 0x0000000081300000|  0%| F|  |TAMS 0x0000000081200000, 0x0000000081200000| Untracked 
|  19|0x0000000081300000, 0x0000000081300000, 0x0000000081400000|  0%| F|  |TAMS 0x0000000081300000, 0x0000000081300000| Untracked 
|  20|0x0000000081400000, 0x0000000081400000, 0x0000000081500000|  0%| F|  |TAMS 0x0000000081400000, 0x0000000081400000| Untracked 
|  21|0x0000000081500000, 0x0000000081500000, 0x0000000081600000|  0%| F|  |TAMS 0x0000000081500000, 0x0000000081500000| Untracked 
|  22|0x0000000081600000, 0x0000000081600000, 0x0000000081700000|  0%| F|  |TAMS 0x0000000081600000, 0x0000000081600000| Untracked 
|  23|0x0000000081700000, 0x0000000081700000, 0x0000000081800000|  0%| F|  |TAMS 0x0000000081700000, 0x0000000081700000| Untracked 
|  24|0x0000000081800000, 0x0000000081800000, 0x0000000081900000|  0%| F|  |TAMS 0x0000000081800000, 0x0000000081800000| Untracked 
|  25|0x0000000081900000, 0x0000000081900000, 0x0000000081a00000|  0%| F|  |TAMS 0x0000000081900000, 0x0000000081900000| Untracked 
|  26|0x0000000081a00000, 0x0000000081a00000, 0x0000000081b00000|  0%| F|  |TAMS 0x0000000081a00000, 0x0000000081a00000| Untracked 
|  27|0x0000000081b00000, 0x0000000081b00000, 0x0000000081c00000|  0%| F|  |TAMS 0x0000000081b00000, 0x0000000081b00000| Untracked 
|  28|0x0000000081c00000, 0x0000000081c00000, 0x0000000081d00000|  0%| F|  |TAMS 0x0000000081c00000, 0x0000000081c00000| Untracked 
|  29|0x0000000081d00000, 0x0000000081d00000, 0x0000000081e00000|  0%| F|  |TAMS 0x0000000081d00000, 0x0000000081d00000| Untracked 
|  30|0x0000000081e00000, 0x0000000081e00000, 0x0000000081f00000|  0%| F|  |TAMS 0x0000000081e00000, 0x0000000081e00000| Untracked 
|  31|0x0000000081f00000, 0x0000000081f00000, 0x0000000082000000|  0%| F|  |TAMS 0x0000000081f00000, 0x0000000081f00000| Untracked 
|  32|0x0000000082000000, 0x0000000082000000, 0x0000000082100000|  0%| F|  |TAMS 0x0000000082000000, 0x0000000082000000| Untracked 
|  33|0x0000000082100000, 0x0000000082100000, 0x0000000082200000|  0%| F|  |TAMS 0x0000000082100000, 0x0000000082100000| Untracked 
|  34|0x0000000082200000, 0x0000000082200000, 0x0000000082300000|  0%| F|  |TAMS 0x0000000082200000, 0x0000000082200000| Untracked 
|  35|0x0000000082300000, 0x0000000082300000, 0x0000000082400000|  0%| F|  |TAMS 0x0000000082300000, 0x0000000082300000| Untracked 
|  36|0x0000000082400000, 0x0000000082400000, 0x0000000082500000|  0%| F|  |TAMS 0x0000000082400000, 0x0000000082400000| Untracked 
|  37|0x0000000082500000, 0x0000000082500000, 0x0000000082600000|  0%| F|  |TAMS 0x0000000082500000, 0x0000000082500000| Untracked 
|  38|0x0000000082600000, 0x0000000082600000, 0x0000000082700000|  0%| F|  |TAMS 0x0000000082600000, 0x0000000082600000| Untracked 
|  39|0x0000000082700000, 0x0000000082700000, 0x0000000082800000|  0%| F|  |TAMS 0x0000000082700000, 0x0000000082700000| Untracked 
|  40|0x0000000082800000, 0x0000000082800000, 0x0000000082900000|  0%| F|  |TAMS 0x0000000082800000, 0x0000000082800000| Untracked 
|  41|0x0000000082900000, 0x0000000082900000, 0x0000000082a00000|  0%| F|  |TAMS 0x0000000082900000, 0x0000000082900000| Untracked 
|  42|0x0000000082a00000, 0x0000000082a00000, 0x0000000082b00000|  0%| F|  |TAMS 0x0000000082a00000, 0x0000000082a00000| Untracked 
|  43|0x0000000082b00000, 0x0000000082b00000, 0x0000000082c00000|  0%| F|  |TAMS 0x0000000082b00000, 0x0000000082b00000| Untracked 
|  44|0x0000000082c00000, 0x0000000082c00000, 0x0000000082d00000|  0%| F|  |TAMS 0x0000000082c00000, 0x0000000082c00000| Untracked 
|  45|0x0000000082d00000, 0x0000000082d00000, 0x0000000082e00000|  0%| F|  |TAMS 0x0000000082d00000, 0x0000000082d00000| Untracked 
|  46|0x0000000082e00000, 0x0000000082e00000, 0x0000000082f00000|  0%| F|  |TAMS 0x0000000082e00000, 0x0000000082e00000| Untracked 
|  47|0x0000000082f00000, 0x0000000082f00000, 0x0000000083000000|  0%| F|  |TAMS 0x0000000082f00000, 0x0000000082f00000| Untracked 
|  48|0x0000000083000000, 0x0000000083000000, 0x0000000083100000|  0%| F|  |TAMS 0x0000000083000000, 0x0000000083000000| Untracked 
|  49|0x0000000083100000, 0x0000000083100000, 0x0000000083200000|  0%| F|  |TAMS 0x0000000083100000, 0x0000000083100000| Untracked 
|  50|0x0000000083200000, 0x0000000083200000, 0x0000000083300000|  0%| F|  |TAMS 0x0000000083200000, 0x0000000083200000| Untracked 
|  51|0x0000000083300000, 0x0000000083300000, 0x0000000083400000|  0%| F|  |TAMS 0x0000000083300000, 0x0000000083300000| Untracked 
|  52|0x0000000083400000, 0x0000000083400000, 0x0000000083500000|  0%| F|  |TAMS 0x0000000083400000, 0x0000000083400000| Untracked 
|  53|0x0000000083500000, 0x0000000083500000, 0x0000000083600000|  0%| F|  |TAMS 0x0000000083500000, 0x0000000083500000| Untracked 
|  54|0x0000000083600000, 0x0000000083600000, 0x0000000083700000|  0%| F|  |TAMS 0x0000000083600000, 0x0000000083600000| Untracked 
|  55|0x0000000083700000, 0x0000000083700000, 0x0000000083800000|  0%| F|  |TAMS 0x0000000083700000, 0x0000000083700000| Untracked 
|  56|0x0000000083800000, 0x0000000083800000, 0x0000000083900000|  0%| F|  |TAMS 0x0000000083800000, 0x0000000083800000| Untracked 
|  57|0x0000000083900000, 0x0000000083900000, 0x0000000083a00000|  0%| F|  |TAMS 0x0000000083900000, 0x0000000083900000| Untracked 
|  58|0x0000000083a00000, 0x0000000083a00000, 0x0000000083b00000|  0%| F|  |TAMS 0x0000000083a00000, 0x0000000083a00000| Untracked 
|  59|0x0000000083b00000, 0x0000000083b00000, 0x0000000083c00000|  0%| F|  |TAMS 0x0000000083b00000, 0x0000000083b00000| Untracked 
|  60|0x0000000083c00000, 0x0000000083c00000, 0x0000000083d00000|  0%| F|  |TAMS 0x0000000083c00000, 0x0000000083c00000| Untracked 
|  61|0x0000000083d00000, 0x0000000083d00000, 0x0000000083e00000|  0%| F|  |TAMS 0x0000000083d00000, 0x0000000083d00000| Untracked 
|  62|0x0000000083e00000, 0x0000000083e00000, 0x0000000083f00000|  0%| F|  |TAMS 0x0000000083e00000, 0x0000000083e00000| Untracked 
|  63|0x0000000083f00000, 0x0000000083f00000, 0x0000000084000000|  0%| F|  |TAMS 0x0000000083f00000, 0x0000000083f00000| Untracked 
|  64|0x0000000084000000, 0x0000000084000000, 0x0000000084100000|  0%| F|  |TAMS 0x0000000084000000, 0x0000000084000000| Untracked 
|  65|0x0000000084100000, 0x0000000084100000, 0x0000000084200000|  0%| F|  |TAMS 0x0000000084100000, 0x0000000084100000| Untracked 
|  66|0x0000000084200000, 0x0000000084200000, 0x0000000084300000|  0%| F|  |TAMS 0x0000000084200000, 0x0000000084200000| Untracked 
|  67|0x0000000084300000, 0x0000000084300000, 0x0000000084400000|  0%| F|  |TAMS 0x0000000084300000, 0x0000000084300000| Untracked 
|  68|0x0000000084400000, 0x0000000084400000, 0x0000000084500000|  0%| F|  |TAMS 0x0000000084400000, 0x0000000084400000| Untracked 
|  69|0x0000000084500000, 0x0000000084500000, 0x0000000084600000|  0%| F|  |TAMS 0x0000000084500000, 0x0000000084500000| Untracked 
|  70|0x0000000084600000, 0x0000000084600000, 0x0000000084700000|  0%| F|  |TAMS 0x0000000084600000, 0x0000000084600000| Untracked 
|  71|0x0000000084700000, 0x0000000084700000, 0x0000000084800000|  0%| F|  |TAMS 0x0000000084700000, 0x0000000084700000| Untracked 
|  72|0x0000000084800000, 0x0000000084800000, 0x0000000084900000|  0%| F|  |TAMS 0x0000000084800000, 0x0000000084800000| Untracked 
|  73|0x0000000084900000, 0x0000000084900000, 0x0000000084a00000|  0%| F|  |TAMS 0x0000000084900000, 0x0000000084900000| Untracked 
|  74|0x0000000084a00000, 0x0000000084a00000, 0x0000000084b00000|  0%| F|  |TAMS 0x0000000084a00000, 0x0000000084a00000| Untracked 
|  75|0x0000000084b00000, 0x0000000084b00000, 0x0000000084c00000|  0%| F|  |TAMS 0x0000000084b00000, 0x0000000084b00000| Untracked 
|  76|0x0000000084c00000, 0x0000000084c00000, 0x0000000084d00000|  0%| F|  |TAMS 0x0000000084c00000, 0x0000000084c00000| Untracked 
|  77|0x0000000084d00000, 0x0000000084d00000, 0x0000000084e00000|  0%| F|  |TAMS 0x0000000084d00000, 0x0000000084d00000| Untracked 
|  78|0x0000000084e00000, 0x0000000084e00000, 0x0000000084f00000|  0%| F|  |TAMS 0x0000000084e00000, 0x0000000084e00000| Untracked 
|  79|0x0000000084f00000, 0x0000000084f00000, 0x0000000085000000|  0%| F|  |TAMS 0x0000000084f00000, 0x0000000084f00000| Untracked 
|  80|0x0000000085000000, 0x0000000085000000, 0x0000000085100000|  0%| F|  |TAMS 0x0000000085000000, 0x0000000085000000| Untracked 
|  81|0x0000000085100000, 0x0000000085100000, 0x0000000085200000|  0%| F|  |TAMS 0x0000000085100000, 0x0000000085100000| Untracked 
|  82|0x0000000085200000, 0x0000000085200000, 0x0000000085300000|  0%| F|  |TAMS 0x0000000085200000, 0x0000000085200000| Untracked 
|  83|0x0000000085300000, 0x0000000085300000, 0x0000000085400000|  0%| F|  |TAMS 0x0000000085300000, 0x0000000085300000| Untracked 
|  84|0x0000000085400000, 0x0000000085400000, 0x0000000085500000|  0%| F|  |TAMS 0x0000000085400000, 0x0000000085400000| Untracked 
|  85|0x0000000085500000, 0x0000000085500000, 0x0000000085600000|  0%| F|  |TAMS 0x0000000085500000, 0x0000000085500000| Untracked 
|  86|0x0000000085600000, 0x00000000856d1c80, 0x0000000085700000| 81%| S|CS|TAMS 0x0000000085600000, 0x0000000085600000| Complete 
|  87|0x0000000085700000, 0x0000000085800000, 0x0000000085800000|100%| S|CS|TAMS 0x0000000085700000, 0x0000000085700000| Complete 
|  88|0x0000000085800000, 0x0000000085800000, 0x0000000085900000|  0%| F|  |TAMS 0x0000000085800000, 0x0000000085800000| Untracked 
|  89|0x0000000085900000, 0x0000000085900000, 0x0000000085a00000|  0%| F|  |TAMS 0x0000000085900000, 0x0000000085900000| Untracked 
|  90|0x0000000085a00000, 0x0000000085a00000, 0x0000000085b00000|  0%| F|  |TAMS 0x0000000085a00000, 0x0000000085a00000| Untracked 
|  91|0x0000000085b00000, 0x0000000085b00000, 0x0000000085c00000|  0%| F|  |TAMS 0x0000000085b00000, 0x0000000085b00000| Untracked 
|  92|0x0000000085c00000, 0x0000000085c00000, 0x0000000085d00000|  0%| F|  |TAMS 0x0000000085c00000, 0x0000000085c00000| Untracked 
|  93|0x0000000085d00000, 0x0000000085d00000, 0x0000000085e00000|  0%| F|  |TAMS 0x0000000085d00000, 0x0000000085d00000| Untracked 
|  94|0x0000000085e00000, 0x0000000085e00000, 0x0000000085f00000|  0%| F|  |TAMS 0x0000000085e00000, 0x0000000085e00000| Untracked 
|  95|0x0000000085f00000, 0x0000000085f00000, 0x0000000086000000|  0%| F|  |TAMS 0x0000000085f00000, 0x0000000085f00000| Untracked 
|  96|0x0000000086000000, 0x0000000086000000, 0x0000000086100000|  0%| F|  |TAMS 0x0000000086000000, 0x0000000086000000| Untracked 
|  97|0x0000000086100000, 0x0000000086100000, 0x0000000086200000|  0%| F|  |TAMS 0x0000000086100000, 0x0000000086100000| Untracked 
|  98|0x0000000086200000, 0x0000000086200000, 0x0000000086300000|  0%| F|  |TAMS 0x0000000086200000, 0x0000000086200000| Untracked 
|  99|0x0000000086300000, 0x0000000086300000, 0x0000000086400000|  0%| F|  |TAMS 0x0000000086300000, 0x0000000086300000| Untracked 
| 100|0x0000000086400000, 0x0000000086400000, 0x0000000086500000|  0%| F|  |TAMS 0x0000000086400000, 0x0000000086400000| Untracked 
| 101|0x0000000086500000, 0x0000000086500000, 0x0000000086600000|  0%| F|  |TAMS 0x0000000086500000, 0x0000000086500000| Untracked 
| 102|0x0000000086600000, 0x0000000086600000, 0x0000000086700000|  0%| F|  |TAMS 0x0000000086600000, 0x0000000086600000| Untracked 
| 103|0x0000000086700000, 0x0000000086700000, 0x0000000086800000|  0%| F|  |TAMS 0x0000000086700000, 0x0000000086700000| Untracked 
| 104|0x0000000086800000, 0x0000000086800000, 0x0000000086900000|  0%| F|  |TAMS 0x0000000086800000, 0x0000000086800000| Untracked 
| 105|0x0000000086900000, 0x0000000086900000, 0x0000000086a00000|  0%| F|  |TAMS 0x0000000086900000, 0x0000000086900000| Untracked 
| 106|0x0000000086a00000, 0x0000000086a00000, 0x0000000086b00000|  0%| F|  |TAMS 0x0000000086a00000, 0x0000000086a00000| Untracked 
| 107|0x0000000086b00000, 0x0000000086b00000, 0x0000000086c00000|  0%| F|  |TAMS 0x0000000086b00000, 0x0000000086b00000| Untracked 
| 108|0x0000000086c00000, 0x0000000086c00000, 0x0000000086d00000|  0%| F|  |TAMS 0x0000000086c00000, 0x0000000086c00000| Untracked 
| 109|0x0000000086d00000, 0x0000000086d00000, 0x0000000086e00000|  0%| F|  |TAMS 0x0000000086d00000, 0x0000000086d00000| Untracked 
| 110|0x0000000086e00000, 0x0000000086e00000, 0x0000000086f00000|  0%| F|  |TAMS 0x0000000086e00000, 0x0000000086e00000| Untracked 
| 111|0x0000000086f00000, 0x0000000086f00000, 0x0000000087000000|  0%| F|  |TAMS 0x0000000086f00000, 0x0000000086f00000| Untracked 
| 112|0x0000000087000000, 0x0000000087000000, 0x0000000087100000|  0%| F|  |TAMS 0x0000000087000000, 0x0000000087000000| Untracked 
| 113|0x0000000087100000, 0x0000000087100000, 0x0000000087200000|  0%| F|  |TAMS 0x0000000087100000, 0x0000000087100000| Untracked 
| 114|0x0000000087200000, 0x0000000087200000, 0x0000000087300000|  0%| F|  |TAMS 0x0000000087200000, 0x0000000087200000| Untracked 
| 115|0x0000000087300000, 0x0000000087300000, 0x0000000087400000|  0%| F|  |TAMS 0x0000000087300000, 0x0000000087300000| Untracked 
| 116|0x0000000087400000, 0x0000000087400000, 0x0000000087500000|  0%| F|  |TAMS 0x0000000087400000, 0x0000000087400000| Untracked 
| 117|0x0000000087500000, 0x0000000087500000, 0x0000000087600000|  0%| F|  |TAMS 0x0000000087500000, 0x0000000087500000| Untracked 
| 118|0x0000000087600000, 0x0000000087600000, 0x0000000087700000|  0%| F|  |TAMS 0x0000000087600000, 0x0000000087600000| Untracked 
| 119|0x0000000087700000, 0x0000000087700000, 0x0000000087800000|  0%| F|  |TAMS 0x0000000087700000, 0x0000000087700000| Untracked 
| 120|0x0000000087800000, 0x0000000087800000, 0x0000000087900000|  0%| F|  |TAMS 0x0000000087800000, 0x0000000087800000| Untracked 
| 121|0x0000000087900000, 0x0000000087900000, 0x0000000087a00000|  0%| F|  |TAMS 0x0000000087900000, 0x0000000087900000| Untracked 
| 122|0x0000000087a00000, 0x0000000087a00000, 0x0000000087b00000|  0%| F|  |TAMS 0x0000000087a00000, 0x0000000087a00000| Untracked 
| 123|0x0000000087b00000, 0x0000000087b00000, 0x0000000087c00000|  0%| F|  |TAMS 0x0000000087b00000, 0x0000000087b00000| Untracked 
| 124|0x0000000087c00000, 0x0000000087c00000, 0x0000000087d00000|  0%| F|  |TAMS 0x0000000087c00000, 0x0000000087c00000| Untracked 
| 125|0x0000000087d00000, 0x0000000087d00000, 0x0000000087e00000|  0%| F|  |TAMS 0x0000000087d00000, 0x0000000087d00000| Untracked 
| 126|0x0000000087e00000, 0x0000000087e00000, 0x0000000087f00000|  0%| F|  |TAMS 0x0000000087e00000, 0x0000000087e00000| Untracked 
| 127|0x0000000087f00000, 0x0000000087fafca8, 0x0000000088000000| 68%| E|  |TAMS 0x0000000087f00000, 0x0000000087f00000| Complete 

Card table byte_map: [0x0000024a21f70000,0x0000024a22370000] _byte_map_base: 0x0000024a21b70000

Marking Bits (Prev, Next): (CMBitMap*) 0x0000024a0ce1d288, (CMBitMap*) 0x0000024a0ce1d2c0
 Prev Bits: [0x0000024a22770000, 0x0000024a24770000)
 Next Bits: [0x0000024a24770000, 0x0000024a26770000)

Polling page: 0x0000024a0ceb0000

Metaspace:

Usage:
  Non-class:     18.06 MB capacity,    17.78 MB ( 98%) used,   254.66 KB (  1%) free+waste,    35.88 KB ( <1%) overhead. 
      Class:      2.63 MB capacity,     2.46 MB ( 94%) used,   155.91 KB (  6%) free+waste,    17.56 KB ( <1%) overhead. 
       Both:     20.69 MB capacity,    20.24 MB ( 98%) used,   410.57 KB (  2%) free+waste,    53.44 KB ( <1%) overhead. 

Virtual space:
  Non-class space:       22.00 MB reserved,      18.25 MB ( 83%) committed 
      Class space:        1.00 GB reserved,       2.75 MB ( <1%) committed 
             Both:        1.02 GB reserved,      21.00 MB (  2%) committed 

Chunk freelists:
   Non-Class:  3.00 KB
       Class:  23.00 KB
        Both:  26.00 KB

MaxMetaspaceSize: 17179869184.00 GB
CompressedClassSpaceSize: 1.00 GB
Initial GC threshold: 20.80 MB
Current GC threshold: 21.12 MB
CDS: off

CodeHeap 'non-profiled nmethods': size=120000Kb used=923Kb max_used=923Kb free=119076Kb
 bounds [0x0000024a19bc0000, 0x0000024a19e30000, 0x0000024a210f0000]
CodeHeap 'profiled nmethods': size=120000Kb used=3859Kb max_used=3859Kb free=116140Kb
 bounds [0x0000024a12690000, 0x0000024a12a60000, 0x0000024a19bc0000]
CodeHeap 'non-nmethods': size=5760Kb used=1198Kb max_used=1215Kb free=4561Kb
 bounds [0x0000024a120f0000, 0x0000024a12360000, 0x0000024a12690000]
 total_blobs=2342 nmethods=1868 adapters=387
 compilation: enabled
              stopped_count=0, restarted_count=0
 full_count=0

Compilation events (20 events):
Event: 3.221 Thread 0x0000024a29bcb000 1849       3       java.util.regex.ASCII::isType (15 bytes)
Event: 3.221 Thread 0x0000024a29bcb000 nmethod 1849 0x0000024a12a44790 code [0x0000024a12a44960, 0x0000024a12a44b78]
Event: 3.222 Thread 0x0000024a29bcb000 1850       3       java.util.regex.ASCII::getType (17 bytes)
Event: 3.222 Thread 0x0000024a29bcb000 nmethod 1850 0x0000024a12a44c90 code [0x0000024a12a44e40, 0x0000024a12a44fb8]
Event: 3.222 Thread 0x0000024a29bcb000 1854       3       java.lang.String::split (7 bytes)
Event: 3.222 Thread 0x0000024a29bcb000 nmethod 1854 0x0000024a12a45090 code [0x0000024a12a45240, 0x0000024a12a45368]
Event: 3.222 Thread 0x0000024a29bcb000 1851       3       java.util.ArrayList$SubList::checkForComodification (23 bytes)
Event: 3.222 Thread 0x0000024a29bcb000 nmethod 1851 0x0000024a12a45410 code [0x0000024a12a455e0, 0x0000024a12a457a8]
Event: 3.222 Thread 0x0000024a29bcb000 1853       3       java.util.AbstractList::subListRangeCheck (110 bytes)
Event: 3.224 Thread 0x0000024a29bcb000 nmethod 1853 0x0000024a12a45890 code [0x0000024a12a45cc0, 0x0000024a12a475e8]
Event: 3.224 Thread 0x0000024a29bcb000 1862       3       java.util.ArrayList$SubList::toArray (79 bytes)
Event: 3.224 Thread 0x0000024a29bcb000 nmethod 1862 0x0000024a12a47e90 code [0x0000024a12a480a0, 0x0000024a12a48708]
Event: 3.224 Thread 0x0000024a29bcb000 1844       3       java.util.regex.CharPredicates$$Lambda$5/0x0000000100065040::is (5 bytes)
Event: 3.224 Thread 0x0000024a29bcb000 nmethod 1844 0x0000024a12a48910 code [0x0000024a12a48ae0, 0x0000024a12a48d98]
Event: 3.224 Thread 0x0000024a29bcb000 1846       3       java.util.regex.Pattern$Node::study (21 bytes)
Event: 3.225 Thread 0x0000024a29bcb000 nmethod 1846 0x0000024a12a48e90 code [0x0000024a12a49060, 0x0000024a12a49268]
Event: 3.225 Thread 0x0000024a29bcb000 1861       1       java.lang.Character::charValue (5 bytes)
Event: 3.225 Thread 0x0000024a29bcb000 nmethod 1861 0x0000024a19ca5d90 code [0x0000024a19ca5f40, 0x0000024a19ca5ff8]
Event: 3.225 Thread 0x0000024a29bcb000 1864       1       java.util.TreeMap$Entry::getKey (5 bytes)
Event: 3.225 Thread 0x0000024a29bcb000 nmethod 1864 0x0000024a19ca6090 code [0x0000024a19ca6240, 0x0000024a19ca62f8]

GC Heap History (4 events):
Event: 0.893 GC heap before
{Heap before GC invocations=0 (full 0):
 garbage-first heap   total 131072K, used 29696K [0x0000000080000000, 0x0000000100000000)
  region size 1024K, 24 young (24576K), 0 survivors (0K)
 Metaspace       used 10134K, capacity 10333K, committed 10624K, reserved 1058816K
  class space    used 1047K, capacity 1108K, committed 1152K, reserved 1048576K
}
Event: 0.898 GC heap after
{Heap after GC invocations=1 (full 0):
 garbage-first heap   total 131072K, used 9416K [0x0000000080000000, 0x0000000100000000)
  region size 1024K, 3 young (3072K), 3 survivors (3072K)
 Metaspace       used 10134K, capacity 10333K, committed 10624K, reserved 1058816K
  class space    used 1047K, capacity 1108K, committed 1152K, reserved 1048576K
}
Event: 2.417 GC heap before
{Heap before GC invocations=1 (full 0):
 garbage-first heap   total 131072K, used 71880K [0x0000000080000000, 0x0000000100000000)
  region size 1024K, 64 young (65536K), 3 survivors (3072K)
 Metaspace       used 15502K, capacity 15862K, committed 16000K, reserved 1062912K
  class space    used 1751K, capacity 1866K, committed 1920K, reserved 1048576K
}
Event: 2.424 GC heap after
{Heap after GC invocations=2 (full 0):
 garbage-first heap   total 131072K, used 15451K [0x0000000080000000, 0x0000000100000000)
  region size 1024K, 8 young (8192K), 8 survivors (8192K)
 Metaspace       used 15502K, capacity 15862K, committed 16000K, reserved 1062912K
  class space    used 1751K, capacity 1866K, committed 1920K, reserved 1048576K
}

Deoptimization events (20 events):
Event: 2.598 Thread 0x0000024a2bb14800 Uncommon trap: trap_request=0xffffffc6 fr.pc=0x0000024a19c5da34 relative=0x0000000000000d14
Event: 2.598 Thread 0x0000024a2bb14800 Uncommon trap: reason=bimorphic_or_optimized_type_check action=maybe_recompile pc=0x0000024a19c5da34 method=java.util.HashMap.putVal(ILjava/lang/Object;Ljava/lang/Object;ZZ)Ljava/lang/Object; @ 253 c2
Event: 2.598 Thread 0x0000024a2bb14800 DEOPT PACKING pc=0x0000024a19c5da34 sp=0x0000006e172fed90
Event: 2.598 Thread 0x0000024a2bb14800 DEOPT UNPACKING pc=0x0000024a1213a1af sp=0x0000006e172fecc8 mode 2
Event: 2.599 Thread 0x0000024a2bb14800 Uncommon trap: trap_request=0xffffffc6 fr.pc=0x0000024a19c5da34 relative=0x0000000000000d14
Event: 2.599 Thread 0x0000024a2bb14800 Uncommon trap: reason=bimorphic_or_optimized_type_check action=maybe_recompile pc=0x0000024a19c5da34 method=java.util.HashMap.putVal(ILjava/lang/Object;Ljava/lang/Object;ZZ)Ljava/lang/Object; @ 253 c2
Event: 2.600 Thread 0x0000024a2bb14800 DEOPT PACKING pc=0x0000024a19c5da34 sp=0x0000006e172fee80
Event: 2.600 Thread 0x0000024a2bb14800 DEOPT UNPACKING pc=0x0000024a1213a1af sp=0x0000006e172fedb8 mode 2
Event: 3.202 Thread 0x0000024a2bb14800 Uncommon trap: trap_request=0xffffff4d fr.pc=0x0000024a19c304c8 relative=0x0000000000000b28
Event: 3.202 Thread 0x0000024a2bb14800 Uncommon trap: reason=unstable_if action=reinterpret pc=0x0000024a19c304c8 method=java.util.Properties$LineReader.readLine()I @ 249 c2
Event: 3.202 Thread 0x0000024a2bb14800 DEOPT PACKING pc=0x0000024a19c304c8 sp=0x0000006e172f9b30
Event: 3.202 Thread 0x0000024a2bb14800 DEOPT UNPACKING pc=0x0000024a1213a1af sp=0x0000006e172f9ad0 mode 2
Event: 3.206 Thread 0x0000024a2bb14800 Uncommon trap: trap_request=0xffffff4d fr.pc=0x0000024a19c37684 relative=0x0000000000000904
Event: 3.206 Thread 0x0000024a2bb14800 Uncommon trap: reason=unstable_if action=reinterpret pc=0x0000024a19c37684 method=java.util.regex.Matcher.reset()Ljava/util/regex/Matcher; @ 71 c2
Event: 3.206 Thread 0x0000024a2bb14800 DEOPT PACKING pc=0x0000024a19c37684 sp=0x0000006e172f8f80
Event: 3.206 Thread 0x0000024a2bb14800 DEOPT UNPACKING pc=0x0000024a1213a1af sp=0x0000006e172f8ec8 mode 2
Event: 3.207 Thread 0x0000024a2bb14800 Uncommon trap: trap_request=0xffffff4d fr.pc=0x0000024a19c243f8 relative=0x0000000000000218
Event: 3.207 Thread 0x0000024a2bb14800 Uncommon trap: reason=unstable_if action=reinterpret pc=0x0000024a19c243f8 method=java.util.regex.Matcher.reset()Ljava/util/regex/Matcher; @ 71 c2
Event: 3.207 Thread 0x0000024a2bb14800 DEOPT PACKING pc=0x0000024a19c243f8 sp=0x0000006e172f8f30
Event: 3.207 Thread 0x0000024a2bb14800 DEOPT UNPACKING pc=0x0000024a1213a1af sp=0x0000006e172f8ec0 mode 2

Classes redefined (0 events):
No events

Internal exceptions (20 events):
Event: 0.506 Thread 0x0000024a0cdde000 Exception <a 'java/lang/NoClassDefFoundError'{0x00000000871d8938}: org/slf4j/impl/StaticMarkerBinder> (0x00000000871d8938) thrown at [./src/hotspot/share/classfile/systemDictionary.cpp, line 220]
Event: 0.650 Thread 0x0000024a0cdde000 Exception <a 'java/lang/NoSuchMethodError'{0x0000000086d42f20}: 'java.lang.Object java.lang.invoke.DirectMethodHandle$Holder.invokeVirtual(java.lang.Object, java.lang.Object, java.lang.Object, java.lang.Object, java.lang.Object, java.lang.Object, java.lang.Object)'> (0x0000000086d42f20) thrown at [./src/hotspot/share/interpreter/linkResolver.cpp, line 773]
Event: 0.655 Thread 0x0000024a0cdde000 Exception <a 'java/lang/NoSuchMethodError'{0x0000000086d57330}: 'java.lang.Object java.lang.invoke.Invokers$Holder.invoker(java.lang.Object, java.lang.Object, java.lang.Object)'> (0x0000000086d57330) thrown at [./src/hotspot/share/interpreter/linkResolver.cpp, line 773]
Event: 0.662 Thread 0x0000024a0cdde000 Exception <a 'java/lang/NoSuchMethodError'{0x0000000086d683a8}: 'void java.lang.invoke.DelegatingMethodHandle$Holder.delegate(java.lang.Object, java.lang.Object, int, java.lang.Object)'> (0x0000000086d683a8) thrown at [./src/hotspot/share/interpreter/linkResolver.cpp, line 773]
Event: 1.242 Thread 0x0000024a0cdde000 Exception <a 'java/security/PrivilegedActionException'{0x000000008580bf88}> (0x000000008580bf88) thrown at [./src/hotspot/share/prims/jvm.cpp, line 1306]
Event: 1.242 Thread 0x0000024a0cdde000 Exception <a 'java/security/PrivilegedActionException'{0x000000008580c500}> (0x000000008580c500) thrown at [./src/hotspot/share/prims/jvm.cpp, line 1306]
Event: 1.500 Thread 0x0000024a0cdde000 Exception <a 'java/lang/NoSuchMethodError'{0x0000000084767c00}: 'java.lang.Object java.lang.invoke.DirectMethodHandle$Holder.invokeStaticInit(java.lang.Object, java.lang.Object, java.lang.Object)'> (0x0000000084767c00) thrown at [./src/hotspot/share/interpreter/linkResolver.cpp, line 773]
Event: 1.725 Thread 0x0000024a0cdde000 Exception <a 'java/lang/NoSuchMethodError'{0x00000000841e32e8}: 'java.lang.Object java.lang.invoke.DirectMethodHandle$Holder.invokeStaticInit(java.lang.Object, int, int, int, int)'> (0x00000000841e32e8) thrown at [./src/hotspot/share/interpreter/linkResolver.cpp, line 773]
Event: 1.996 Thread 0x0000024a0cdde000 Exception <a 'java/lang/NoSuchMethodError'{0x00000000840180f0}: 'java.lang.Object java.lang.invoke.DirectMethodHandle$Holder.invokeStaticInit(java.lang.Object, java.lang.Object, int, int, int, int)'> (0x00000000840180f0) thrown at [./src/hotspot/share/interpreter/linkResolver.cpp, line 773]
Event: 2.462 Thread 0x0000024a0cdde000 Exception <a 'java/io/IOException'{0x0000000087e9a460}> (0x0000000087e9a460) thrown at [./src/hotspot/share/prims/jni.cpp, line 616]
Event: 2.535 Thread 0x0000024a2b16a800 Exception <a 'java/lang/NoSuchMethodError'{0x0000000087b6ed10}: <clinit>> (0x0000000087b6ed10) thrown at [./src/hotspot/share/prims/jni.cpp, line 1366]
Event: 2.537 Thread 0x0000024a2b16a800 Exception <a 'java/lang/NoSuchMethodError'{0x0000000087b86d20}: <clinit>> (0x0000000087b86d20) thrown at [./src/hotspot/share/prims/jni.cpp, line 1366]
Event: 2.539 Thread 0x0000024a2b16a800 Exception <a 'java/lang/NoSuchMethodError'{0x0000000087b906e8}: <clinit>> (0x0000000087b906e8) thrown at [./src/hotspot/share/prims/jni.cpp, line 1366]
Event: 2.542 Thread 0x0000024a2b16a800 Exception <a 'java/lang/NoSuchMethodError'{0x0000000087ba5a40}: <clinit>> (0x0000000087ba5a40) thrown at [./src/hotspot/share/prims/jni.cpp, line 1366]
Event: 2.721 Thread 0x0000024a2bb14800 Exception <a 'java/lang/NoSuchMethodError'{0x00000000877e0d50}: 'long java.lang.invoke.DirectMethodHandle$Holder.invokeInterface(java.lang.Object, java.lang.Object)'> (0x00000000877e0d50) thrown at [./src/hotspot/share/interpreter/linkResolver.cpp, line 773]
Event: 2.724 Thread 0x0000024a2bb14800 Exception <a 'java/lang/NoSuchMethodError'{0x00000000877eddf0}: 'void java.lang.invoke.DelegatingMethodHandle$Holder.reinvoke_L(java.lang.Object, java.lang.Object, java.lang.Object, java.lang.Object, java.lang.Object, java.lang.Object, java.lang.Object)'> (0x00000000877eddf0) thrown at [./src/hotspot/share/interpreter/linkResolver.cpp, line 773]
Event: 3.179 Thread 0x0000024a2bb14800 Exception <a 'java/lang/NoSuchMethodError'{0x0000000085c60e50}: 'void java.lang.invoke.DirectMethodHandle$Holder.invokeStaticInit(java.lang.Object)'> (0x0000000085c60e50) thrown at [./src/hotspot/share/interpreter/linkResolver.cpp, line 773]
Event: 3.194 Thread 0x0000024a2bb14800 Exception <a 'java/lang/NoSuchMethodError'{0x0000000085b0d5e8}: 'java.lang.Object java.lang.invoke.DirectMethodHandle$Holder.invokeStatic(java.lang.Object, java.lang.Object, java.lang.Object, int)'> (0x0000000085b0d5e8) thrown at [./src/hotspot/share/interpreter/linkResolver.cpp, line 773]
Event: 3.194 Thread 0x0000024a2bb14800 Exception <a 'java/lang/NoSuchMethodError'{0x0000000085b11d00}: 'java.lang.Object java.lang.invoke.DirectMethodHandle$Holder.invokeSpecial(java.lang.Object, java.lang.Object, java.lang.Object, java.lang.Object, int)'> (0x0000000085b11d00) thrown at [./src/hotspot/share/interpreter/linkResolver.cpp, line 773]
Event: 3.194 Thread 0x0000024a2bb14800 Exception <a 'java/lang/NoSuchMethodError'{0x0000000085b15c38}: 'java.lang.Object java.lang.invoke.Invokers$Holder.linkToTargetMethod(java.lang.Object, java.lang.Object, int, java.lang.Object)'> (0x0000000085b15c38) thrown at [./src/hotspot/share/interpreter/linkResolver.cpp, line 773]

Events (20 events):
Event: 3.208 loading class org/apache/commons/lang/ArrayUtils
Event: 3.208 loading class org/apache/commons/lang/ArrayUtils done
Event: 3.217 loading class com/google/common/primitives/Ints
Event: 3.217 loading class com/google/common/primitives/Ints done
Event: 3.220 loading class com/google/common/primitives/IntsMethodsForWeb
Event: 3.220 loading class com/google/common/primitives/IntsMethodsForWeb done
Event: 3.221 loading class com/google/common/primitives/Ints$IntConverter
Event: 3.221 loading class com/google/common/primitives/Ints$IntConverter done
Event: 3.221 loading class org/gradle/api/internal/artifacts/ivyservice/DefaultArtifactCaches$LateInitWritableArtifactCacheLockingManager
Event: 3.221 loading class org/gradle/api/internal/artifacts/ivyservice/DefaultArtifactCaches$LateInitWritableArtifactCacheLockingManager done
Event: 3.222 loading class org/gradle/cache/CacheRepository
Event: 3.222 loading class org/gradle/cache/CacheRepository done
Event: 3.222 loading class org/gradle/api/internal/artifacts/ivyservice/WritableArtifactCacheLockingManager
Event: 3.222 loading class org/gradle/api/internal/artifacts/ivyservice/WritableArtifactCacheLockingManager done
Event: 3.223 loading class org/gradle/api/internal/artifacts/ivyservice/WritableArtifactCacheLockingManager
Event: 3.223 loading class org/gradle/api/internal/artifacts/ivyservice/WritableArtifactCacheLockingManager done
Event: 3.223 loading class org/gradle/api/internal/artifacts/ivyservice/DefaultArtifactCaches
Event: 3.223 loading class org/gradle/api/internal/artifacts/ivyservice/DefaultArtifactCaches done
Event: 3.223 loading class org/apache/commons/lang/StringUtils
Event: 3.223 loading class org/apache/commons/lang/StringUtils done


Dynamic libraries:
0x00007ff7fcb60000 - 0x00007ff7fcb6a000 	C:\Program Files\Android\Android Studio\jre\bin\java.exe
0x00007ffe21210000 - 0x00007ffe21424000 	C:\WINDOWS\SYSTEM32\ntdll.dll
0x00007ffe207b0000 - 0x00007ffe20872000 	C:\WINDOWS\System32\KERNEL32.DLL
0x00007ffe1e7f0000 - 0x00007ffe1eb8d000 	C:\WINDOWS\System32\KERNELBASE.dll
0x00007ffe1e6d0000 - 0x00007ffe1e7e1000 	C:\WINDOWS\System32\ucrtbase.dll
0x00007ffe18f50000 - 0x00007ffe18f67000 	C:\Program Files\Android\Android Studio\jre\bin\VCRUNTIME140.dll
0x00007ffe0dc80000 - 0x00007ffe0dc99000 	C:\Program Files\Android\Android Studio\jre\bin\jli.dll
0x00007ffe20880000 - 0x00007ffe20a2d000 	C:\WINDOWS\System32\USER32.dll
0x00007ffe02c60000 - 0x00007ffe02eee000 	C:\WINDOWS\WinSxS\amd64_microsoft.windows.common-controls_6595b64144ccf1df_6.0.22621.436_none_a94247dbc10d8414\COMCTL32.dll
0x00007ffe1ed00000 - 0x00007ffe1ed26000 	C:\WINDOWS\System32\win32u.dll
0x00007ffe1f370000 - 0x00007ffe1f417000 	C:\WINDOWS\System32\msvcrt.dll
0x00007ffe1f010000 - 0x00007ffe1f039000 	C:\WINDOWS\System32\GDI32.dll
0x00007ffe1edb0000 - 0x00007ffe1eec2000 	C:\WINDOWS\System32\gdi32full.dll
0x00007ffe1e630000 - 0x00007ffe1e6ca000 	C:\WINDOWS\System32\msvcp_win.dll
0x00007ffe20650000 - 0x00007ffe20682000 	C:\WINDOWS\System32\IMM32.DLL
0x00007ffde2cc0000 - 0x00007ffde2d5d000 	C:\Program Files\Android\Android Studio\jre\bin\msvcp140.dll
0x00007ffdab910000 - 0x00007ffdac412000 	C:\Program Files\Android\Android Studio\jre\bin\server\jvm.dll
0x00007ffe1f420000 - 0x00007ffe1f4ce000 	C:\WINDOWS\System32\ADVAPI32.dll
0x00007ffe20690000 - 0x00007ffe20734000 	C:\WINDOWS\System32\sechost.dll
0x00007ffe203f0000 - 0x00007ffe20505000 	C:\WINDOWS\System32\RPCRT4.dll
0x00007ffe1f000000 - 0x00007ffe1f008000 	C:\WINDOWS\System32\PSAPI.DLL
0x00007ffe18710000 - 0x00007ffe18719000 	C:\WINDOWS\SYSTEM32\WSOCK32.dll
0x00007ffe16e80000 - 0x00007ffe16eb4000 	C:\WINDOWS\SYSTEM32\WINMM.dll
0x00007ffe1fda0000 - 0x00007ffe1fe11000 	C:\WINDOWS\System32\WS2_32.dll
0x00007ffe172c0000 - 0x00007ffe172ca000 	C:\WINDOWS\SYSTEM32\VERSION.dll
0x00007ffe1d780000 - 0x00007ffe1d798000 	C:\WINDOWS\SYSTEM32\kernel.appcore.dll
0x00007ffe0dce0000 - 0x00007ffe0dcf1000 	C:\Program Files\Android\Android Studio\jre\bin\verify.dll
0x00007ffe1c050000 - 0x00007ffe1c27e000 	C:\WINDOWS\SYSTEM32\DBGHELP.DLL
0x00007ffe1fec0000 - 0x00007ffe2024a000 	C:\WINDOWS\System32\combase.dll
0x00007ffe1fcc0000 - 0x00007ffe1fd97000 	C:\WINDOWS\System32\OLEAUT32.dll
0x00007ffe07980000 - 0x00007ffe079b2000 	C:\WINDOWS\SYSTEM32\dbgcore.DLL
0x00007ffe1ed30000 - 0x00007ffe1edab000 	C:\WINDOWS\System32\bcryptPrimitives.dll
0x00007ffdf2f40000 - 0x00007ffdf2f69000 	C:\Program Files\Android\Android Studio\jre\bin\java.dll
0x00007ffdff9a0000 - 0x00007ffdff9ab000 	C:\Program Files\Android\Android Studio\jre\bin\jimage.dll
0x00007ffdf2f20000 - 0x00007ffdf2f38000 	C:\Program Files\Android\Android Studio\jre\bin\zip.dll
0x00007ffe1f4d0000 - 0x00007ffe1fcbf000 	C:\WINDOWS\System32\SHELL32.dll
0x00007ffe1c670000 - 0x00007ffe1cf38000 	C:\WINDOWS\SYSTEM32\windows.storage.dll
0x00007ffe1c530000 - 0x00007ffe1c66e000 	C:\WINDOWS\SYSTEM32\wintypes.dll
0x00007ffe20a30000 - 0x00007ffe20b21000 	C:\WINDOWS\System32\SHCORE.dll
0x00007ffe20370000 - 0x00007ffe203ce000 	C:\WINDOWS\System32\shlwapi.dll
0x00007ffe1e560000 - 0x00007ffe1e581000 	C:\WINDOWS\SYSTEM32\profapi.dll
0x00007ffddcea0000 - 0x00007ffddceba000 	C:\Program Files\Android\Android Studio\jre\bin\net.dll
0x00007ffe160c0000 - 0x00007ffe161ef000 	C:\WINDOWS\SYSTEM32\WINHTTP.dll
0x00007ffe1dbe0000 - 0x00007ffe1dc49000 	C:\WINDOWS\system32\mswsock.dll
0x00007ffddce80000 - 0x00007ffddce94000 	C:\Program Files\Android\Android Studio\jre\bin\nio.dll
0x00007ffe17a30000 - 0x00007ffe17a57000 	C:\Users\parma\.gradle\native\e1d6ef7f7dcc3fd88c89a11ec53ec762bb8ba0a96d01ffa2cd45eb1d1d8dd5c5\windows-amd64\native-platform.dll
0x00007ffddb870000 - 0x00007ffddb9b4000 	C:\Users\parma\.gradle\native\0d407fdbe67a94daf76414ababcb853783967236a71b16ec16e742cd7a986fd3\windows-amd64\native-platform-file-events.dll
0x00007ffdf3910000 - 0x00007ffdf391a000 	C:\Program Files\Android\Android Studio\jre\bin\management.dll
0x00007ffdf3500000 - 0x00007ffdf350d000 	C:\Program Files\Android\Android Studio\jre\bin\management_ext.dll
0x00007ffe1de30000 - 0x00007ffe1de4b000 	C:\WINDOWS\SYSTEM32\CRYPTSP.dll
0x00007ffe1d6f0000 - 0x00007ffe1d725000 	C:\WINDOWS\system32\rsaenh.dll
0x00007ffe1dcd0000 - 0x00007ffe1dcf8000 	C:\WINDOWS\SYSTEM32\USERENV.dll
0x00007ffe1dff0000 - 0x00007ffe1e018000 	C:\WINDOWS\SYSTEM32\bcrypt.dll
0x00007ffe1de50000 - 0x00007ffe1de5c000 	C:\WINDOWS\SYSTEM32\CRYPTBASE.dll
0x00007ffe1d200000 - 0x00007ffe1d22d000 	C:\WINDOWS\SYSTEM32\IPHLPAPI.DLL
0x00007ffe1fe20000 - 0x00007ffe1fe29000 	C:\WINDOWS\System32\NSI.dll
0x00007ffe16050000 - 0x00007ffe16069000 	C:\WINDOWS\SYSTEM32\dhcpcsvc6.DLL
0x00007ffe15f80000 - 0x00007ffe15f9f000 	C:\WINDOWS\SYSTEM32\dhcpcsvc.DLL
0x00007ffe1d270000 - 0x00007ffe1d362000 	C:\WINDOWS\SYSTEM32\DNSAPI.dll

dbghelp: loaded successfully - version: 4.0.5 - missing functions: none
symbol engine: initialized successfully - sym options: 0x614 - pdb path: .;C:\Program Files\Android\Android Studio\jre\bin;C:\WINDOWS\SYSTEM32;C:\WINDOWS\WinSxS\amd64_microsoft.windows.common-controls_6595b64144ccf1df_6.0.22621.436_none_a94247dbc10d8414;C:\Program Files\Android\Android Studio\jre\bin\server;C:\Users\parma\.gradle\native\e1d6ef7f7dcc3fd88c89a11ec53ec762bb8ba0a96d01ffa2cd45eb1d1d8dd5c5\windows-amd64;C:\Users\parma\.gradle\native\0d407fdbe67a94daf76414ababcb853783967236a71b16ec16e742cd7a986fd3\windows-amd64

VM Arguments:
jvm_args: --add-opens=java.base/java.util=ALL-UNNAMED --add-opens=java.base/java.lang=ALL-UNNAMED --add-opens=java.base/java.lang.invoke=ALL-UNNAMED --add-opens=java.base/java.util=ALL-UNNAMED --add-opens=java.prefs/java.util.prefs=ALL-UNNAMED --add-opens=java.prefs/java.util.prefs=ALL-UNNAMED --add-opens=java.base/java.nio.charset=ALL-UNNAMED --add-opens=java.base/java.net=ALL-UNNAMED --add-opens=java.base/java.util.concurrent.atomic=ALL-UNNAMED -Xmx2048m -Dfile.encoding=UTF-8 -Duser.country=IN -Duser.language=en -Duser.variant 
java_command: org.gradle.launcher.daemon.bootstrap.GradleDaemon 7.4
java_class_path (initial): C:\Users\parma\.gradle\wrapper\dists\gradle-7.4-bin\c0gwcg53nkjbqw7r0h0umtfvt\gradle-7.4\lib\gradle-launcher-7.4.jar
Launcher Type: SUN_STANDARD

[Global flags]
     intx CICompilerCount                          = 4                                         {product} {ergonomic}
     uint ConcGCThreads                            = 2                                         {product} {ergonomic}
     uint G1ConcRefinementThreads                  = 8                                         {product} {ergonomic}
   size_t G1HeapRegionSize                         = 1048576                                   {product} {ergonomic}
    uintx GCDrainStackTargetSize                   = 64                                        {product} {ergonomic}
   size_t InitialHeapSize                          = 134217728                                 {product} {ergonomic}
   size_t MarkStackSize                            = 4194304                                   {product} {ergonomic}
   size_t MaxHeapSize                              = 2147483648                                {product} {command line}
   size_t MaxNewSize                               = 1287651328                                {product} {ergonomic}
   size_t MinHeapDeltaBytes                        = 1048576                                   {product} {ergonomic}
    uintx NonNMethodCodeHeapSize                   = 5836300                                {pd product} {ergonomic}
    uintx NonProfiledCodeHeapSize                  = 122910970                              {pd product} {ergonomic}
    uintx ProfiledCodeHeapSize                     = 122910970                              {pd product} {ergonomic}
    uintx ReservedCodeCacheSize                    = 251658240                              {pd product} {ergonomic}
     bool SegmentedCodeCache                       = true                                      {product} {ergonomic}
     bool UseCompressedClassPointers               = true                                 {lp64_product} {ergonomic}
     bool UseCompressedOops                        = true                                 {lp64_product} {ergonomic}
     bool UseG1GC                                  = true                                      {product} {ergonomic}
     bool UseLargePagesIndividualAllocation        = false                                  {pd product} {ergonomic}

Logging:
Log output configuration:
 #0: stdout all=warning uptime,level,tags
 #1: stderr all=off uptime,level,tags

Environment Variables:
PATH=C:\Program Files\Common Files\Oracle\Java\javapath;C:\WINDOWS\system32;C:\WINDOWS;C:\WINDOWS\System32\Wbem;C:\WINDOWS\System32\WindowsPowerShell\v1.0\;C:\WINDOWS\System32\OpenSSH\;C:\Program Files (x86)\NVIDIA Corporation\PhysX\Common;C:\Program Files\dotnet\;C:\Users\parma\AppData\Local\Microsoft\WindowsApps;C:\Users\parma\AppData\Local\Programs\Microsoft VS Code\bin;C:\Program Files\Java\jdk-19\bin;
USERNAME=parma
OS=Windows_NT
PROCESSOR_IDENTIFIER=Intel64 Family 6 Model 142 Stepping 10, GenuineIntel



---------------  S Y S T E M  ---------------

OS: Windows 11 , 64 bit Build 22621 (10.0.22621.1028)
OS uptime: 1 days 1:59 hours

CPU:total 8 (initial active 8) (4 cores per cpu, 2 threads per core) family 6 model 142 stepping 10 microcode 0xe0, cmov, cx8, fxsr, mmx, sse, sse2, sse3, ssse3, sse4.1, sse4.2, popcnt, avx, avx2, aes, clmul, erms, 3dnowpref, lzcnt, ht, tsc, tscinvbit, bmi1, bmi2, adx, fma

Memory: 4k page, system-wide physical 8103M (402M free)
TotalPageFile size 9103M (AvailPageFile size 3M)
current process WorkingSet (physical memory assigned to process): 191M, peak: 191M
current process commit charge ("private bytes"): 270M, peak: 271M

vm_info: OpenJDK 64-Bit Server VM (11.0.13+0-b1751.21-8125866) for windows-amd64 JRE (11.0.13+0-b1751.21-8125866), built on Feb  2 2022 03:00:22 by "builder" with MS VC++ 14.0 (VS2015)

END.
