#
# There is insufficient memory for the Java Runtime Environment to continue.
# Native memory allocation (malloc) failed to allocate 1065296 bytes for Chunk::new
# Possible reasons:
#   The system is out of physical RAM or swap space
#   The process is running with CompressedOops enabled, and the Java Heap may be blocking the growth of the native heap
# Possible solutions:
#   Reduce memory load on the system
#   Increase physical memory or swap space
#   Check if swap backing store is full
#   Decrease Java heap size (-Xmx/-Xms)
#   Decrease number of Java threads
#   Decrease Java thread stack sizes (-Xss)
#   Set larger code cache with -XX:ReservedCodeCacheSize=
#   JVM is running with Unscaled Compressed Oops mode in which the Java heap is
#     placed in the first 4GB address space. The Java Heap base address is the
#     maximum limit for the native heap growth. Please use -XX:HeapBaseMinAddress
#     to set the Java Heap base and to place the Java Heap above 4GB virtual address.
# This output file may be truncated or incomplete.
#
#  Out of Memory Error (./src/hotspot/share/memory/arena.cpp:197), pid=9112, tid=16100
#
# JRE version: OpenJDK Runtime Environment (11.0.13) (build 11.0.13+0-b1751.21-8125866)
# Java VM: OpenJDK 64-Bit Server VM (11.0.13+0-b1751.21-8125866, mixed mode, tiered, compressed oops, g1 gc, windows-amd64)
# No core dump will be written. Minidumps are not enabled by default on client versions of Windows
#

---------------  S U M M A R Y ------------

Command Line: --add-opens=java.base/java.util=ALL-UNNAMED --add-opens=java.base/java.lang=ALL-UNNAMED --add-opens=java.base/java.lang.invoke=ALL-UNNAMED --add-opens=java.base/java.util=ALL-UNNAMED --add-opens=java.prefs/java.util.prefs=ALL-UNNAMED --add-opens=java.prefs/java.util.prefs=ALL-UNNAMED --add-opens=java.base/java.nio.charset=ALL-UNNAMED --add-opens=java.base/java.net=ALL-UNNAMED --add-opens=java.base/java.util.concurrent.atomic=ALL-UNNAMED -Xmx2048m -Dfile.encoding=UTF-8 -Duser.country=IN -Duser.language=en -Duser.variant org.gradle.launcher.daemon.bootstrap.GradleDaemon 7.4

Host: Intel(R) Core(TM) i5-8250U CPU @ 1.60GHz, 8 cores, 7G,  Windows 11 , 64 bit Build 22621 (10.0.22621.1028)
Time: Thu Dec  8 16:37:09 2022 India Standard Time elapsed time: 4.761481 seconds (0d 0h 0m 4s)

---------------  T H R E A D  ---------------

Current thread (0x0000029601a3f800):  JavaThread "C2 CompilerThread1" daemon [_thread_in_native, id=16100, stack(0x0000009ccc800000,0x0000009ccc900000)]


Current CompileTask:
C2:   4761 2741  s!   4       jdk.internal.loader.URLClassPath::getLoader (194 bytes)

Stack: [0x0000009ccc800000,0x0000009ccc900000]
Native frames: (J=compiled Java code, j=interpreted, Vv=VM code, C=native code)
V  [jvm.dll+0x6100fa]
V  [jvm.dll+0x747090]
V  [jvm.dll+0x7486ad]
V  [jvm.dll+0x748d83]
V  [jvm.dll+0x24ab48]
V  [jvm.dll+0xc04dc]
V  [jvm.dll+0xc0a0c]
V  [jvm.dll+0x35eb9d]
V  [jvm.dll+0x32b833]
V  [jvm.dll+0x32ad2a]
V  [jvm.dll+0x2032b2]
V  [jvm.dll+0x202437]
V  [jvm.dll+0x188e01]
V  [jvm.dll+0x21106b]
V  [jvm.dll+0x20f8c1]
V  [jvm.dll+0x70de0f]
V  [jvm.dll+0x706a75]
V  [jvm.dll+0x60ed66]
C  [ucrtbase.dll+0x29363]
C  [KERNEL32.DLL+0x1247d]
C  [ntdll.dll+0x5dfb8]


---------------  P R O C E S S  ---------------

Threads class SMR info:
_java_thread_list=0x000002960314bbd0, length=39, elements={
0x00000296649f7000, 0x000002967ee9f000, 0x000002967eea0000, 0x000002967eeb7000,
0x000002967eeb8800, 0x000002967eeb9800, 0x000002967eebc800, 0x000002967eec1800,
0x000002967eec6000, 0x000002967f979000, 0x0000029600f74800, 0x0000029601861000,
0x0000029601391000, 0x000002960245f000, 0x0000029601dbd800, 0x00000296023be800,
0x000002960175c000, 0x0000029601165800, 0x0000029601723800, 0x0000029602084000,
0x0000029602246800, 0x0000029602244800, 0x0000029602243000, 0x0000029602240800,
0x0000029602247000, 0x0000029602241800, 0x0000029602242000, 0x0000029602244000,
0x0000029602245800, 0x000002960268e800, 0x000002960268f800, 0x0000029602690800,
0x000002960268c000, 0x000002960268d000, 0x000002960268a800, 0x0000029602691000,
0x000002960268b800, 0x0000029602692000, 0x0000029601a3f800
}

Java Threads: ( => current thread )
  0x00000296649f7000 JavaThread "main" [_thread_blocked, id=8904, stack(0x0000009ccac00000,0x0000009ccad00000)]
  0x000002967ee9f000 JavaThread "Reference Handler" daemon [_thread_blocked, id=1632, stack(0x0000009ccb300000,0x0000009ccb400000)]
  0x000002967eea0000 JavaThread "Finalizer" daemon [_thread_blocked, id=14940, stack(0x0000009ccb400000,0x0000009ccb500000)]
  0x000002967eeb7000 JavaThread "Signal Dispatcher" daemon [_thread_blocked, id=15772, stack(0x0000009ccb500000,0x0000009ccb600000)]
  0x000002967eeb8800 JavaThread "Attach Listener" daemon [_thread_blocked, id=1508, stack(0x0000009ccb600000,0x0000009ccb700000)]
  0x000002967eeb9800 JavaThread "Service Thread" daemon [_thread_blocked, id=14096, stack(0x0000009ccb700000,0x0000009ccb800000)]
  0x000002967eebc800 JavaThread "C2 CompilerThread0" daemon [_thread_in_native, id=3896, stack(0x0000009ccb800000,0x0000009ccb900000)]
  0x000002967eec1800 JavaThread "C1 CompilerThread0" daemon [_thread_blocked, id=5552, stack(0x0000009ccb900000,0x0000009ccba00000)]
  0x000002967eec6000 JavaThread "Sweeper thread" daemon [_thread_blocked, id=10904, stack(0x0000009ccba00000,0x0000009ccbb00000)]
  0x000002967f979000 JavaThread "Common-Cleaner" daemon [_thread_blocked, id=15616, stack(0x0000009ccbb00000,0x0000009ccbc00000)]
  0x0000029600f74800 JavaThread "Daemon health stats" [_thread_blocked, id=15296, stack(0x0000009ccc000000,0x0000009ccc100000)]
  0x0000029601861000 JavaThread "Incoming local TCP Connector on port 60274" [_thread_in_native, id=16372, stack(0x0000009ccbd00000,0x0000009ccbe00000)]
  0x0000029601391000 JavaThread "Daemon periodic checks" [_thread_blocked, id=16364, stack(0x0000009ccc100000,0x0000009ccc200000)]
  0x000002960245f000 JavaThread "Daemon" [_thread_blocked, id=10648, stack(0x0000009ccc200000,0x0000009ccc300000)]
  0x0000029601dbd800 JavaThread "Handler for socket connection from /127.0.0.1:60274 to /127.0.0.1:60275" [_thread_in_native, id=6952, stack(0x0000009ccc300000,0x0000009ccc400000)]
  0x00000296023be800 JavaThread "Cancel handler" [_thread_blocked, id=9628, stack(0x0000009ccc400000,0x0000009ccc500000)]
  0x000002960175c000 JavaThread "Daemon worker" [_thread_in_vm, id=16212, stack(0x0000009ccc500000,0x0000009ccc600000)]
  0x0000029601165800 JavaThread "Asynchronous log dispatcher for DefaultDaemonConnection: socket connection from /127.0.0.1:60274 to /127.0.0.1:60275" [_thread_blocked, id=1760, stack(0x0000009ccc600000,0x0000009ccc700000)]
  0x0000029601723800 JavaThread "Stdin handler" [_thread_blocked, id=12300, stack(0x0000009ccc700000,0x0000009ccc800000)]
  0x0000029602084000 JavaThread "Daemon client event forwarder" [_thread_blocked, id=15936, stack(0x0000009ccc900000,0x0000009ccca00000)]
  0x0000029602246800 JavaThread "Cache worker for journal cache (C:\Users\parma\.gradle\caches\journal-1)" [_thread_blocked, id=7080, stack(0x0000009cccf00000,0x0000009ccd000000)]
  0x0000029602244800 JavaThread "File lock request listener" [_thread_in_native, id=10084, stack(0x0000009ccd000000,0x0000009ccd100000)]
  0x0000029602243000 JavaThread "Cache worker for file hash cache (C:\Users\parma\.gradle\caches\7.4\fileHashes)" [_thread_blocked, id=4200, stack(0x0000009ccd200000,0x0000009ccd300000)]
  0x0000029602240800 JavaThread "File watcher server" daemon [_thread_in_native, id=8412, stack(0x0000009ccd300000,0x0000009ccd400000)]
  0x0000029602247000 JavaThread "File watcher consumer" daemon [_thread_blocked, id=7732, stack(0x0000009ccd400000,0x0000009ccd500000)]
  0x0000029602241800 JavaThread "jar transforms" [_thread_blocked, id=2268, stack(0x0000009ccd500000,0x0000009ccd600000)]
  0x0000029602242000 JavaThread "jar transforms Thread 2" [_thread_blocked, id=12944, stack(0x0000009ccd600000,0x0000009ccd700000)]
  0x0000029602244000 JavaThread "jar transforms Thread 3" [_thread_blocked, id=9412, stack(0x0000009ccd700000,0x0000009ccd800000)]
  0x0000029602245800 JavaThread "jar transforms Thread 4" [_thread_blocked, id=16156, stack(0x0000009ccd800000,0x0000009ccd900000)]
  0x000002960268e800 JavaThread "jar transforms Thread 5" [_thread_blocked, id=1088, stack(0x0000009ccd900000,0x0000009ccda00000)]
  0x000002960268f800 JavaThread "jar transforms Thread 6" [_thread_blocked, id=10960, stack(0x0000009ccda00000,0x0000009ccdb00000)]
  0x0000029602690800 JavaThread "jar transforms Thread 7" [_thread_blocked, id=12832, stack(0x0000009ccdb00000,0x0000009ccdc00000)]
  0x000002960268c000 JavaThread "jar transforms Thread 8" [_thread_blocked, id=13628, stack(0x0000009ccdc00000,0x0000009ccdd00000)]
  0x000002960268d000 JavaThread "Cache worker for checksums cache (D:\Downloads\TabFragments-master\ClockApp\.gradle\7.4\checksums)" [_thread_blocked, id=9260, stack(0x0000009ccdd00000,0x0000009ccde00000)]
  0x000002960268a800 JavaThread "Cache worker for cache directory md-rule (C:\Users\parma\.gradle\caches\7.4\md-rule)" [_thread_blocked, id=9876, stack(0x0000009ccde00000,0x0000009ccdf00000)]
  0x0000029602691000 JavaThread "Cache worker for file hash cache (D:\Downloads\TabFragments-master\ClockApp\.gradle\7.4\fileHashes)" [_thread_blocked, id=6988, stack(0x0000009ccdf00000,0x0000009cce000000)]
  0x000002960268b800 JavaThread "Cache worker for cache directory md-supplier (C:\Users\parma\.gradle\caches\7.4\md-supplier)" [_thread_blocked, id=9784, stack(0x0000009cce000000,0x0000009cce100000)]
  0x0000029602692000 JavaThread "Cache worker for execution history cache (C:\Users\parma\.gradle\caches\7.4\executionHistory)" [_thread_blocked, id=2168, stack(0x0000009cce100000,0x0000009cce200000)]
=>0x0000029601a3f800 JavaThread "C2 CompilerThread1" daemon [_thread_in_native, id=16100, stack(0x0000009ccc800000,0x0000009ccc900000)]

Other Threads:
  0x000002967ee9c000 VMThread "VM Thread" [stack: 0x0000009ccb200000,0x0000009ccb300000] [id=11912]
  0x000002967f9a8800 WatcherThread [stack: 0x0000009ccbc00000,0x0000009ccbd00000] [id=8628]
  0x0000029664a12800 GCTaskThread "GC Thread#0" [stack: 0x0000009ccad00000,0x0000009ccae00000] [id=8492]
  0x0000029600791000 GCTaskThread "GC Thread#1" [stack: 0x0000009ccbe00000,0x0000009ccbf00000] [id=1552]
  0x0000029600792000 GCTaskThread "GC Thread#2" [stack: 0x0000009ccbf00000,0x0000009ccc000000] [id=11480]
  0x0000029602904800 GCTaskThread "GC Thread#3" [stack: 0x0000009ccca00000,0x0000009cccb00000] [id=7788]
  0x000002960245a000 GCTaskThread "GC Thread#4" [stack: 0x0000009cccb00000,0x0000009cccc00000] [id=16208]
  0x0000029602907000 GCTaskThread "GC Thread#5" [stack: 0x0000009cccc00000,0x0000009cccd00000] [id=16180]
  0x0000029601783000 GCTaskThread "GC Thread#6" [stack: 0x0000009cccd00000,0x0000009ccce00000] [id=8788]
  0x00000296016d4800 GCTaskThread "GC Thread#7" [stack: 0x0000009ccce00000,0x0000009cccf00000] [id=4904]
  0x0000029664a43800 ConcurrentGCThread "G1 Main Marker" [stack: 0x0000009ccae00000,0x0000009ccaf00000] [id=14784]
  0x0000029664a45800 ConcurrentGCThread "G1 Conc#0" [stack: 0x0000009ccaf00000,0x0000009ccb000000] [id=1724]
  0x0000029602008000 ConcurrentGCThread "G1 Conc#1" [stack: 0x0000009ccd100000,0x0000009ccd200000] [id=7016]
  0x0000029664ac7000 ConcurrentGCThread "G1 Refine#0" [stack: 0x0000009ccb000000,0x0000009ccb100000] [id=14992]
  0x000002967ecf1800 ConcurrentGCThread "G1 Young RemSet Sampling" [stack: 0x0000009ccb100000,0x0000009ccb200000] [id=10936]

Threads with active compile tasks:
C2 CompilerThread0   4779 2743       4       jdk.internal.loader.URLClassPath::getResource (74 bytes)
C2 CompilerThread1   4779 2741  s!   4       jdk.internal.loader.URLClassPath::getLoader (194 bytes)

VM state:not at safepoint (normal execution)

VM Mutex/Monitor currently owned by a thread: None

Heap address: 0x0000000080000000, size: 2048 MB, Compressed Oops mode: 32-bit
Narrow klass base: 0x0000000000000000, Narrow klass shift: 3
Compressed class space size: 1073741824 Address: 0x0000000100000000

Heap:
 garbage-first heap   total 131072K, used 64018K [0x0000000080000000, 0x0000000100000000)
  region size 1024K, 35 young (35840K), 7 survivors (7168K)
 Metaspace       used 34551K, capacity 35542K, committed 35712K, reserved 1079296K
  class space    used 4599K, capacity 4972K, committed 4992K, reserved 1048576K
Heap Regions: E=young(eden), S=young(survivor), O=old, HS=humongous(starts), HC=humongous(continues), CS=collection set, F=free, A=archive, TAMS=top-at-mark-start (previous, next)
|   0|0x0000000080000000, 0x0000000080100000, 0x0000000080100000|100%| O|  |TAMS 0x0000000080100000, 0x0000000080000000| Untracked 
|   1|0x0000000080100000, 0x0000000080200000, 0x0000000080200000|100%| O|  |TAMS 0x0000000080200000, 0x0000000080100000| Untracked 
|   2|0x0000000080200000, 0x0000000080300000, 0x0000000080300000|100%| O|  |TAMS 0x0000000080300000, 0x0000000080200000| Untracked 
|   3|0x0000000080300000, 0x0000000080400000, 0x0000000080400000|100%|HS|  |TAMS 0x0000000080400000, 0x0000000080300000| Complete 
|   4|0x0000000080400000, 0x0000000080500000, 0x0000000080500000|100%|HC|  |TAMS 0x0000000080500000, 0x0000000080400000| Complete 
|   5|0x0000000080500000, 0x0000000080600000, 0x0000000080600000|100%|HC|  |TAMS 0x0000000080600000, 0x0000000080500000| Complete 
|   6|0x0000000080600000, 0x0000000080700000, 0x0000000080700000|100%| O|  |TAMS 0x0000000080700000, 0x0000000080600000| Untracked 
|   7|0x0000000080700000, 0x0000000080800000, 0x0000000080800000|100%| O|  |TAMS 0x0000000080800000, 0x0000000080700000| Untracked 
|   8|0x0000000080800000, 0x0000000080900000, 0x0000000080900000|100%| O|  |TAMS 0x0000000080900000, 0x0000000080800000| Untracked 
|   9|0x0000000080900000, 0x0000000080a00000, 0x0000000080a00000|100%| O|  |TAMS 0x0000000080a00000, 0x0000000080900000| Untracked 
|  10|0x0000000080a00000, 0x0000000080b00000, 0x0000000080b00000|100%| O|  |TAMS 0x0000000080b00000, 0x0000000080a00000| Untracked 
|  11|0x0000000080b00000, 0x0000000080c00000, 0x0000000080c00000|100%| O|  |TAMS 0x0000000080c00000, 0x0000000080b00000| Untracked 
|  12|0x0000000080c00000, 0x0000000080d00000, 0x0000000080d00000|100%| O|  |TAMS 0x0000000080d00000, 0x0000000080c00000| Untracked 
|  13|0x0000000080d00000, 0x0000000080e00000, 0x0000000080e00000|100%| O|  |TAMS 0x0000000080e00000, 0x0000000080d00000| Untracked 
|  14|0x0000000080e00000, 0x0000000080f00000, 0x0000000080f00000|100%| O|  |TAMS 0x0000000080f00000, 0x0000000080e00000| Untracked 
|  15|0x0000000080f00000, 0x0000000080fc7c00, 0x0000000081000000| 78%| O|  |TAMS 0x0000000080fc7c00, 0x0000000080f00000| Untracked 
|  16|0x0000000081000000, 0x0000000081100000, 0x0000000081100000|100%|HS|  |TAMS 0x0000000081000000, 0x0000000081000000| Complete 
|  17|0x0000000081100000, 0x0000000081200000, 0x0000000081200000|100%|HC|  |TAMS 0x0000000081100000, 0x0000000081100000| Complete 
|  18|0x0000000081200000, 0x0000000081300000, 0x0000000081300000|100%|HS|  |TAMS 0x0000000081200000, 0x0000000081200000| Complete 
|  19|0x0000000081300000, 0x0000000081400000, 0x0000000081400000|100%|HC|  |TAMS 0x0000000081300000, 0x0000000081300000| Complete 
|  20|0x0000000081400000, 0x0000000081500000, 0x0000000081500000|100%|HC|  |TAMS 0x0000000081400000, 0x0000000081400000| Complete 
|  21|0x0000000081500000, 0x0000000081600000, 0x0000000081600000|100%|HS|  |TAMS 0x0000000081500000, 0x0000000081500000| Complete 
|  22|0x0000000081600000, 0x0000000081700000, 0x0000000081700000|100%|HC|  |TAMS 0x0000000081600000, 0x0000000081600000| Complete 
|  23|0x0000000081700000, 0x0000000081800000, 0x0000000081800000|100%|HC|  |TAMS 0x0000000081700000, 0x0000000081700000| Complete 
|  24|0x0000000081800000, 0x0000000081900000, 0x0000000081900000|100%|HS|  |TAMS 0x0000000081800000, 0x0000000081800000| Complete 
|  25|0x0000000081900000, 0x0000000081a00000, 0x0000000081a00000|100%|HC|  |TAMS 0x0000000081900000, 0x0000000081900000| Complete 
|  26|0x0000000081a00000, 0x0000000081b00000, 0x0000000081b00000|100%|HC|  |TAMS 0x0000000081a00000, 0x0000000081a00000| Complete 
|  27|0x0000000081b00000, 0x0000000081c00000, 0x0000000081c00000|100%|HC|  |TAMS 0x0000000081b00000, 0x0000000081b00000| Complete 
|  28|0x0000000081c00000, 0x0000000081d00000, 0x0000000081d00000|100%|HC|  |TAMS 0x0000000081c00000, 0x0000000081c00000| Complete 
|  29|0x0000000081d00000, 0x0000000081d00000, 0x0000000081e00000|  0%| F|  |TAMS 0x0000000081d00000, 0x0000000081d00000| Untracked 
|  30|0x0000000081e00000, 0x0000000081e00000, 0x0000000081f00000|  0%| F|  |TAMS 0x0000000081e00000, 0x0000000081e00000| Untracked 
|  31|0x0000000081f00000, 0x0000000081f00000, 0x0000000082000000|  0%| F|  |TAMS 0x0000000081f00000, 0x0000000081f00000| Untracked 
|  32|0x0000000082000000, 0x0000000082000000, 0x0000000082100000|  0%| F|  |TAMS 0x0000000082000000, 0x0000000082000000| Untracked 
|  33|0x0000000082100000, 0x0000000082100000, 0x0000000082200000|  0%| F|  |TAMS 0x0000000082100000, 0x0000000082100000| Untracked 
|  34|0x0000000082200000, 0x0000000082200000, 0x0000000082300000|  0%| F|  |TAMS 0x0000000082200000, 0x0000000082200000| Untracked 
|  35|0x0000000082300000, 0x0000000082300000, 0x0000000082400000|  0%| F|  |TAMS 0x0000000082300000, 0x0000000082300000| Untracked 
|  36|0x0000000082400000, 0x0000000082400000, 0x0000000082500000|  0%| F|  |TAMS 0x0000000082400000, 0x0000000082400000| Untracked 
|  37|0x0000000082500000, 0x0000000082500000, 0x0000000082600000|  0%| F|  |TAMS 0x0000000082500000, 0x0000000082500000| Untracked 
|  38|0x0000000082600000, 0x0000000082600000, 0x0000000082700000|  0%| F|  |TAMS 0x0000000082600000, 0x0000000082600000| Untracked 
|  39|0x0000000082700000, 0x0000000082700000, 0x0000000082800000|  0%| F|  |TAMS 0x0000000082700000, 0x0000000082700000| Untracked 
|  40|0x0000000082800000, 0x0000000082800000, 0x0000000082900000|  0%| F|  |TAMS 0x0000000082800000, 0x0000000082800000| Untracked 
|  41|0x0000000082900000, 0x0000000082900000, 0x0000000082a00000|  0%| F|  |TAMS 0x0000000082900000, 0x0000000082900000| Untracked 
|  42|0x0000000082a00000, 0x0000000082a00000, 0x0000000082b00000|  0%| F|  |TAMS 0x0000000082a00000, 0x0000000082a00000| Untracked 
|  43|0x0000000082b00000, 0x0000000082b00000, 0x0000000082c00000|  0%| F|  |TAMS 0x0000000082b00000, 0x0000000082b00000| Untracked 
|  44|0x0000000082c00000, 0x0000000082c00000, 0x0000000082d00000|  0%| F|  |TAMS 0x0000000082c00000, 0x0000000082c00000| Untracked 
|  45|0x0000000082d00000, 0x0000000082d00000, 0x0000000082e00000|  0%| F|  |TAMS 0x0000000082d00000, 0x0000000082d00000| Untracked 
|  46|0x0000000082e00000, 0x0000000082e00000, 0x0000000082f00000|  0%| F|  |TAMS 0x0000000082e00000, 0x0000000082e00000| Untracked 
|  47|0x0000000082f00000, 0x0000000082f00000, 0x0000000083000000|  0%| F|  |TAMS 0x0000000082f00000, 0x0000000082f00000| Untracked 
|  48|0x0000000083000000, 0x0000000083000000, 0x0000000083100000|  0%| F|  |TAMS 0x0000000083000000, 0x0000000083000000| Untracked 
|  49|0x0000000083100000, 0x0000000083100000, 0x0000000083200000|  0%| F|  |TAMS 0x0000000083100000, 0x0000000083100000| Untracked 
|  50|0x0000000083200000, 0x0000000083200000, 0x0000000083300000|  0%| F|  |TAMS 0x0000000083200000, 0x0000000083200000| Untracked 
|  51|0x0000000083300000, 0x0000000083300000, 0x0000000083400000|  0%| F|  |TAMS 0x0000000083300000, 0x0000000083300000| Untracked 
|  52|0x0000000083400000, 0x0000000083400000, 0x0000000083500000|  0%| F|  |TAMS 0x0000000083400000, 0x0000000083400000| Untracked 
|  53|0x0000000083500000, 0x0000000083500000, 0x0000000083600000|  0%| F|  |TAMS 0x0000000083500000, 0x0000000083500000| Untracked 
|  54|0x0000000083600000, 0x0000000083600000, 0x0000000083700000|  0%| F|  |TAMS 0x0000000083600000, 0x0000000083600000| Untracked 
|  55|0x0000000083700000, 0x0000000083700000, 0x0000000083800000|  0%| F|  |TAMS 0x0000000083700000, 0x0000000083700000| Untracked 
|  56|0x0000000083800000, 0x0000000083800000, 0x0000000083900000|  0%| F|  |TAMS 0x0000000083800000, 0x0000000083800000| Untracked 
|  57|0x0000000083900000, 0x0000000083900000, 0x0000000083a00000|  0%| F|  |TAMS 0x0000000083900000, 0x0000000083900000| Untracked 
|  58|0x0000000083a00000, 0x0000000083a00000, 0x0000000083b00000|  0%| F|  |TAMS 0x0000000083a00000, 0x0000000083a00000| Untracked 
|  59|0x0000000083b00000, 0x0000000083b00000, 0x0000000083c00000|  0%| F|  |TAMS 0x0000000083b00000, 0x0000000083b00000| Untracked 
|  60|0x0000000083c00000, 0x0000000083c00000, 0x0000000083d00000|  0%| F|  |TAMS 0x0000000083c00000, 0x0000000083c00000| Untracked 
|  61|0x0000000083d00000, 0x0000000083d00000, 0x0000000083e00000|  0%| F|  |TAMS 0x0000000083d00000, 0x0000000083d00000| Untracked 
|  62|0x0000000083e00000, 0x0000000083e00000, 0x0000000083f00000|  0%| F|  |TAMS 0x0000000083e00000, 0x0000000083e00000| Untracked 
|  63|0x0000000083f00000, 0x0000000083fbcf50, 0x0000000084000000| 73%| S|CS|TAMS 0x0000000083f00000, 0x0000000083f00000| Complete 
|  64|0x0000000084000000, 0x0000000084100000, 0x0000000084100000|100%| S|CS|TAMS 0x0000000084000000, 0x0000000084000000| Complete 
|  65|0x0000000084100000, 0x0000000084200000, 0x0000000084200000|100%| S|CS|TAMS 0x0000000084100000, 0x0000000084100000| Complete 
|  66|0x0000000084200000, 0x0000000084300000, 0x0000000084300000|100%| S|CS|TAMS 0x0000000084200000, 0x0000000084200000| Complete 
|  67|0x0000000084300000, 0x0000000084400000, 0x0000000084400000|100%| S|CS|TAMS 0x0000000084300000, 0x0000000084300000| Complete 
|  68|0x0000000084400000, 0x0000000084500000, 0x0000000084500000|100%| S|CS|TAMS 0x0000000084400000, 0x0000000084400000| Complete 
|  69|0x0000000084500000, 0x0000000084600000, 0x0000000084600000|100%| S|CS|TAMS 0x0000000084500000, 0x0000000084500000| Complete 
|  70|0x0000000084600000, 0x0000000084600000, 0x0000000084700000|  0%| F|  |TAMS 0x0000000084600000, 0x0000000084600000| Untracked 
|  71|0x0000000084700000, 0x0000000084700000, 0x0000000084800000|  0%| F|  |TAMS 0x0000000084700000, 0x0000000084700000| Untracked 
|  72|0x0000000084800000, 0x0000000084800000, 0x0000000084900000|  0%| F|  |TAMS 0x0000000084800000, 0x0000000084800000| Untracked 
|  73|0x0000000084900000, 0x0000000084900000, 0x0000000084a00000|  0%| F|  |TAMS 0x0000000084900000, 0x0000000084900000| Untracked 
|  74|0x0000000084a00000, 0x0000000084a00000, 0x0000000084b00000|  0%| F|  |TAMS 0x0000000084a00000, 0x0000000084a00000| Untracked 
|  75|0x0000000084b00000, 0x0000000084b00000, 0x0000000084c00000|  0%| F|  |TAMS 0x0000000084b00000, 0x0000000084b00000| Untracked 
|  76|0x0000000084c00000, 0x0000000084c00000, 0x0000000084d00000|  0%| F|  |TAMS 0x0000000084c00000, 0x0000000084c00000| Untracked 
|  77|0x0000000084d00000, 0x0000000084d00000, 0x0000000084e00000|  0%| F|  |TAMS 0x0000000084d00000, 0x0000000084d00000| Untracked 
|  78|0x0000000084e00000, 0x0000000084e00000, 0x0000000084f00000|  0%| F|  |TAMS 0x0000000084e00000, 0x0000000084e00000| Untracked 
|  79|0x0000000084f00000, 0x0000000084f00000, 0x0000000085000000|  0%| F|  |TAMS 0x0000000084f00000, 0x0000000084f00000| Untracked 
|  80|0x0000000085000000, 0x0000000085000000, 0x0000000085100000|  0%| F|  |TAMS 0x0000000085000000, 0x0000000085000000| Untracked 
|  81|0x0000000085100000, 0x0000000085100000, 0x0000000085200000|  0%| F|  |TAMS 0x0000000085100000, 0x0000000085100000| Untracked 
|  82|0x0000000085200000, 0x0000000085200000, 0x0000000085300000|  0%| F|  |TAMS 0x0000000085200000, 0x0000000085200000| Untracked 
|  83|0x0000000085300000, 0x0000000085300000, 0x0000000085400000|  0%| F|  |TAMS 0x0000000085300000, 0x0000000085300000| Untracked 
|  84|0x0000000085400000, 0x0000000085400000, 0x0000000085500000|  0%| F|  |TAMS 0x0000000085400000, 0x0000000085400000| Untracked 
|  85|0x0000000085500000, 0x0000000085500000, 0x0000000085600000|  0%| F|  |TAMS 0x0000000085500000, 0x0000000085500000| Untracked 
|  86|0x0000000085600000, 0x0000000085600000, 0x0000000085700000|  0%| F|  |TAMS 0x0000000085600000, 0x0000000085600000| Untracked 
|  87|0x0000000085700000, 0x0000000085700000, 0x0000000085800000|  0%| F|  |TAMS 0x0000000085700000, 0x0000000085700000| Untracked 
|  88|0x0000000085800000, 0x0000000085800000, 0x0000000085900000|  0%| F|  |TAMS 0x0000000085800000, 0x0000000085800000| Untracked 
|  89|0x0000000085900000, 0x0000000085900000, 0x0000000085a00000|  0%| F|  |TAMS 0x0000000085900000, 0x0000000085900000| Untracked 
|  90|0x0000000085a00000, 0x0000000085a00000, 0x0000000085b00000|  0%| F|  |TAMS 0x0000000085a00000, 0x0000000085a00000| Untracked 
|  91|0x0000000085b00000, 0x0000000085b00000, 0x0000000085c00000|  0%| F|  |TAMS 0x0000000085b00000, 0x0000000085b00000| Untracked 
|  92|0x0000000085c00000, 0x0000000085c00000, 0x0000000085d00000|  0%| F|  |TAMS 0x0000000085c00000, 0x0000000085c00000| Untracked 
|  93|0x0000000085d00000, 0x0000000085d00000, 0x0000000085e00000|  0%| F|  |TAMS 0x0000000085d00000, 0x0000000085d00000| Untracked 
|  94|0x0000000085e00000, 0x0000000085e00000, 0x0000000085f00000|  0%| F|  |TAMS 0x0000000085e00000, 0x0000000085e00000| Untracked 
|  95|0x0000000085f00000, 0x0000000085f00000, 0x0000000086000000|  0%| F|  |TAMS 0x0000000085f00000, 0x0000000085f00000| Untracked 
|  96|0x0000000086000000, 0x0000000086000000, 0x0000000086100000|  0%| F|  |TAMS 0x0000000086000000, 0x0000000086000000| Untracked 
|  97|0x0000000086100000, 0x0000000086100000, 0x0000000086200000|  0%| F|  |TAMS 0x0000000086100000, 0x0000000086100000| Untracked 
|  98|0x0000000086200000, 0x0000000086200000, 0x0000000086300000|  0%| F|  |TAMS 0x0000000086200000, 0x0000000086200000| Untracked 
|  99|0x0000000086300000, 0x0000000086300000, 0x0000000086400000|  0%| F|  |TAMS 0x0000000086300000, 0x0000000086300000| Untracked 
| 100|0x0000000086400000, 0x0000000086480800, 0x0000000086500000| 50%| E|  |TAMS 0x0000000086400000, 0x0000000086400000| Complete 
| 101|0x0000000086500000, 0x0000000086600000, 0x0000000086600000|100%| E|CS|TAMS 0x0000000086500000, 0x0000000086500000| Complete 
| 102|0x0000000086600000, 0x0000000086700000, 0x0000000086700000|100%| E|CS|TAMS 0x0000000086600000, 0x0000000086600000| Complete 
| 103|0x0000000086700000, 0x0000000086800000, 0x0000000086800000|100%| E|CS|TAMS 0x0000000086700000, 0x0000000086700000| Complete 
| 104|0x0000000086800000, 0x0000000086900000, 0x0000000086900000|100%| E|CS|TAMS 0x0000000086800000, 0x0000000086800000| Complete 
| 105|0x0000000086900000, 0x0000000086a00000, 0x0000000086a00000|100%| E|CS|TAMS 0x0000000086900000, 0x0000000086900000| Complete 
| 106|0x0000000086a00000, 0x0000000086b00000, 0x0000000086b00000|100%| E|CS|TAMS 0x0000000086a00000, 0x0000000086a00000| Complete 
| 107|0x0000000086b00000, 0x0000000086c00000, 0x0000000086c00000|100%| E|CS|TAMS 0x0000000086b00000, 0x0000000086b00000| Complete 
| 108|0x0000000086c00000, 0x0000000086d00000, 0x0000000086d00000|100%| E|CS|TAMS 0x0000000086c00000, 0x0000000086c00000| Complete 
| 109|0x0000000086d00000, 0x0000000086e00000, 0x0000000086e00000|100%| E|CS|TAMS 0x0000000086d00000, 0x0000000086d00000| Complete 
| 110|0x0000000086e00000, 0x0000000086f00000, 0x0000000086f00000|100%| E|CS|TAMS 0x0000000086e00000, 0x0000000086e00000| Complete 
| 111|0x0000000086f00000, 0x0000000087000000, 0x0000000087000000|100%| E|CS|TAMS 0x0000000086f00000, 0x0000000086f00000| Complete 
| 112|0x0000000087000000, 0x0000000087100000, 0x0000000087100000|100%| E|CS|TAMS 0x0000000087000000, 0x0000000087000000| Complete 
| 113|0x0000000087100000, 0x0000000087200000, 0x0000000087200000|100%| E|CS|TAMS 0x0000000087100000, 0x0000000087100000| Complete 
| 114|0x0000000087200000, 0x0000000087300000, 0x0000000087300000|100%| E|CS|TAMS 0x0000000087200000, 0x0000000087200000| Complete 
| 115|0x0000000087300000, 0x0000000087400000, 0x0000000087400000|100%| E|CS|TAMS 0x0000000087300000, 0x0000000087300000| Complete 
| 116|0x0000000087400000, 0x0000000087500000, 0x0000000087500000|100%| E|CS|TAMS 0x0000000087400000, 0x0000000087400000| Complete 
| 117|0x0000000087500000, 0x0000000087600000, 0x0000000087600000|100%| E|CS|TAMS 0x0000000087500000, 0x0000000087500000| Complete 
| 118|0x0000000087600000, 0x0000000087700000, 0x0000000087700000|100%| E|CS|TAMS 0x0000000087600000, 0x0000000087600000| Complete 
| 119|0x0000000087700000, 0x0000000087800000, 0x0000000087800000|100%| E|CS|TAMS 0x0000000087700000, 0x0000000087700000| Complete 
| 120|0x0000000087800000, 0x0000000087900000, 0x0000000087900000|100%| E|CS|TAMS 0x0000000087800000, 0x0000000087800000| Complete 
| 121|0x0000000087900000, 0x0000000087a00000, 0x0000000087a00000|100%| E|CS|TAMS 0x0000000087900000, 0x0000000087900000| Complete 
| 122|0x0000000087a00000, 0x0000000087b00000, 0x0000000087b00000|100%| E|CS|TAMS 0x0000000087a00000, 0x0000000087a00000| Complete 
| 123|0x0000000087b00000, 0x0000000087c00000, 0x0000000087c00000|100%| E|CS|TAMS 0x0000000087b00000, 0x0000000087b00000| Complete 
| 124|0x0000000087c00000, 0x0000000087d00000, 0x0000000087d00000|100%| E|CS|TAMS 0x0000000087c00000, 0x0000000087c00000| Complete 
| 125|0x0000000087d00000, 0x0000000087e00000, 0x0000000087e00000|100%| E|CS|TAMS 0x0000000087d00000, 0x0000000087d00000| Complete 
| 126|0x0000000087e00000, 0x0000000087f00000, 0x0000000087f00000|100%| E|CS|TAMS 0x0000000087e00000, 0x0000000087e00000| Complete 
| 127|0x0000000087f00000, 0x0000000088000000, 0x0000000088000000|100%| E|CS|TAMS 0x0000000087f00000, 0x0000000087f00000| Complete 

Card table byte_map: [0x0000029677c40000,0x0000029678040000] _byte_map_base: 0x0000029677840000

Marking Bits (Prev, Next): (CMBitMap*) 0x0000029664a3aca0, (CMBitMap*) 0x0000029664a3ac68
 Prev Bits: [0x000002967a440000, 0x000002967c440000)
 Next Bits: [0x0000029678440000, 0x000002967a440000)

Polling page: 0x00000296629a0000

Metaspace:

Usage:
  Non-class:     29.92 MB capacity,    29.30 MB ( 98%) used,   546.66 KB (  2%) free+waste,    86.31 KB ( <1%) overhead. 
      Class:      4.86 MB capacity,     4.49 MB ( 93%) used,   327.50 KB (  7%) free+waste,    42.94 KB ( <1%) overhead. 
       Both:     34.77 MB capacity,    33.79 MB ( 97%) used,   874.16 KB (  2%) free+waste,   129.25 KB ( <1%) overhead. 

Virtual space:
  Non-class space:       30.00 MB reserved,      30.00 MB (100%) committed 
      Class space:        1.00 GB reserved,       4.88 MB ( <1%) committed 
             Both:        1.03 GB reserved,      34.88 MB (  3%) committed 

Chunk freelists:
   Non-Class:  22.00 KB
       Class:  20.00 KB
        Both:  42.00 KB

MaxMetaspaceSize: 17179869184.00 GB
CompressedClassSpaceSize: 1.00 GB
Initial GC threshold: 20.80 MB
Current GC threshold: 35.00 MB
CDS: off

CodeHeap 'non-profiled nmethods': size=120000Kb used=1543Kb max_used=1543Kb free=118456Kb
 bounds [0x000002966ffe0000, 0x0000029670250000, 0x0000029677510000]
CodeHeap 'profiled nmethods': size=120000Kb used=5942Kb max_used=5942Kb free=114058Kb
 bounds [0x0000029668ab0000, 0x0000029669080000, 0x000002966ffe0000]
CodeHeap 'non-nmethods': size=5760Kb used=1233Kb max_used=1280Kb free=4526Kb
 bounds [0x0000029668510000, 0x0000029668780000, 0x0000029668ab0000]
 total_blobs=3351 nmethods=2838 adapters=425
 compilation: enabled
              stopped_count=0, restarted_count=0
 full_count=0

Compilation events (20 events):
Event: 4.754 Thread 0x000002967eec1800 nmethod 2853 0x0000029669077210 code [0x00000296690773c0, 0x0000029669077518]
Event: 4.754 Thread 0x000002967eec1800 2842       1       org.codehaus.groovy.reflection.CachedClass::getTheClass (5 bytes)
Event: 4.754 Thread 0x000002967eec1800 nmethod 2842 0x0000029670161810 code [0x00000296701619c0, 0x0000029670161a78]
Event: 4.754 Thread 0x000002967eec1800 2854       1       java.lang.ClassValue::version (5 bytes)
Event: 4.754 Thread 0x000002967eec1800 nmethod 2854 0x0000029670161b10 code [0x0000029670161cc0, 0x0000029670161d78]
Event: 4.754 Thread 0x000002967eec1800 2857       3       java.lang.PublicMethods$MethodList::filter (104 bytes)
Event: 4.755 Thread 0x000002967eec1800 nmethod 2857 0x0000029669077610 code [0x0000029669077880, 0x00000296690783f8]
Event: 4.755 Thread 0x000002967eec1800 2855       3       org.codehaus.groovy.reflection.GeneratedMetaMethod::<init> (26 bytes)
Event: 4.756 Thread 0x000002967eec1800 nmethod 2855 0x0000029669078910 code [0x0000029669078ae0, 0x0000029669078e78]
Event: 4.756 Thread 0x000002967eec1800 2856       3       org.codehaus.groovy.util.FastArray::add (71 bytes)
Event: 4.756 Thread 0x000002967eec1800 nmethod 2856 0x0000029669078f90 code [0x0000029669079180, 0x0000029669079688]
Event: 4.756 Thread 0x000002967eec1800 2858       3       org.codehaus.groovy.util.LockableObject::lock (25 bytes)
Event: 4.757 Thread 0x000002967eec1800 nmethod 2858 0x0000029669079810 code [0x0000029669079a80, 0x000002966907a478]
Event: 4.757 Thread 0x000002967eec1800 2859       3       org.codehaus.groovy.util.LockableObject::unlock (7 bytes)
Event: 4.757 Thread 0x000002967eec1800 nmethod 2859 0x000002966907a810 code [0x000002966907a9e0, 0x000002966907acf8]
Event: 4.757 Thread 0x000002967eec1800 2860       3       java.util.concurrent.atomic.AtomicInteger::<init> (5 bytes)
Event: 4.757 Thread 0x000002967eec1800 nmethod 2860 0x000002966907ae10 code [0x000002966907afc0, 0x000002966907b178]
Event: 4.758 Thread 0x000002967eec1800 2861       3       java.lang.ClassValue$Entry::version (8 bytes)
Event: 4.759 Thread 0x000002967eec1800 nmethod 2861 0x000002966907b290 code [0x000002966907b440, 0x000002966907b6d8]
Event: 4.759 Thread 0x000002967eec1800 2862       3       java.util.WeakHashMap::get (77 bytes)

GC Heap History (12 events):
Event: 0.729 GC heap before
{Heap before GC invocations=0 (full 0):
 garbage-first heap   total 131072K, used 29696K [0x0000000080000000, 0x0000000100000000)
  region size 1024K, 24 young (24576K), 0 survivors (0K)
 Metaspace       used 10141K, capacity 10333K, committed 10624K, reserved 1058816K
  class space    used 1047K, capacity 1108K, committed 1152K, reserved 1048576K
}
Event: 0.734 GC heap after
{Heap after GC invocations=1 (full 0):
 garbage-first heap   total 131072K, used 9508K [0x0000000080000000, 0x0000000100000000)
  region size 1024K, 3 young (3072K), 3 survivors (3072K)
 Metaspace       used 10141K, capacity 10333K, committed 10624K, reserved 1058816K
  class space    used 1047K, capacity 1108K, committed 1152K, reserved 1048576K
}
Event: 1.003 GC heap before
{Heap before GC invocations=1 (full 0):
 garbage-first heap   total 131072K, used 34084K [0x0000000080000000, 0x0000000100000000)
  region size 1024K, 27 young (27648K), 3 survivors (3072K)
 Metaspace       used 11187K, capacity 11386K, committed 11520K, reserved 1058816K
  class space    used 1155K, capacity 1246K, committed 1280K, reserved 1048576K
}
Event: 1.007 GC heap after
{Heap after GC invocations=2 (full 0):
 garbage-first heap   total 131072K, used 9878K [0x0000000080000000, 0x0000000100000000)
  region size 1024K, 1 young (1024K), 1 survivors (1024K)
 Metaspace       used 11187K, capacity 11386K, committed 11520K, reserved 1058816K
  class space    used 1155K, capacity 1246K, committed 1280K, reserved 1048576K
}
Event: 2.478 GC heap before
{Heap before GC invocations=2 (full 0):
 garbage-first heap   total 131072K, used 65174K [0x0000000080000000, 0x0000000100000000)
  region size 1024K, 55 young (56320K), 1 survivors (1024K)
 Metaspace       used 18170K, capacity 18636K, committed 18688K, reserved 1064960K
  class space    used 2138K, capacity 2293K, committed 2304K, reserved 1048576K
}
Event: 2.483 GC heap after
{Heap after GC invocations=3 (full 0):
 garbage-first heap   total 131072K, used 16278K [0x0000000080000000, 0x0000000100000000)
  region size 1024K, 7 young (7168K), 7 survivors (7168K)
 Metaspace       used 18170K, capacity 18636K, committed 18688K, reserved 1064960K
  class space    used 2138K, capacity 2293K, committed 2304K, reserved 1048576K
}
Event: 2.780 GC heap before
{Heap before GC invocations=3 (full 0):
 garbage-first heap   total 131072K, used 38806K [0x0000000080000000, 0x0000000100000000)
  region size 1024K, 30 young (30720K), 7 survivors (7168K)
 Metaspace       used 20698K, capacity 21126K, committed 21248K, reserved 1067008K
  class space    used 2521K, capacity 2697K, committed 2816K, reserved 1048576K
}
Event: 2.792 GC heap after
{Heap after GC invocations=4 (full 0):
 garbage-first heap   total 131072K, used 17167K [0x0000000080000000, 0x0000000100000000)
  region size 1024K, 1 young (1024K), 1 survivors (1024K)
 Metaspace       used 20698K, capacity 21126K, committed 21248K, reserved 1067008K
  class space    used 2521K, capacity 2697K, committed 2816K, reserved 1048576K
}
Event: 3.521 GC heap before
{Heap before GC invocations=5 (full 0):
 garbage-first heap   total 131072K, used 68367K [0x0000000080000000, 0x0000000100000000)
  region size 1024K, 52 young (53248K), 1 survivors (1024K)
 Metaspace       used 26036K, capacity 26671K, committed 27008K, reserved 1073152K
  class space    used 3374K, capacity 3617K, committed 3712K, reserved 1048576K
}
Event: 3.526 GC heap after
{Heap after GC invocations=6 (full 0):
 garbage-first heap   total 131072K, used 18903K [0x0000000080000000, 0x0000000100000000)
  region size 1024K, 3 young (3072K), 3 survivors (3072K)
 Metaspace       used 26036K, capacity 26671K, committed 27008K, reserved 1073152K
  class space    used 3374K, capacity 3617K, committed 3712K, reserved 1048576K
}
Event: 4.267 GC heap before
{Heap before GC invocations=6 (full 0):
 garbage-first heap   total 131072K, used 87511K [0x0000000080000000, 0x0000000100000000)
  region size 1024K, 58 young (59392K), 3 survivors (3072K)
 Metaspace       used 30704K, capacity 31541K, committed 31616K, reserved 1077248K
  class space    used 4080K, capacity 4407K, committed 4480K, reserved 1048576K
}
Event: 4.273 GC heap after
{Heap after GC invocations=7 (full 0):
 garbage-first heap   total 131072K, used 36370K [0x0000000080000000, 0x0000000100000000)
  region size 1024K, 7 young (7168K), 7 survivors (7168K)
 Metaspace       used 30704K, capacity 31541K, committed 31616K, reserved 1077248K
  class space    used 4080K, capacity 4407K, committed 4480K, reserved 1048576K
}

Deoptimization events (20 events):
Event: 4.596 Thread 0x000002960175c000 Uncommon trap: trap_request=0xffffff4d fr.pc=0x0000029670139c80 relative=0x0000000000000720
Event: 4.596 Thread 0x000002960175c000 Uncommon trap: reason=unstable_if action=reinterpret pc=0x0000029670139c80 method=java.lang.Class.getPackageName()Ljava/lang/String; @ 55 c2
Event: 4.596 Thread 0x000002960175c000 DEOPT PACKING pc=0x0000029670139c80 sp=0x0000009ccc5f7e50
Event: 4.596 Thread 0x000002960175c000 DEOPT UNPACKING pc=0x000002966855a1af sp=0x0000009ccc5f7e10 mode 2
Event: 4.644 Thread 0x000002960175c000 Uncommon trap: trap_request=0xffffffc6 fr.pc=0x000002967010d474 relative=0x0000000000000a74
Event: 4.644 Thread 0x000002960175c000 Uncommon trap: reason=bimorphic_or_optimized_type_check action=maybe_recompile pc=0x000002967010d474 method=java.io.BufferedInputStream.read([BII)I @ 101 c2
Event: 4.644 Thread 0x000002960175c000 DEOPT PACKING pc=0x000002967010d474 sp=0x0000009ccc5f7530
Event: 4.644 Thread 0x000002960175c000 DEOPT UNPACKING pc=0x000002966855a1af sp=0x0000009ccc5f74e8 mode 2
Event: 4.644 Thread 0x000002960175c000 Uncommon trap: trap_request=0xffffffc6 fr.pc=0x000002967010d474 relative=0x0000000000000a74
Event: 4.644 Thread 0x000002960175c000 Uncommon trap: reason=bimorphic_or_optimized_type_check action=maybe_recompile pc=0x000002967010d474 method=java.io.BufferedInputStream.read([BII)I @ 101 c2
Event: 4.644 Thread 0x000002960175c000 DEOPT PACKING pc=0x000002967010d474 sp=0x0000009ccc5f7530
Event: 4.644 Thread 0x000002960175c000 DEOPT UNPACKING pc=0x000002966855a1af sp=0x0000009ccc5f74e8 mode 2
Event: 4.645 Thread 0x000002960175c000 Uncommon trap: trap_request=0xffffffc6 fr.pc=0x000002967010d474 relative=0x0000000000000a74
Event: 4.645 Thread 0x000002960175c000 Uncommon trap: reason=bimorphic_or_optimized_type_check action=maybe_recompile pc=0x000002967010d474 method=java.io.BufferedInputStream.read([BII)I @ 101 c2
Event: 4.645 Thread 0x000002960175c000 DEOPT PACKING pc=0x000002967010d474 sp=0x0000009ccc5f7530
Event: 4.645 Thread 0x000002960175c000 DEOPT UNPACKING pc=0x000002966855a1af sp=0x0000009ccc5f74e8 mode 2
Event: 4.646 Thread 0x000002960175c000 Uncommon trap: trap_request=0xffffffc6 fr.pc=0x000002967010d474 relative=0x0000000000000a74
Event: 4.646 Thread 0x000002960175c000 Uncommon trap: reason=bimorphic_or_optimized_type_check action=maybe_recompile pc=0x000002967010d474 method=java.io.BufferedInputStream.read([BII)I @ 101 c2
Event: 4.646 Thread 0x000002960175c000 DEOPT PACKING pc=0x000002967010d474 sp=0x0000009ccc5f7530
Event: 4.646 Thread 0x000002960175c000 DEOPT UNPACKING pc=0x000002966855a1af sp=0x0000009ccc5f74e8 mode 2

Classes redefined (0 events):
No events

Internal exceptions (20 events):
Event: 3.849 Thread 0x000002960175c000 Exception <a 'java/lang/NoSuchMethodError'{0x00000000871b3818}: <clinit>> (0x00000000871b3818) thrown at [./src/hotspot/share/prims/jni.cpp, line 1366]
Event: 3.883 Thread 0x000002960175c000 Exception <a 'java/lang/NoSuchMethodError'{0x0000000086e131d8}: 'java.lang.Object java.lang.invoke.Invokers$Holder.linkToTargetMethod(java.lang.Object, int, java.lang.Object)'> (0x0000000086e131d8) thrown at [./src/hotspot/share/interpreter/linkResolver.cpp, line 773]
Event: 4.044 Thread 0x000002960175c000 Exception <a 'java/lang/NoSuchMethodError'{0x0000000085c6fe60}: 'java.lang.Object java.lang.invoke.DirectMethodHandle$Holder.invokeSpecialIFC(java.lang.Object, java.lang.Object, java.lang.Object, java.lang.Object)'> (0x0000000085c6fe60) thrown at [./src/hotspot/share/interpreter/linkResolver.cpp, line 773]
Event: 4.141 Thread 0x000002960175c000 Implicit null exception at 0x00000296700ba975 to 0x00000296700bab3c
Event: 4.141 Thread 0x000002960175c000 Implicit null exception at 0x000002966fff862f to 0x000002966fff869d
Event: 4.179 Thread 0x000002960175c000 Exception <a 'java/lang/NoSuchMethodError'{0x0000000085148e68}: 'java.lang.Object java.lang.invoke.DirectMethodHandle$Holder.invokeSpecial(java.lang.Object, java.lang.Object, java.lang.Object, java.lang.Object, java.lang.Object, java.lang.Object, java.lang.Object, java.lang.Object, java.lang.Object, java.lang.Object, java.lang.Object, java.lang.Object, java.lang.Object)'> (0x0000000085148e68) thrown at [./src/hotspot/share/interpreter/linkResolver.cpp, line 773]
Event: 4.179 Thread 0x000002960175c000 Exception <a 'java/lang/NoSuchMethodError'{0x0000000085159f70}: 'java.lang.Object java.lang.invoke.DirectMethodHandle$Holder.invokeSpecial(java.lang.Object, java.lang.Object, java.lang.Object, java.lang.Object, java.lang.Object, java.lang.Object, java.lang.Object, java.lang.Object, java.lang.Object, java.lang.Object, java.lang.Object, java.lang.Object)'> (0x0000000085159f70) thrown at [./src/hotspot/share/interpreter/linkResolver.cpp, line 773]
Event: 4.180 Thread 0x000002960175c000 Exception <a 'java/lang/NoSuchMethodError'{0x000000008515f340}: 'java.lang.Object java.lang.invoke.Invokers$Holder.linkToTargetMethod(java.lang.Object, java.lang.Object, java.lang.Object, java.lang.Object, java.lang.Object, java.lang.Object, java.lang.Object, java.lang.Object, java.lang.Object, java.lang.Object, java.lang.Object)'> (0x000000008515f340) thrown at [./src/hotspot/share/interpreter/linkResolver.cpp, line 773]
Event: 4.184 Thread 0x000002960175c000 Exception <a 'java/lang/NoSuchMethodError'{0x0000000085009b50}: 'java.lang.Object java.lang.invoke.DirectMethodHandle$Holder.invokeSpecial(java.lang.Object, java.lang.Object, java.lang.Object, java.lang.Object, java.lang.Object, java.lang.Object, java.lang.Object, java.lang.Object, java.lang.Object, java.lang.Object, java.lang.Object, java.lang.Object, java.lang.Object, java.lang.Object)'> (0x0000000085009b50) thrown at [./src/hotspot/share/interpreter/linkResolver.cpp, line 773]
Event: 4.185 Thread 0x000002960175c000 Exception <a 'java/lang/NoSuchMethodError'{0x000000008501b470}: 'java.lang.Object java.lang.invoke.Invokers$Holder.linkToTargetMethod(java.lang.Object, java.lang.Object, java.lang.Object, java.lang.Object, java.lang.Object, java.lang.Object, java.lang.Object, java.lang.Object, java.lang.Object, java.lang.Object, java.lang.Object, java.lang.Object)'> (0x000000008501b470) thrown at [./src/hotspot/share/interpreter/linkResolver.cpp, line 773]
Event: 4.194 Thread 0x000002960175c000 Exception <a 'java/lang/NoSuchMethodError'{0x0000000084f11160}: 'java.lang.Object java.lang.invoke.DirectMethodHandle$Holder.invokeStaticInit(java.lang.Object, java.lang.Object, java.lang.Object, java.lang.Object)'> (0x0000000084f11160) thrown at [./src/hotspot/share/interpreter/linkResolver.cpp, line 773]
Event: 4.303 Thread 0x000002960175c000 Exception <a 'java/lang/NoSuchMethodError'{0x0000000087d8c6d0}: 'java.lang.Object java.lang.invoke.Invokers$Holder.linkToTargetMethod(java.lang.Object, java.lang.Object, java.lang.Object, java.lang.Object, java.lang.Object, java.lang.Object, java.lang.Object, java.lang.Object)'> (0x0000000087d8c6d0) thrown at [./src/hotspot/share/interpreter/linkResolver.cpp, line 773]
Event: 4.306 Thread 0x000002960175c000 Exception <a 'java/lang/NoSuchMethodError'{0x0000000087de5480}: 'java.lang.Object java.lang.invoke.Invokers$Holder.linkToTargetMethod(java.lang.Object, java.lang.Object, java.lang.Object, java.lang.Object, java.lang.Object, java.lang.Object, java.lang.Object)'> (0x0000000087de5480) thrown at [./src/hotspot/share/interpreter/linkResolver.cpp, line 773]
Event: 4.313 Thread 0x000002960175c000 Exception <a 'java/lang/IncompatibleClassChangeError'{0x0000000087c3e408}: Found class java.lang.Object, but interface was expected> (0x0000000087c3e408) thrown at [./src/hotspot/share/interpreter/linkResolver.cpp, line 839]
Event: 4.569 Thread 0x000002960175c000 Exception <a 'java/lang/NoSuchMethodError'{0x0000000086ea4528}: 'int java.lang.invoke.DirectMethodHandle$Holder.invokeStatic(java.lang.Object, java.lang.Object, java.lang.Object, java.lang.Object, java.lang.Object)'> (0x0000000086ea4528) thrown at [./src/hotspot/share/interpreter/linkResolver.cpp, line 773]
Event: 4.594 Thread 0x000002960175c000 Implicit null exception at 0x0000029670111462 to 0x00000296701128f1
Event: 4.710 Thread 0x000002960175c000 Exception <a 'java/lang/NoSuchMethodError'{0x000000008672eb70}: 'void java.lang.invoke.DirectMethodHandle$Holder.invokeStaticInit(java.lang.Object, java.lang.Object, java.lang.Object)'> (0x000000008672eb70) thrown at [./src/hotspot/share/interpreter/linkResolver.cpp, line 773]
Event: 4.711 Thread 0x000002960175c000 Exception <a 'java/lang/NoSuchMethodError'{0x0000000086736070}: 'void java.lang.invoke.DirectMethodHandle$Holder.invokeStaticInit(java.lang.Object, java.lang.Object, java.lang.Object, java.lang.Object)'> (0x0000000086736070) thrown at [./src/hotspot/share/interpreter/linkResolver.cpp, line 773]
Event: 4.713 Thread 0x000002960175c000 Exception <a 'java/lang/NoSuchMethodError'{0x0000000086758a50}: 'void java.lang.invoke.DirectMethodHandle$Holder.invokeStaticInit(java.lang.Object, java.lang.Object, java.lang.Object, java.lang.Object, java.lang.Object)'> (0x0000000086758a50) thrown at [./src/hotspot/share/interpreter/linkResolver.cpp, line 773]
Event: 4.743 Thread 0x000002960175c000 Exception <a 'java/lang/NoSuchMethodError'{0x00000000867d1010}: 'int java.lang.invoke.DirectMethodHandle$Holder.invokeStaticInit(java.lang.Object, java.lang.Object, java.lang.Object, java.lang.Object)'> (0x00000000867d1010) thrown at [./src/hotspot/share/interpreter/linkResolver.cpp, line 773]

Events (20 events):
Event: 4.747 loading class org/codehaus/groovy/reflection/CacheAccessControlException
Event: 4.747 loading class org/codehaus/groovy/reflection/CacheAccessControlException done
Event: 4.748 loading class org/codehaus/groovy/reflection/CachedMethod$MyComparator
Event: 4.748 loading class org/codehaus/groovy/reflection/CachedMethod$MyComparator done
Event: 4.749 loading class org/codehaus/groovy/reflection/CachedClass$CachedMethodComparatorByName
Event: 4.749 loading class org/codehaus/groovy/reflection/CachedClass$CachedMethodComparatorByName done
Event: 4.751 loading class java/lang/ClassFormatError
Event: 4.751 loading class java/lang/ClassFormatError done
Event: 4.757 loading class java/util/concurrent/CompletableFuture
Event: 4.758 loading class java/util/concurrent/CompletionStage
Event: 4.758 loading class java/util/concurrent/CompletionStage done
Event: 4.758 loading class java/util/concurrent/CompletableFuture done
Event: 4.758 loading class java/lang/ProcessHandle
Event: 4.758 loading class java/lang/ProcessHandle done
Event: 4.758 loading class java/lang/ProcessHandle$Info
Event: 4.758 loading class java/lang/ProcessHandle$Info done
Event: 4.759 loading class groovy/lang/GString$1
Event: 4.759 loading class groovy/lang/GString$1 done
Event: 4.759 loading class groovy/lang/StringWriterIOException
Event: 4.759 loading class groovy/lang/StringWriterIOException done


Dynamic libraries:
0x00007ff7fcb60000 - 0x00007ff7fcb6a000 	C:\Program Files\Android\Android Studio\jre\bin\java.exe
0x00007ffe21210000 - 0x00007ffe21424000 	C:\WINDOWS\SYSTEM32\ntdll.dll
0x00007ffe207b0000 - 0x00007ffe20872000 	C:\WINDOWS\System32\KERNEL32.DLL
0x00007ffe1e7f0000 - 0x00007ffe1eb8d000 	C:\WINDOWS\System32\KERNELBASE.dll
0x00007ffe1e6d0000 - 0x00007ffe1e7e1000 	C:\WINDOWS\System32\ucrtbase.dll
0x00007ffe0dc80000 - 0x00007ffe0dc99000 	C:\Program Files\Android\Android Studio\jre\bin\jli.dll
0x00007ffe18f50000 - 0x00007ffe18f67000 	C:\Program Files\Android\Android Studio\jre\bin\VCRUNTIME140.dll
0x00007ffe20880000 - 0x00007ffe20a2d000 	C:\WINDOWS\System32\USER32.dll
0x00007ffe1ed00000 - 0x00007ffe1ed26000 	C:\WINDOWS\System32\win32u.dll
0x00007ffe02c60000 - 0x00007ffe02eee000 	C:\WINDOWS\WinSxS\amd64_microsoft.windows.common-controls_6595b64144ccf1df_6.0.22621.436_none_a94247dbc10d8414\COMCTL32.dll
0x00007ffe1f370000 - 0x00007ffe1f417000 	C:\WINDOWS\System32\msvcrt.dll
0x00007ffe1f010000 - 0x00007ffe1f039000 	C:\WINDOWS\System32\GDI32.dll
0x00007ffe1edb0000 - 0x00007ffe1eec2000 	C:\WINDOWS\System32\gdi32full.dll
0x00007ffe1e630000 - 0x00007ffe1e6ca000 	C:\WINDOWS\System32\msvcp_win.dll
0x00007ffe20650000 - 0x00007ffe20682000 	C:\WINDOWS\System32\IMM32.DLL
0x00007ffde2cc0000 - 0x00007ffde2d5d000 	C:\Program Files\Android\Android Studio\jre\bin\msvcp140.dll
0x00007ffdab910000 - 0x00007ffdac412000 	C:\Program Files\Android\Android Studio\jre\bin\server\jvm.dll
0x00007ffe1f420000 - 0x00007ffe1f4ce000 	C:\WINDOWS\System32\ADVAPI32.dll
0x00007ffe20690000 - 0x00007ffe20734000 	C:\WINDOWS\System32\sechost.dll
0x00007ffe203f0000 - 0x00007ffe20505000 	C:\WINDOWS\System32\RPCRT4.dll
0x00007ffe1f000000 - 0x00007ffe1f008000 	C:\WINDOWS\System32\PSAPI.DLL
0x00007ffe18710000 - 0x00007ffe18719000 	C:\WINDOWS\SYSTEM32\WSOCK32.dll
0x00007ffe16e80000 - 0x00007ffe16eb4000 	C:\WINDOWS\SYSTEM32\WINMM.dll
0x00007ffe172c0000 - 0x00007ffe172ca000 	C:\WINDOWS\SYSTEM32\VERSION.dll
0x00007ffe1fda0000 - 0x00007ffe1fe11000 	C:\WINDOWS\System32\WS2_32.dll
0x00007ffe1d780000 - 0x00007ffe1d798000 	C:\WINDOWS\SYSTEM32\kernel.appcore.dll
0x00007ffe0dce0000 - 0x00007ffe0dcf1000 	C:\Program Files\Android\Android Studio\jre\bin\verify.dll
0x00007ffe1c050000 - 0x00007ffe1c27e000 	C:\WINDOWS\SYSTEM32\DBGHELP.DLL
0x00007ffe1fec0000 - 0x00007ffe2024a000 	C:\WINDOWS\System32\combase.dll
0x00007ffe1fcc0000 - 0x00007ffe1fd97000 	C:\WINDOWS\System32\OLEAUT32.dll
0x00007ffe07980000 - 0x00007ffe079b2000 	C:\WINDOWS\SYSTEM32\dbgcore.DLL
0x00007ffe1ed30000 - 0x00007ffe1edab000 	C:\WINDOWS\System32\bcryptPrimitives.dll
0x00007ffdf2f40000 - 0x00007ffdf2f69000 	C:\Program Files\Android\Android Studio\jre\bin\java.dll
0x00007ffdff9a0000 - 0x00007ffdff9ab000 	C:\Program Files\Android\Android Studio\jre\bin\jimage.dll
0x00007ffdf2f20000 - 0x00007ffdf2f38000 	C:\Program Files\Android\Android Studio\jre\bin\zip.dll
0x00007ffe1f4d0000 - 0x00007ffe1fcbf000 	C:\WINDOWS\System32\SHELL32.dll
0x00007ffe1c670000 - 0x00007ffe1cf38000 	C:\WINDOWS\SYSTEM32\windows.storage.dll
0x00007ffe1c530000 - 0x00007ffe1c66e000 	C:\WINDOWS\SYSTEM32\wintypes.dll
0x00007ffe20a30000 - 0x00007ffe20b21000 	C:\WINDOWS\System32\SHCORE.dll
0x00007ffe20370000 - 0x00007ffe203ce000 	C:\WINDOWS\System32\shlwapi.dll
0x00007ffe1e560000 - 0x00007ffe1e581000 	C:\WINDOWS\SYSTEM32\profapi.dll
0x00007ffddcea0000 - 0x00007ffddceba000 	C:\Program Files\Android\Android Studio\jre\bin\net.dll
0x00007ffe160c0000 - 0x00007ffe161ef000 	C:\WINDOWS\SYSTEM32\WINHTTP.dll
0x00007ffe1dbe0000 - 0x00007ffe1dc49000 	C:\WINDOWS\system32\mswsock.dll
0x00007ffddce80000 - 0x00007ffddce94000 	C:\Program Files\Android\Android Studio\jre\bin\nio.dll
0x00007ffe17a30000 - 0x00007ffe17a57000 	C:\Users\parma\.gradle\native\e1d6ef7f7dcc3fd88c89a11ec53ec762bb8ba0a96d01ffa2cd45eb1d1d8dd5c5\windows-amd64\native-platform.dll
0x00007ffddb870000 - 0x00007ffddb9b4000 	C:\Users\parma\.gradle\native\0d407fdbe67a94daf76414ababcb853783967236a71b16ec16e742cd7a986fd3\windows-amd64\native-platform-file-events.dll
0x00007ffdf3910000 - 0x00007ffdf391a000 	C:\Program Files\Android\Android Studio\jre\bin\management.dll
0x00007ffdf3500000 - 0x00007ffdf350d000 	C:\Program Files\Android\Android Studio\jre\bin\management_ext.dll
0x00007ffe1de30000 - 0x00007ffe1de4b000 	C:\WINDOWS\SYSTEM32\CRYPTSP.dll
0x00007ffe1d6f0000 - 0x00007ffe1d725000 	C:\WINDOWS\system32\rsaenh.dll
0x00007ffe1dcd0000 - 0x00007ffe1dcf8000 	C:\WINDOWS\SYSTEM32\USERENV.dll
0x00007ffe1dff0000 - 0x00007ffe1e018000 	C:\WINDOWS\SYSTEM32\bcrypt.dll
0x00007ffe1de50000 - 0x00007ffe1de5c000 	C:\WINDOWS\SYSTEM32\CRYPTBASE.dll
0x00007ffe1d200000 - 0x00007ffe1d22d000 	C:\WINDOWS\SYSTEM32\IPHLPAPI.DLL
0x00007ffe1fe20000 - 0x00007ffe1fe29000 	C:\WINDOWS\System32\NSI.dll
0x00007ffe16050000 - 0x00007ffe16069000 	C:\WINDOWS\SYSTEM32\dhcpcsvc6.DLL
0x00007ffe15f80000 - 0x00007ffe15f9f000 	C:\WINDOWS\SYSTEM32\dhcpcsvc.DLL
0x00007ffe1d270000 - 0x00007ffe1d362000 	C:\WINDOWS\SYSTEM32\DNSAPI.dll

dbghelp: loaded successfully - version: 4.0.5 - missing functions: none
symbol engine: initialized successfully - sym options: 0x614 - pdb path: .;C:\Program Files\Android\Android Studio\jre\bin;C:\WINDOWS\SYSTEM32;C:\WINDOWS\WinSxS\amd64_microsoft.windows.common-controls_6595b64144ccf1df_6.0.22621.436_none_a94247dbc10d8414;C:\Program Files\Android\Android Studio\jre\bin\server;C:\Users\parma\.gradle\native\e1d6ef7f7dcc3fd88c89a11ec53ec762bb8ba0a96d01ffa2cd45eb1d1d8dd5c5\windows-amd64;C:\Users\parma\.gradle\native\0d407fdbe67a94daf76414ababcb853783967236a71b16ec16e742cd7a986fd3\windows-amd64

VM Arguments:
jvm_args: --add-opens=java.base/java.util=ALL-UNNAMED --add-opens=java.base/java.lang=ALL-UNNAMED --add-opens=java.base/java.lang.invoke=ALL-UNNAMED --add-opens=java.base/java.util=ALL-UNNAMED --add-opens=java.prefs/java.util.prefs=ALL-UNNAMED --add-opens=java.prefs/java.util.prefs=ALL-UNNAMED --add-opens=java.base/java.nio.charset=ALL-UNNAMED --add-opens=java.base/java.net=ALL-UNNAMED --add-opens=java.base/java.util.concurrent.atomic=ALL-UNNAMED -Xmx2048m -Dfile.encoding=UTF-8 -Duser.country=IN -Duser.language=en -Duser.variant 
java_command: org.gradle.launcher.daemon.bootstrap.GradleDaemon 7.4
java_class_path (initial): C:\Users\parma\.gradle\wrapper\dists\gradle-7.4-bin\c0gwcg53nkjbqw7r0h0umtfvt\gradle-7.4\lib\gradle-launcher-7.4.jar
Launcher Type: SUN_STANDARD

[Global flags]
     intx CICompilerCount                          = 4                                         {product} {ergonomic}
     uint ConcGCThreads                            = 2                                         {product} {ergonomic}
     uint G1ConcRefinementThreads                  = 8                                         {product} {ergonomic}
   size_t G1HeapRegionSize                         = 1048576                                   {product} {ergonomic}
    uintx GCDrainStackTargetSize                   = 64                                        {product} {ergonomic}
   size_t InitialHeapSize                          = 134217728                                 {product} {ergonomic}
   size_t MarkStackSize                            = 4194304                                   {product} {ergonomic}
   size_t MaxHeapSize                              = 2147483648                                {product} {command line}
   size_t MaxNewSize                               = 1287651328                                {product} {ergonomic}
   size_t MinHeapDeltaBytes                        = 1048576                                   {product} {ergonomic}
    uintx NonNMethodCodeHeapSize                   = 5836300                                {pd product} {ergonomic}
    uintx NonProfiledCodeHeapSize                  = 122910970                              {pd product} {ergonomic}
    uintx ProfiledCodeHeapSize                     = 122910970                              {pd product} {ergonomic}
    uintx ReservedCodeCacheSize                    = 251658240                              {pd product} {ergonomic}
     bool SegmentedCodeCache                       = true                                      {product} {ergonomic}
     bool UseCompressedClassPointers               = true                                 {lp64_product} {ergonomic}
     bool UseCompressedOops                        = true                                 {lp64_product} {ergonomic}
     bool UseG1GC                                  = true                                      {product} {ergonomic}
     bool UseLargePagesIndividualAllocation        = false                                  {pd product} {ergonomic}

Logging:
Log output configuration:
 #0: stdout all=warning uptime,level,tags
 #1: stderr all=off uptime,level,tags

Environment Variables:
PATH=C:\Program Files\Common Files\Oracle\Java\javapath;C:\WINDOWS\system32;C:\WINDOWS;C:\WINDOWS\System32\Wbem;C:\WINDOWS\System32\WindowsPowerShell\v1.0\;C:\WINDOWS\System32\OpenSSH\;C:\Program Files (x86)\NVIDIA Corporation\PhysX\Common;C:\Program Files\dotnet\;C:\Users\parma\AppData\Local\Microsoft\WindowsApps;C:\Users\parma\AppData\Local\Programs\Microsoft VS Code\bin;C:\Program Files\Java\jdk-19\bin;
USERNAME=parma
OS=Windows_NT
PROCESSOR_IDENTIFIER=Intel64 Family 6 Model 142 Stepping 10, GenuineIntel



---------------  S Y S T E M  ---------------

OS: Windows 11 , 64 bit Build 22621 (10.0.22621.1028)
OS uptime: 1 days 2:00 hours

CPU:total 8 (initial active 8) (4 cores per cpu, 2 threads per core) family 6 model 142 stepping 10 microcode 0xe0, cmov, cx8, fxsr, mmx, sse, sse2, sse3, ssse3, sse4.1, sse4.2, popcnt, avx, avx2, aes, clmul, erms, 3dnowpref, lzcnt, ht, tsc, tscinvbit, bmi1, bmi2, adx, fma

Memory: 4k page, system-wide physical 8103M (404M free)
TotalPageFile size 9103M (AvailPageFile size 5M)
current process WorkingSet (physical memory assigned to process): 227M, peak: 227M
current process commit charge ("private bytes"): 300M, peak: 301M

vm_info: OpenJDK 64-Bit Server VM (11.0.13+0-b1751.21-8125866) for windows-amd64 JRE (11.0.13+0-b1751.21-8125866), built on Feb  2 2022 03:00:22 by "builder" with MS VC++ 14.0 (VS2015)

END.
